{"/Users/jasonmu/OnboardingV2/force-app/main/default/lwc/accountProgramOnboardingModal/accountProgramOnboardingModal.js": {"path":"/Users/jasonmu/OnboardingV2/force-app/main/default/lwc/accountProgramOnboardingModal/accountProgramOnboardingModal.js","statementMap":{"0":{"start":{"line":1,"column":25},"end":{"line":1,"column":null}},"1":{"start":{"line":2,"column":0},"end":{"line":2,"column":null}},"2":{"start":{"line":3,"column":0},"end":{"line":3,"column":null}},"3":{"start":{"line":4,"column":0},"end":{"line":4,"column":null}},"4":{"start":{"line":5,"column":0},"end":{"line":5,"column":null}},"5":{"start":{"line":15,"column":0},"end":{"line":15,"column":76}},"6":{"start":{"line":15,"column":76},"end":{"line":15,"column":null}},"7":{"start":{"line":14,"column":0},"end":{"line":14,"column":null}},"8":{"start":{"line":19,"column":93},"end":{"line":19,"column":null}},"9":{"start":{"line":19,"column":93},"end":{"line":20,"column":19}},"10":{"start":{"line":20,"column":19},"end":{"line":21,"column":26}},"11":{"start":{"line":21,"column":26},"end":{"line":23,"column":null}},"12":{"start":{"line":23,"column":29},"end":{"line":24,"column":null}},"13":{"start":{"line":24,"column":36},"end":{"line":25,"column":null}},"14":{"start":{"line":25,"column":32},"end":{"line":26,"column":null}},"15":{"start":{"line":26,"column":40},"end":{"line":27,"column":null}},"16":{"start":{"line":27,"column":30},"end":{"line":28,"column":null}},"17":{"start":{"line":28,"column":33},"end":{"line":29,"column":null}},"18":{"start":{"line":29,"column":26},"end":{"line":30,"column":null}},"19":{"start":{"line":30,"column":28},"end":{"line":31,"column":null}},"20":{"start":{"line":31,"column":24},"end":{"line":32,"column":null}},"21":{"start":{"line":32,"column":40},"end":{"line":33,"column":null}},"22":{"start":{"line":33,"column":30},"end":{"line":35,"column":null}},"23":{"start":{"line":35,"column":23},"end":{"line":36,"column":null}},"24":{"start":{"line":36,"column":35},"end":{"line":37,"column":null}},"25":{"start":{"line":37,"column":23},"end":{"line":38,"column":null}},"26":{"start":{"line":38,"column":28},"end":{"line":39,"column":null}},"27":{"start":{"line":42,"column":8},"end":{"line":42,"column":null}},"28":{"start":{"line":43,"column":8},"end":{"line":43,"column":null}},"29":{"start":{"line":44,"column":8},"end":{"line":44,"column":null}},"30":{"start":{"line":45,"column":8},"end":{"line":45,"column":null}},"31":{"start":{"line":51,"column":8},"end":{"line":65,"column":null}},"32":{"start":{"line":53,"column":28},"end":{"line":53,"column":63}},"33":{"start":{"line":54,"column":30},"end":{"line":59,"column":13}},"34":{"start":{"line":56,"column":20},"end":{"line":58,"column":null}},"35":{"start":{"line":60,"column":12},"end":{"line":60,"column":null}},"36":{"start":{"line":61,"column":12},"end":{"line":61,"column":null}},"37":{"start":{"line":62,"column":15},"end":{"line":65,"column":null}},"38":{"start":{"line":63,"column":12},"end":{"line":63,"column":null}},"39":{"start":{"line":64,"column":12},"end":{"line":64,"column":37}},"40":{"start":{"line":70,"column":8},"end":{"line":79,"column":null}},"41":{"start":{"line":71,"column":12},"end":{"line":71,"column":null}},"42":{"start":{"line":71,"column":54},"end":{"line":71,"column":88}},"43":{"start":{"line":72,"column":38},"end":{"line":72,"column":102}},"44":{"start":{"line":72,"column":71},"end":{"line":72,"column":101}},"45":{"start":{"line":73,"column":12},"end":{"line":75,"column":null}},"46":{"start":{"line":74,"column":16},"end":{"line":74,"column":null}},"47":{"start":{"line":76,"column":15},"end":{"line":79,"column":null}},"48":{"start":{"line":77,"column":12},"end":{"line":77,"column":null}},"49":{"start":{"line":78,"column":12},"end":{"line":78,"column":null}},"50":{"start":{"line":83,"column":8},"end":{"line":83,"column":null}},"51":{"start":{"line":87,"column":36},"end":{"line":87,"column":68}},"52":{"start":{"line":87,"column":60},"end":{"line":87,"column":67}},"53":{"start":{"line":88,"column":8},"end":{"line":95,"column":null}},"54":{"start":{"line":100,"column":8},"end":{"line":100,"column":null}},"55":{"start":{"line":101,"column":8},"end":{"line":114,"column":null}},"56":{"start":{"line":102,"column":27},"end":{"line":102,"column":77}},"57":{"start":{"line":103,"column":12},"end":{"line":103,"column":null}},"58":{"start":{"line":104,"column":12},"end":{"line":104,"column":null}},"59":{"start":{"line":105,"column":12},"end":{"line":105,"column":null}},"60":{"start":{"line":106,"column":12},"end":{"line":106,"column":null}},"61":{"start":{"line":108,"column":12},"end":{"line":108,"column":null}},"62":{"start":{"line":110,"column":12},"end":{"line":110,"column":null}},"63":{"start":{"line":111,"column":12},"end":{"line":111,"column":null}},"64":{"start":{"line":113,"column":12},"end":{"line":113,"column":null}},"65":{"start":{"line":118,"column":8},"end":{"line":138,"column":null}},"66":{"start":{"line":119,"column":28},"end":{"line":119,"column":84}},"67":{"start":{"line":120,"column":35},"end":{"line":126,"column":21}},"68":{"start":{"line":120,"column":54},"end":{"line":126,"column":13}},"69":{"start":{"line":127,"column":12},"end":{"line":129,"column":null}},"70":{"start":{"line":128,"column":16},"end":{"line":128,"column":null}},"71":{"start":{"line":130,"column":12},"end":{"line":133,"column":null}},"72":{"start":{"line":130,"column":53},"end":{"line":133,"column":13}},"73":{"start":{"line":135,"column":12},"end":{"line":135,"column":null}},"74":{"start":{"line":136,"column":12},"end":{"line":136,"column":null}},"75":{"start":{"line":137,"column":12},"end":{"line":137,"column":null}},"76":{"start":{"line":142,"column":8},"end":{"line":147,"column":null}},"77":{"start":{"line":151,"column":8},"end":{"line":151,"column":null}},"78":{"start":{"line":155,"column":8},"end":{"line":157,"column":null}},"79":{"start":{"line":156,"column":12},"end":{"line":156,"column":null}},"80":{"start":{"line":158,"column":8},"end":{"line":158,"column":null}},"81":{"start":{"line":159,"column":8},"end":{"line":181,"column":null}},"82":{"start":{"line":160,"column":29},"end":{"line":166,"column":14}},"83":{"start":{"line":167,"column":12},"end":{"line":170,"column":null}},"84":{"start":{"line":167,"column":53},"end":{"line":170,"column":13}},"85":{"start":{"line":171,"column":12},"end":{"line":173,"column":null}},"86":{"start":{"line":172,"column":16},"end":{"line":172,"column":null}},"87":{"start":{"line":175,"column":12},"end":{"line":175,"column":null}},"88":{"start":{"line":176,"column":12},"end":{"line":176,"column":null}},"89":{"start":{"line":177,"column":12},"end":{"line":177,"column":null}},"90":{"start":{"line":178,"column":12},"end":{"line":178,"column":null}},"91":{"start":{"line":180,"column":12},"end":{"line":180,"column":null}},"92":{"start":{"line":185,"column":8},"end":{"line":185,"column":null}},"93":{"start":{"line":189,"column":26},"end":{"line":189,"column":56}},"94":{"start":{"line":190,"column":22},"end":{"line":190,"column":40}},"95":{"start":{"line":191,"column":8},"end":{"line":191,"column":null}},"96":{"start":{"line":191,"column":47},"end":{"line":191,"column":100}},"97":{"start":{"line":195,"column":27},"end":{"line":195,"column":45}},"98":{"start":{"line":196,"column":8},"end":{"line":196,"column":null}},"99":{"start":{"line":197,"column":8},"end":{"line":200,"column":null}},"100":{"start":{"line":197,"column":48},"end":{"line":200,"column":9}},"101":{"start":{"line":204,"column":8},"end":{"line":204,"column":null}},"102":{"start":{"line":208,"column":8},"end":{"line":208,"column":null}},"103":{"start":{"line":212,"column":8},"end":{"line":212,"column":null}},"104":{"start":{"line":216,"column":30},"end":{"line":218,"column":10}},"105":{"start":{"line":219,"column":8},"end":{"line":228,"column":null}},"106":{"start":{"line":232,"column":8},"end":{"line":232,"column":null}},"107":{"start":{"line":236,"column":8},"end":{"line":238,"column":null}},"108":{"start":{"line":237,"column":12},"end":{"line":237,"column":null}},"109":{"start":{"line":239,"column":8},"end":{"line":239,"column":null}},"110":{"start":{"line":240,"column":8},"end":{"line":306,"column":null}},"111":{"start":{"line":241,"column":12},"end":{"line":244,"column":null}},"112":{"start":{"line":242,"column":16},"end":{"line":242,"column":null}},"113":{"start":{"line":243,"column":16},"end":{"line":243,"column":null}},"114":{"start":{"line":245,"column":32},"end":{"line":245,"column":64}},"115":{"start":{"line":245,"column":56},"end":{"line":245,"column":63}},"116":{"start":{"line":246,"column":12},"end":{"line":249,"column":null}},"117":{"start":{"line":247,"column":16},"end":{"line":247,"column":null}},"118":{"start":{"line":248,"column":16},"end":{"line":248,"column":null}},"119":{"start":{"line":252,"column":12},"end":{"line":254,"column":null}},"120":{"start":{"line":253,"column":16},"end":{"line":253,"column":null}},"121":{"start":{"line":257,"column":26},"end":{"line":263,"column":14}},"122":{"start":{"line":266,"column":12},"end":{"line":273,"column":null}},"123":{"start":{"line":267,"column":16},"end":{"line":272,"column":null}},"124":{"start":{"line":276,"column":37},"end":{"line":280,"column":14}},"125":{"start":{"line":283,"column":26},"end":{"line":289,"column":14}},"126":{"start":{"line":291,"column":27},"end":{"line":298,"column":13}},"127":{"start":{"line":299,"column":12},"end":{"line":299,"column":null}},"128":{"start":{"line":300,"column":12},"end":{"line":300,"column":null}},"129":{"start":{"line":302,"column":12},"end":{"line":302,"column":null}},"130":{"start":{"line":303,"column":12},"end":{"line":303,"column":null}},"131":{"start":{"line":305,"column":12},"end":{"line":305,"column":null}},"132":{"start":{"line":310,"column":22},"end":{"line":310,"column":32}},"133":{"start":{"line":311,"column":23},"end":{"line":311,"column":33}},"134":{"start":{"line":312,"column":8},"end":{"line":312,"column":null}},"135":{"start":{"line":313,"column":8},"end":{"line":313,"column":null}},"136":{"start":{"line":317,"column":8},"end":{"line":324,"column":null}},"137":{"start":{"line":326,"column":1},"end":{"line":68,"column":65}},"138":{"start":{"line":49,"column":23},"end":{"line":49,"column":null}},"139":{"start":{"line":68,"column":27},"end":{"line":68,"column":65}},"140":{"start":{"line":68,"column":43},"end":{"line":19,"column":59}},"141":{"start":{"line":19,"column":50},"end":{"line":19,"column":15}}},"fnMap":{"0":{"name":"_interopRequireDefault","decl":{"start":{"line":15,"column":76},"end":{"line":15,"column":null}},"loc":{"start":{"line":15,"column":76},"end":{"line":15,"column":null}}},"1":{"name":"(anonymous_9)","decl":{"start":{"line":19,"column":93},"end":{"line":19,"column":null}},"loc":{"start":{"line":19,"column":93},"end":{"line":39,"column":null}}},"2":{"name":"(anonymous_10)","decl":{"start":{"line":41,"column":4},"end":{"line":41,"column":21}},"loc":{"start":{"line":41,"column":24},"end":{"line":46,"column":null}}},"3":{"name":"(anonymous_11)","decl":{"start":{"line":50,"column":4},"end":{"line":50,"column":24}},"loc":{"start":{"line":50,"column":42},"end":{"line":66,"column":null}}},"4":{"name":"(anonymous_12)","decl":{"start":{"line":55,"column":16},"end":{"line":55,"column":18}},"loc":{"start":{"line":56,"column":20},"end":{"line":58,"column":null}}},"5":{"name":"(anonymous_13)","decl":{"start":{"line":69,"column":4},"end":{"line":69,"column":22}},"loc":{"start":{"line":69,"column":40},"end":{"line":80,"column":null}}},"6":{"name":"(anonymous_14)","decl":{"start":{"line":71,"column":48},"end":{"line":71,"column":49}},"loc":{"start":{"line":71,"column":54},"end":{"line":71,"column":88}}},"7":{"name":"(anonymous_15)","decl":{"start":{"line":72,"column":61},"end":{"line":72,"column":67}},"loc":{"start":{"line":72,"column":71},"end":{"line":72,"column":101}}},"8":{"name":"(anonymous_16)","decl":{"start":{"line":82,"column":4},"end":{"line":82,"column":8}},"loc":{"start":{"line":82,"column":24},"end":{"line":84,"column":null}}},"9":{"name":"(anonymous_17)","decl":{"start":{"line":86,"column":4},"end":{"line":86,"column":8}},"loc":{"start":{"line":86,"column":22},"end":{"line":97,"column":null}}},"10":{"name":"(anonymous_18)","decl":{"start":{"line":87,"column":55},"end":{"line":87,"column":56}},"loc":{"start":{"line":87,"column":60},"end":{"line":87,"column":67}}},"11":{"name":"(anonymous_19)","decl":{"start":{"line":99,"column":4},"end":{"line":99,"column":10}},"loc":{"start":{"line":99,"column":28},"end":{"line":115,"column":null}}},"12":{"name":"(anonymous_20)","decl":{"start":{"line":117,"column":4},"end":{"line":117,"column":10}},"loc":{"start":{"line":117,"column":25},"end":{"line":139,"column":null}}},"13":{"name":"(anonymous_21)","decl":{"start":{"line":120,"column":48},"end":{"line":120,"column":49}},"loc":{"start":{"line":120,"column":54},"end":{"line":126,"column":13}}},"14":{"name":"(anonymous_22)","decl":{"start":{"line":130,"column":47},"end":{"line":130,"column":48}},"loc":{"start":{"line":130,"column":53},"end":{"line":133,"column":13}}},"15":{"name":"(anonymous_23)","decl":{"start":{"line":141,"column":4},"end":{"line":141,"column":23}},"loc":{"start":{"line":141,"column":26},"end":{"line":148,"column":null}}},"16":{"name":"(anonymous_24)","decl":{"start":{"line":150,"column":4},"end":{"line":150,"column":22}},"loc":{"start":{"line":150,"column":30},"end":{"line":152,"column":null}}},"17":{"name":"(anonymous_25)","decl":{"start":{"line":154,"column":4},"end":{"line":154,"column":10}},"loc":{"start":{"line":154,"column":25},"end":{"line":182,"column":null}}},"18":{"name":"(anonymous_26)","decl":{"start":{"line":167,"column":47},"end":{"line":167,"column":48}},"loc":{"start":{"line":167,"column":53},"end":{"line":170,"column":13}}},"19":{"name":"(anonymous_27)","decl":{"start":{"line":184,"column":4},"end":{"line":184,"column":23}},"loc":{"start":{"line":184,"column":31},"end":{"line":186,"column":null}}},"20":{"name":"(anonymous_28)","decl":{"start":{"line":188,"column":4},"end":{"line":188,"column":27}},"loc":{"start":{"line":188,"column":35},"end":{"line":192,"column":null}}},"21":{"name":"(anonymous_29)","decl":{"start":{"line":191,"column":42},"end":{"line":191,"column":43}},"loc":{"start":{"line":191,"column":47},"end":{"line":191,"column":100}}},"22":{"name":"(anonymous_30)","decl":{"start":{"line":194,"column":4},"end":{"line":194,"column":23}},"loc":{"start":{"line":194,"column":31},"end":{"line":201,"column":null}}},"23":{"name":"(anonymous_31)","decl":{"start":{"line":197,"column":42},"end":{"line":197,"column":43}},"loc":{"start":{"line":197,"column":48},"end":{"line":200,"column":9}}},"24":{"name":"(anonymous_32)","decl":{"start":{"line":203,"column":4},"end":{"line":203,"column":23}},"loc":{"start":{"line":203,"column":31},"end":{"line":205,"column":null}}},"25":{"name":"(anonymous_33)","decl":{"start":{"line":207,"column":4},"end":{"line":207,"column":24}},"loc":{"start":{"line":207,"column":32},"end":{"line":209,"column":null}}},"26":{"name":"(anonymous_34)","decl":{"start":{"line":211,"column":4},"end":{"line":211,"column":28}},"loc":{"start":{"line":211,"column":36},"end":{"line":213,"column":null}}},"27":{"name":"(anonymous_35)","decl":{"start":{"line":215,"column":4},"end":{"line":215,"column":23}},"loc":{"start":{"line":215,"column":26},"end":{"line":229,"column":null}}},"28":{"name":"(anonymous_36)","decl":{"start":{"line":231,"column":4},"end":{"line":231,"column":16}},"loc":{"start":{"line":231,"column":19},"end":{"line":233,"column":null}}},"29":{"name":"(anonymous_37)","decl":{"start":{"line":235,"column":4},"end":{"line":235,"column":10}},"loc":{"start":{"line":235,"column":23},"end":{"line":307,"column":null}}},"30":{"name":"(anonymous_38)","decl":{"start":{"line":245,"column":51},"end":{"line":245,"column":52}},"loc":{"start":{"line":245,"column":56},"end":{"line":245,"column":63}}},"31":{"name":"(anonymous_39)","decl":{"start":{"line":309,"column":4},"end":{"line":309,"column":27}},"loc":{"start":{"line":309,"column":30},"end":{"line":314,"column":null}}},"32":{"name":"(anonymous_40)","decl":{"start":{"line":316,"column":4},"end":{"line":316,"column":13}},"loc":{"start":{"line":316,"column":39},"end":{"line":325,"column":5}}},"33":{"name":"(anonymous_41)","decl":{"start":{"line":49,"column":23},"end":{"line":49,"column":27}},"loc":{"start":{"line":49,"column":23},"end":{"line":49,"column":null}}},"34":{"name":"(anonymous_42)","decl":{"start":{"line":68,"column":27},"end":{"line":68,"column":31}},"loc":{"start":{"line":68,"column":27},"end":{"line":68,"column":65}}}},"branchMap":{"0":{"loc":{"start":{"line":15,"column":76},"end":{"line":15,"column":null}},"type":"cond-expr","locations":[{"start":{"line":15,"column":76},"end":{"line":15,"column":null}},{"start":{"line":15,"column":76},"end":{"line":15,"column":null}}]},"1":{"loc":{"start":{"line":51,"column":8},"end":{"line":65,"column":null}},"type":"if","locations":[{"start":{"line":51,"column":8},"end":{"line":65,"column":null}},{"start":{"line":62,"column":15},"end":{"line":65,"column":null}}]},"2":{"loc":{"start":{"line":51,"column":12},"end":{"line":51,"column":40}},"type":"binary-expr","locations":[{"start":{"line":51,"column":12},"end":{"line":51,"column":16}},{"start":{"line":51,"column":20},"end":{"line":51,"column":40}}]},"3":{"loc":{"start":{"line":56,"column":20},"end":{"line":58,"column":null}},"type":"binary-expr","locations":[{"start":{"line":56,"column":20},"end":{"line":56,"column":53}},{"start":{"line":57,"column":20},"end":{"line":57,"column":62}},{"start":{"line":58,"column":20},"end":{"line":58,"column":null}}]},"4":{"loc":{"start":{"line":60,"column":35},"end":{"line":60,"column":96}},"type":"cond-expr","locations":[{"start":{"line":60,"column":47},"end":{"line":60,"column":69}},{"start":{"line":60,"column":72},"end":{"line":60,"column":96}}]},"5":{"loc":{"start":{"line":62,"column":15},"end":{"line":65,"column":null}},"type":"if","locations":[{"start":{"line":62,"column":15},"end":{"line":65,"column":null}}]},"6":{"loc":{"start":{"line":70,"column":8},"end":{"line":79,"column":null}},"type":"if","locations":[{"start":{"line":70,"column":8},"end":{"line":79,"column":null}},{"start":{"line":76,"column":15},"end":{"line":79,"column":null}}]},"7":{"loc":{"start":{"line":73,"column":12},"end":{"line":75,"column":null}},"type":"if","locations":[{"start":{"line":73,"column":12},"end":{"line":75,"column":null}}]},"8":{"loc":{"start":{"line":73,"column":16},"end":{"line":73,"column":62}},"type":"binary-expr","locations":[{"start":{"line":73,"column":16},"end":{"line":73,"column":34}},{"start":{"line":73,"column":38},"end":{"line":73,"column":62}}]},"9":{"loc":{"start":{"line":76,"column":15},"end":{"line":79,"column":null}},"type":"if","locations":[{"start":{"line":76,"column":15},"end":{"line":79,"column":null}}]},"10":{"loc":{"start":{"line":83,"column":15},"end":{"line":83,"column":86}},"type":"binary-expr","locations":[{"start":{"line":83,"column":15},"end":{"line":83,"column":29}},{"start":{"line":83,"column":33},"end":{"line":83,"column":49}},{"start":{"line":83,"column":53},"end":{"line":83,"column":86}}]},"11":{"loc":{"start":{"line":89,"column":12},"end":{"line":95,"column":42}},"type":"binary-expr","locations":[{"start":{"line":89,"column":12},"end":{"line":89,"column":26}},{"start":{"line":90,"column":12},"end":{"line":90,"column":35}},{"start":{"line":91,"column":12},"end":{"line":91,"column":31}},{"start":{"line":92,"column":12},"end":{"line":92,"column":25}},{"start":{"line":93,"column":12},"end":{"line":93,"column":26}},{"start":{"line":94,"column":12},"end":{"line":94,"column":38}},{"start":{"line":95,"column":12},"end":{"line":95,"column":42}}]},"12":{"loc":{"start":{"line":103,"column":37},"end":{"line":103,"column":71}},"type":"binary-expr","locations":[{"start":{"line":103,"column":37},"end":{"line":103,"column":62}},{"start":{"line":103,"column":66},"end":{"line":103,"column":71}}]},"13":{"loc":{"start":{"line":104,"column":33},"end":{"line":104,"column":56}},"type":"binary-expr","locations":[{"start":{"line":104,"column":33},"end":{"line":104,"column":47}},{"start":{"line":104,"column":51},"end":{"line":104,"column":56}}]},"14":{"loc":{"start":{"line":105,"column":41},"end":{"line":105,"column":72}},"type":"binary-expr","locations":[{"start":{"line":105,"column":41},"end":{"line":105,"column":63}},{"start":{"line":105,"column":67},"end":{"line":105,"column":72}}]},"15":{"loc":{"start":{"line":120,"column":35},"end":{"line":126,"column":21}},"type":"binary-expr","locations":[{"start":{"line":120,"column":35},"end":{"line":126,"column":15}},{"start":{"line":126,"column":19},"end":{"line":126,"column":21}}]},"16":{"loc":{"start":{"line":127,"column":12},"end":{"line":129,"column":null}},"type":"if","locations":[{"start":{"line":127,"column":12},"end":{"line":129,"column":null}}]},"17":{"loc":{"start":{"line":127,"column":16},"end":{"line":127,"column":71}},"type":"binary-expr","locations":[{"start":{"line":127,"column":16},"end":{"line":127,"column":46}},{"start":{"line":127,"column":50},"end":{"line":127,"column":71}}]},"18":{"loc":{"start":{"line":155,"column":8},"end":{"line":157,"column":null}},"type":"if","locations":[{"start":{"line":155,"column":8},"end":{"line":157,"column":null}}]},"19":{"loc":{"start":{"line":168,"column":37},"end":{"line":168,"column":66}},"type":"binary-expr","locations":[{"start":{"line":168,"column":37},"end":{"line":168,"column":54}},{"start":{"line":168,"column":58},"end":{"line":168,"column":66}}]},"20":{"loc":{"start":{"line":171,"column":12},"end":{"line":173,"column":null}},"type":"if","locations":[{"start":{"line":171,"column":12},"end":{"line":173,"column":null}}]},"21":{"loc":{"start":{"line":191,"column":47},"end":{"line":191,"column":100}},"type":"cond-expr","locations":[{"start":{"line":191,"column":75},"end":{"line":191,"column":96}},{"start":{"line":191,"column":99},"end":{"line":191,"column":100}}]},"22":{"loc":{"start":{"line":236,"column":8},"end":{"line":238,"column":null}},"type":"if","locations":[{"start":{"line":236,"column":8},"end":{"line":238,"column":null}}]},"23":{"loc":{"start":{"line":241,"column":12},"end":{"line":244,"column":null}},"type":"if","locations":[{"start":{"line":241,"column":12},"end":{"line":244,"column":null}}]},"24":{"loc":{"start":{"line":246,"column":12},"end":{"line":249,"column":null}},"type":"if","locations":[{"start":{"line":246,"column":12},"end":{"line":249,"column":null}}]},"25":{"loc":{"start":{"line":321,"column":25},"end":{"line":321,"column":42}},"type":"binary-expr","locations":[{"start":{"line":321,"column":25},"end":{"line":321,"column":32}},{"start":{"line":321,"column":36},"end":{"line":321,"column":42}}]}},"s":{"0":0,"1":0,"2":0,"3":0,"4":0,"5":0,"6":0,"7":0,"8":0,"9":0,"10":0,"11":0,"12":0,"13":0,"14":0,"15":0,"16":0,"17":0,"18":0,"19":0,"20":0,"21":0,"22":0,"23":0,"24":0,"25":0,"26":0,"27":0,"28":0,"29":0,"30":0,"31":0,"32":0,"33":0,"34":0,"35":0,"36":0,"37":0,"38":0,"39":0,"40":0,"41":0,"42":0,"43":0,"44":0,"45":0,"46":0,"47":0,"48":0,"49":0,"50":0,"51":0,"52":0,"53":0,"54":0,"55":0,"56":0,"57":0,"58":0,"59":0,"60":0,"61":0,"62":0,"63":0,"64":0,"65":0,"66":0,"67":0,"68":0,"69":0,"70":0,"71":0,"72":0,"73":0,"74":0,"75":0,"76":0,"77":0,"78":0,"79":0,"80":0,"81":0,"82":0,"83":0,"84":0,"85":0,"86":0,"87":0,"88":0,"89":0,"90":0,"91":0,"92":0,"93":0,"94":0,"95":0,"96":0,"97":0,"98":0,"99":0,"100":0,"101":0,"102":0,"103":0,"104":0,"105":0,"106":0,"107":0,"108":0,"109":0,"110":0,"111":0,"112":0,"113":0,"114":0,"115":0,"116":0,"117":0,"118":0,"119":0,"120":0,"121":0,"122":0,"123":0,"124":0,"125":0,"126":0,"127":0,"128":0,"129":0,"130":0,"131":0,"132":0,"133":0,"134":0,"135":0,"136":0,"137":0,"138":0,"139":0,"140":0,"141":0},"f":{"0":0,"1":0,"2":0,"3":0,"4":0,"5":0,"6":0,"7":0,"8":0,"9":0,"10":0,"11":0,"12":0,"13":0,"14":0,"15":0,"16":0,"17":0,"18":0,"19":0,"20":0,"21":0,"22":0,"23":0,"24":0,"25":0,"26":0,"27":0,"28":0,"29":0,"30":0,"31":0,"32":0,"33":0,"34":0},"b":{"0":[0,0],"1":[0,0],"2":[0,0],"3":[0,0,0],"4":[0,0],"5":[0],"6":[0,0],"7":[0],"8":[0,0],"9":[0],"10":[0,0,0],"11":[0,0,0,0,0,0,0],"12":[0,0],"13":[0,0],"14":[0,0],"15":[0,0],"16":[0],"17":[0,0],"18":[0],"19":[0,0],"20":[0],"21":[0,0],"22":[0],"23":[0],"24":[0],"25":[0,0]}}
,"/Users/jasonmu/OnboardingV2/force-app/main/default/lwc/adobeSyncFailuresTab/adobeSyncFailuresTab.js": {"path":"/Users/jasonmu/OnboardingV2/force-app/main/default/lwc/adobeSyncFailuresTab/adobeSyncFailuresTab.js","statementMap":{"0":{"start":{"line":1,"column":25},"end":{"line":1,"column":null}},"1":{"start":{"line":2,"column":0},"end":{"line":2,"column":null}},"2":{"start":{"line":3,"column":0},"end":{"line":3,"column":65}},"3":{"start":{"line":3,"column":65},"end":{"line":3,"column":null}},"4":{"start":{"line":8,"column":84},"end":{"line":8,"column":null}},"5":{"start":{"line":8,"column":84},"end":{"line":9,"column":null}},"6":{"start":{"line":9,"column":24},"end":{"line":10,"column":null}},"7":{"start":{"line":10,"column":32},"end":{"line":11,"column":null}},"8":{"start":{"line":11,"column":28},"end":{"line":12,"column":null}},"9":{"start":{"line":12,"column":28},"end":{"line":13,"column":29}},"10":{"start":{"line":13,"column":29},"end":{"line":18,"column":null}},"11":{"start":{"line":18,"column":5},"end":{"line":51,"column":null}},"12":{"start":{"line":58,"column":8},"end":{"line":58,"column":null}},"13":{"start":{"line":59,"column":8},"end":{"line":65,"column":null}},"14":{"start":{"line":60,"column":12},"end":{"line":60,"column":null}},"15":{"start":{"line":61,"column":12},"end":{"line":61,"column":null}},"16":{"start":{"line":62,"column":15},"end":{"line":65,"column":null}},"17":{"start":{"line":63,"column":12},"end":{"line":63,"column":null}},"18":{"start":{"line":64,"column":12},"end":{"line":64,"column":null}},"19":{"start":{"line":69,"column":27},"end":{"line":69,"column":51}},"20":{"start":{"line":70,"column":20},"end":{"line":70,"column":36}},"21":{"start":{"line":72,"column":8},"end":{"line":82,"column":null}},"22":{"start":{"line":74,"column":16},"end":{"line":74,"column":null}},"23":{"start":{"line":75,"column":16},"end":{"line":75,"column":null}},"24":{"start":{"line":77,"column":16},"end":{"line":77,"column":null}},"25":{"start":{"line":78,"column":16},"end":{"line":78,"column":null}},"26":{"start":{"line":80,"column":16},"end":{"line":80,"column":null}},"27":{"start":{"line":81,"column":16},"end":{"line":81,"column":null}},"28":{"start":{"line":86,"column":8},"end":{"line":86,"column":null}},"29":{"start":{"line":87,"column":8},"end":{"line":95,"column":null}},"30":{"start":{"line":89,"column":16},"end":{"line":89,"column":null}},"31":{"start":{"line":90,"column":16},"end":{"line":90,"column":null}},"32":{"start":{"line":93,"column":16},"end":{"line":93,"column":null}},"33":{"start":{"line":94,"column":16},"end":{"line":94,"column":null}},"34":{"start":{"line":99,"column":8},"end":{"line":105,"column":null}},"35":{"start":{"line":109,"column":8},"end":{"line":109,"column":null}},"36":{"start":{"line":110,"column":8},"end":{"line":118,"column":null}},"37":{"start":{"line":112,"column":16},"end":{"line":112,"column":null}},"38":{"start":{"line":113,"column":16},"end":{"line":113,"column":null}},"39":{"start":{"line":116,"column":16},"end":{"line":116,"column":null}},"40":{"start":{"line":117,"column":16},"end":{"line":117,"column":null}},"41":{"start":{"line":122,"column":8},"end":{"line":122,"column":null}},"42":{"start":{"line":123,"column":8},"end":{"line":123,"column":null}},"43":{"start":{"line":127,"column":8},"end":{"line":127,"column":null}},"44":{"start":{"line":128,"column":8},"end":{"line":128,"column":null}},"45":{"start":{"line":132,"column":8},"end":{"line":132,"column":null}},"46":{"start":{"line":133,"column":8},"end":{"line":133,"column":null}},"47":{"start":{"line":137,"column":8},"end":{"line":137,"column":null}},"48":{"start":{"line":138,"column":8},"end":{"line":138,"column":null}},"49":{"start":{"line":142,"column":8},"end":{"line":142,"column":null}},"50":{"start":{"line":146,"column":8},"end":{"line":149,"column":null}},"51":{"start":{"line":147,"column":12},"end":{"line":147,"column":null}},"52":{"start":{"line":148,"column":12},"end":{"line":148,"column":null}},"53":{"start":{"line":151,"column":8},"end":{"line":151,"column":null}},"54":{"start":{"line":152,"column":27},"end":{"line":152,"column":63}},"55":{"start":{"line":152,"column":56},"end":{"line":152,"column":62}},"56":{"start":{"line":154,"column":8},"end":{"line":162,"column":null}},"57":{"start":{"line":154,"column":41},"end":{"line":154,"column":74}},"58":{"start":{"line":156,"column":16},"end":{"line":156,"column":null}},"59":{"start":{"line":157,"column":16},"end":{"line":157,"column":null}},"60":{"start":{"line":160,"column":16},"end":{"line":160,"column":null}},"61":{"start":{"line":161,"column":16},"end":{"line":161,"column":null}},"62":{"start":{"line":166,"column":8},"end":{"line":169,"column":null}},"63":{"start":{"line":167,"column":12},"end":{"line":167,"column":null}},"64":{"start":{"line":168,"column":12},"end":{"line":168,"column":null}},"65":{"start":{"line":171,"column":8},"end":{"line":171,"column":null}},"66":{"start":{"line":172,"column":27},"end":{"line":172,"column":63}},"67":{"start":{"line":172,"column":56},"end":{"line":172,"column":62}},"68":{"start":{"line":174,"column":8},"end":{"line":182,"column":null}},"69":{"start":{"line":174,"column":41},"end":{"line":174,"column":83}},"70":{"start":{"line":176,"column":16},"end":{"line":176,"column":null}},"71":{"start":{"line":177,"column":16},"end":{"line":177,"column":null}},"72":{"start":{"line":180,"column":16},"end":{"line":180,"column":null}},"73":{"start":{"line":181,"column":16},"end":{"line":181,"column":null}},"74":{"start":{"line":187,"column":8},"end":{"line":187,"column":null}},"75":{"start":{"line":191,"column":8},"end":{"line":191,"column":null}},"76":{"start":{"line":196,"column":8},"end":{"line":200,"column":null}},"77":{"start":{"line":204,"column":8},"end":{"line":209,"column":null}},"78":{"start":{"line":213,"column":8},"end":{"line":219,"column":null}},"79":{"start":{"line":223,"column":8},"end":{"line":228,"column":null}},"80":{"start":{"line":232,"column":8},"end":{"line":232,"column":null}},"81":{"start":{"line":236,"column":8},"end":{"line":240,"column":null}},"82":{"start":{"line":244,"column":8},"end":{"line":248,"column":null}},"83":{"start":{"line":252,"column":8},"end":{"line":256,"column":null}},"84":{"start":{"line":260,"column":8},"end":{"line":264,"column":null}},"85":{"start":{"line":266,"column":1},"end":{"line":55,"column":null}},"86":{"start":{"line":53,"column":30},"end":{"line":55,"column":null}},"87":{"start":{"line":55,"column":15},"end":{"line":8,"column":50}},"88":{"start":{"line":8,"column":41},"end":{"line":8,"column":15}}},"fnMap":{"0":{"name":"_interopRequireDefault","decl":{"start":{"line":3,"column":65},"end":{"line":3,"column":null}},"loc":{"start":{"line":3,"column":65},"end":{"line":3,"column":null}}},"1":{"name":"(anonymous_4)","decl":{"start":{"line":8,"column":84},"end":{"line":8,"column":null}},"loc":{"start":{"line":8,"column":84},"end":{"line":51,"column":null}}},"2":{"name":"(anonymous_5)","decl":{"start":{"line":57,"column":4},"end":{"line":57,"column":17}},"loc":{"start":{"line":57,"column":35},"end":{"line":66,"column":null}}},"3":{"name":"(anonymous_6)","decl":{"start":{"line":68,"column":4},"end":{"line":68,"column":19}},"loc":{"start":{"line":68,"column":27},"end":{"line":83,"column":null}}},"4":{"name":"(anonymous_7)","decl":{"start":{"line":85,"column":4},"end":{"line":85,"column":15}},"loc":{"start":{"line":85,"column":21},"end":{"line":96,"column":null}}},"5":{"name":"(anonymous_8)","decl":{"start":{"line":88,"column":18},"end":{"line":88,"column":24}},"loc":{"start":{"line":88,"column":24},"end":{"line":91,"column":13}}},"6":{"name":"(anonymous_9)","decl":{"start":{"line":92,"column":19},"end":{"line":92,"column":24}},"loc":{"start":{"line":92,"column":28},"end":{"line":95,"column":13}}},"7":{"name":"(anonymous_10)","decl":{"start":{"line":98,"column":4},"end":{"line":98,"column":14}},"loc":{"start":{"line":98,"column":20},"end":{"line":106,"column":null}}},"8":{"name":"(anonymous_11)","decl":{"start":{"line":108,"column":4},"end":{"line":108,"column":17}},"loc":{"start":{"line":108,"column":23},"end":{"line":119,"column":null}}},"9":{"name":"(anonymous_12)","decl":{"start":{"line":111,"column":18},"end":{"line":111,"column":24}},"loc":{"start":{"line":111,"column":24},"end":{"line":114,"column":13}}},"10":{"name":"(anonymous_13)","decl":{"start":{"line":115,"column":19},"end":{"line":115,"column":24}},"loc":{"start":{"line":115,"column":28},"end":{"line":118,"column":13}}},"11":{"name":"(anonymous_14)","decl":{"start":{"line":121,"column":4},"end":{"line":121,"column":23}},"loc":{"start":{"line":121,"column":31},"end":{"line":124,"column":null}}},"12":{"name":"(anonymous_15)","decl":{"start":{"line":126,"column":4},"end":{"line":126,"column":25}},"loc":{"start":{"line":126,"column":33},"end":{"line":129,"column":null}}},"13":{"name":"(anonymous_16)","decl":{"start":{"line":131,"column":4},"end":{"line":131,"column":22}},"loc":{"start":{"line":131,"column":30},"end":{"line":134,"column":null}}},"14":{"name":"(anonymous_17)","decl":{"start":{"line":136,"column":4},"end":{"line":136,"column":20}},"loc":{"start":{"line":136,"column":28},"end":{"line":139,"column":null}}},"15":{"name":"(anonymous_18)","decl":{"start":{"line":141,"column":4},"end":{"line":141,"column":25}},"loc":{"start":{"line":141,"column":33},"end":{"line":143,"column":null}}},"16":{"name":"(anonymous_19)","decl":{"start":{"line":145,"column":4},"end":{"line":145,"column":19}},"loc":{"start":{"line":145,"column":22},"end":{"line":163,"column":null}}},"17":{"name":"(anonymous_20)","decl":{"start":{"line":152,"column":49},"end":{"line":152,"column":52}},"loc":{"start":{"line":152,"column":56},"end":{"line":152,"column":62}}},"18":{"name":"(anonymous_21)","decl":{"start":{"line":154,"column":35},"end":{"line":154,"column":37}},"loc":{"start":{"line":154,"column":41},"end":{"line":154,"column":74}}},"19":{"name":"(anonymous_22)","decl":{"start":{"line":155,"column":18},"end":{"line":155,"column":24}},"loc":{"start":{"line":155,"column":24},"end":{"line":158,"column":13}}},"20":{"name":"(anonymous_23)","decl":{"start":{"line":159,"column":19},"end":{"line":159,"column":24}},"loc":{"start":{"line":159,"column":28},"end":{"line":162,"column":13}}},"21":{"name":"(anonymous_24)","decl":{"start":{"line":165,"column":4},"end":{"line":165,"column":21}},"loc":{"start":{"line":165,"column":24},"end":{"line":183,"column":null}}},"22":{"name":"(anonymous_25)","decl":{"start":{"line":172,"column":49},"end":{"line":172,"column":52}},"loc":{"start":{"line":172,"column":56},"end":{"line":172,"column":62}}},"23":{"name":"(anonymous_26)","decl":{"start":{"line":174,"column":35},"end":{"line":174,"column":37}},"loc":{"start":{"line":174,"column":41},"end":{"line":174,"column":83}}},"24":{"name":"(anonymous_27)","decl":{"start":{"line":175,"column":18},"end":{"line":175,"column":24}},"loc":{"start":{"line":175,"column":24},"end":{"line":178,"column":13}}},"25":{"name":"(anonymous_28)","decl":{"start":{"line":179,"column":19},"end":{"line":179,"column":24}},"loc":{"start":{"line":179,"column":28},"end":{"line":182,"column":13}}},"26":{"name":"(anonymous_29)","decl":{"start":{"line":185,"column":4},"end":{"line":185,"column":16}},"loc":{"start":{"line":185,"column":19},"end":{"line":188,"column":null}}},"27":{"name":"(anonymous_30)","decl":{"start":{"line":190,"column":4},"end":{"line":190,"column":15}},"loc":{"start":{"line":190,"column":18},"end":{"line":193,"column":null}}},"28":{"name":"(anonymous_31)","decl":{"start":{"line":195,"column":4},"end":{"line":195,"column":8}},"loc":{"start":{"line":195,"column":25},"end":{"line":201,"column":null}}},"29":{"name":"(anonymous_32)","decl":{"start":{"line":203,"column":4},"end":{"line":203,"column":8}},"loc":{"start":{"line":203,"column":27},"end":{"line":210,"column":null}}},"30":{"name":"(anonymous_33)","decl":{"start":{"line":212,"column":4},"end":{"line":212,"column":8}},"loc":{"start":{"line":212,"column":24},"end":{"line":220,"column":null}}},"31":{"name":"(anonymous_34)","decl":{"start":{"line":222,"column":4},"end":{"line":222,"column":8}},"loc":{"start":{"line":222,"column":22},"end":{"line":229,"column":null}}},"32":{"name":"(anonymous_35)","decl":{"start":{"line":231,"column":4},"end":{"line":231,"column":8}},"loc":{"start":{"line":231,"column":24},"end":{"line":233,"column":null}}},"33":{"name":"(anonymous_36)","decl":{"start":{"line":235,"column":4},"end":{"line":235,"column":13}},"loc":{"start":{"line":235,"column":23},"end":{"line":241,"column":null}}},"34":{"name":"(anonymous_37)","decl":{"start":{"line":243,"column":4},"end":{"line":243,"column":15}},"loc":{"start":{"line":243,"column":25},"end":{"line":249,"column":null}}},"35":{"name":"(anonymous_38)","decl":{"start":{"line":251,"column":4},"end":{"line":251,"column":15}},"loc":{"start":{"line":251,"column":25},"end":{"line":257,"column":null}}},"36":{"name":"(anonymous_39)","decl":{"start":{"line":259,"column":4},"end":{"line":259,"column":12}},"loc":{"start":{"line":259,"column":22},"end":{"line":265,"column":5}}},"37":{"name":"(anonymous_40)","decl":{"start":{"line":53,"column":30},"end":{"line":53,"column":null}},"loc":{"start":{"line":53,"column":30},"end":{"line":55,"column":null}}}},"branchMap":{"0":{"loc":{"start":{"line":3,"column":65},"end":{"line":3,"column":null}},"type":"cond-expr","locations":[{"start":{"line":3,"column":65},"end":{"line":3,"column":null}},{"start":{"line":3,"column":65},"end":{"line":3,"column":null}}]},"1":{"loc":{"start":{"line":59,"column":8},"end":{"line":65,"column":null}},"type":"if","locations":[{"start":{"line":59,"column":8},"end":{"line":65,"column":null}},{"start":{"line":62,"column":15},"end":{"line":65,"column":null}}]},"2":{"loc":{"start":{"line":62,"column":15},"end":{"line":65,"column":null}},"type":"if","locations":[{"start":{"line":62,"column":15},"end":{"line":65,"column":null}}]},"3":{"loc":{"start":{"line":72,"column":8},"end":{"line":82,"column":null}},"type":"switch","locations":[{"start":{"line":73,"column":12},"end":{"line":75,"column":null}},{"start":{"line":76,"column":12},"end":{"line":78,"column":null}},{"start":{"line":79,"column":12},"end":{"line":81,"column":null}}]},"4":{"loc":{"start":{"line":93,"column":59},"end":{"line":93,"column":95}},"type":"binary-expr","locations":[{"start":{"line":93,"column":59},"end":{"line":93,"column":78}},{"start":{"line":93,"column":82},"end":{"line":93,"column":95}}]},"5":{"loc":{"start":{"line":116,"column":56},"end":{"line":116,"column":92}},"type":"binary-expr","locations":[{"start":{"line":116,"column":56},"end":{"line":116,"column":75}},{"start":{"line":116,"column":79},"end":{"line":116,"column":92}}]},"6":{"loc":{"start":{"line":146,"column":8},"end":{"line":149,"column":null}},"type":"if","locations":[{"start":{"line":146,"column":8},"end":{"line":149,"column":null}}]},"7":{"loc":{"start":{"line":160,"column":68},"end":{"line":160,"column":104}},"type":"binary-expr","locations":[{"start":{"line":160,"column":68},"end":{"line":160,"column":87}},{"start":{"line":160,"column":91},"end":{"line":160,"column":104}}]},"8":{"loc":{"start":{"line":166,"column":8},"end":{"line":169,"column":null}},"type":"if","locations":[{"start":{"line":166,"column":8},"end":{"line":169,"column":null}}]},"9":{"loc":{"start":{"line":180,"column":70},"end":{"line":180,"column":106}},"type":"binary-expr","locations":[{"start":{"line":180,"column":70},"end":{"line":180,"column":89}},{"start":{"line":180,"column":93},"end":{"line":180,"column":106}}]},"10":{"loc":{"start":{"line":232,"column":15},"end":{"line":232,"column":68}},"type":"binary-expr","locations":[{"start":{"line":232,"column":15},"end":{"line":232,"column":30}},{"start":{"line":232,"column":34},"end":{"line":232,"column":68}}]}},"s":{"0":0,"1":0,"2":0,"3":0,"4":0,"5":0,"6":0,"7":0,"8":0,"9":0,"10":0,"11":0,"12":0,"13":0,"14":0,"15":0,"16":0,"17":0,"18":0,"19":0,"20":0,"21":0,"22":0,"23":0,"24":0,"25":0,"26":0,"27":0,"28":0,"29":0,"30":0,"31":0,"32":0,"33":0,"34":0,"35":0,"36":0,"37":0,"38":0,"39":0,"40":0,"41":0,"42":0,"43":0,"44":0,"45":0,"46":0,"47":0,"48":0,"49":0,"50":0,"51":0,"52":0,"53":0,"54":0,"55":0,"56":0,"57":0,"58":0,"59":0,"60":0,"61":0,"62":0,"63":0,"64":0,"65":0,"66":0,"67":0,"68":0,"69":0,"70":0,"71":0,"72":0,"73":0,"74":0,"75":0,"76":0,"77":0,"78":0,"79":0,"80":0,"81":0,"82":0,"83":0,"84":0,"85":0,"86":0,"87":0,"88":0},"f":{"0":0,"1":0,"2":0,"3":0,"4":0,"5":0,"6":0,"7":0,"8":0,"9":0,"10":0,"11":0,"12":0,"13":0,"14":0,"15":0,"16":0,"17":0,"18":0,"19":0,"20":0,"21":0,"22":0,"23":0,"24":0,"25":0,"26":0,"27":0,"28":0,"29":0,"30":0,"31":0,"32":0,"33":0,"34":0,"35":0,"36":0,"37":0},"b":{"0":[0,0],"1":[0,0],"2":[0],"3":[0,0,0],"4":[0,0],"5":[0,0],"6":[0],"7":[0,0],"8":[0],"9":[0,0],"10":[0,0]}}
,"/Users/jasonmu/OnboardingV2/force-app/main/default/lwc/messagingIssuesTab/messagingIssuesTab.js": {"path":"/Users/jasonmu/OnboardingV2/force-app/main/default/lwc/messagingIssuesTab/messagingIssuesTab.js","statementMap":{"0":{"start":{"line":1,"column":25},"end":{"line":1,"column":null}},"1":{"start":{"line":2,"column":0},"end":{"line":2,"column":null}},"2":{"start":{"line":3,"column":0},"end":{"line":3,"column":65}},"3":{"start":{"line":3,"column":65},"end":{"line":3,"column":null}},"4":{"start":{"line":8,"column":82},"end":{"line":8,"column":null}},"5":{"start":{"line":8,"column":82},"end":{"line":9,"column":null}},"6":{"start":{"line":9,"column":22},"end":{"line":10,"column":null}},"7":{"start":{"line":10,"column":30},"end":{"line":11,"column":null}},"8":{"start":{"line":11,"column":28},"end":{"line":12,"column":null}},"9":{"start":{"line":12,"column":28},"end":{"line":13,"column":29}},"10":{"start":{"line":13,"column":29},"end":{"line":18,"column":null}},"11":{"start":{"line":18,"column":5},"end":{"line":51,"column":null}},"12":{"start":{"line":58,"column":8},"end":{"line":58,"column":null}},"13":{"start":{"line":59,"column":8},"end":{"line":65,"column":null}},"14":{"start":{"line":60,"column":12},"end":{"line":60,"column":null}},"15":{"start":{"line":61,"column":12},"end":{"line":61,"column":null}},"16":{"start":{"line":62,"column":15},"end":{"line":65,"column":null}},"17":{"start":{"line":63,"column":12},"end":{"line":63,"column":null}},"18":{"start":{"line":64,"column":12},"end":{"line":64,"column":null}},"19":{"start":{"line":69,"column":27},"end":{"line":69,"column":51}},"20":{"start":{"line":70,"column":20},"end":{"line":70,"column":36}},"21":{"start":{"line":72,"column":8},"end":{"line":82,"column":null}},"22":{"start":{"line":74,"column":16},"end":{"line":74,"column":null}},"23":{"start":{"line":75,"column":16},"end":{"line":75,"column":null}},"24":{"start":{"line":77,"column":16},"end":{"line":77,"column":null}},"25":{"start":{"line":78,"column":16},"end":{"line":78,"column":null}},"26":{"start":{"line":80,"column":16},"end":{"line":80,"column":null}},"27":{"start":{"line":81,"column":16},"end":{"line":81,"column":null}},"28":{"start":{"line":86,"column":8},"end":{"line":86,"column":null}},"29":{"start":{"line":87,"column":8},"end":{"line":95,"column":null}},"30":{"start":{"line":89,"column":16},"end":{"line":89,"column":null}},"31":{"start":{"line":90,"column":16},"end":{"line":90,"column":null}},"32":{"start":{"line":93,"column":16},"end":{"line":93,"column":null}},"33":{"start":{"line":94,"column":16},"end":{"line":94,"column":null}},"34":{"start":{"line":99,"column":8},"end":{"line":105,"column":null}},"35":{"start":{"line":109,"column":8},"end":{"line":109,"column":null}},"36":{"start":{"line":110,"column":8},"end":{"line":118,"column":null}},"37":{"start":{"line":112,"column":16},"end":{"line":112,"column":null}},"38":{"start":{"line":113,"column":16},"end":{"line":113,"column":null}},"39":{"start":{"line":116,"column":16},"end":{"line":116,"column":null}},"40":{"start":{"line":117,"column":16},"end":{"line":117,"column":null}},"41":{"start":{"line":122,"column":8},"end":{"line":122,"column":null}},"42":{"start":{"line":123,"column":8},"end":{"line":123,"column":null}},"43":{"start":{"line":127,"column":27},"end":{"line":127,"column":44}},"44":{"start":{"line":128,"column":28},"end":{"line":128,"column":46}},"45":{"start":{"line":129,"column":8},"end":{"line":129,"column":null}},"46":{"start":{"line":130,"column":8},"end":{"line":130,"column":null}},"47":{"start":{"line":134,"column":8},"end":{"line":134,"column":null}},"48":{"start":{"line":135,"column":8},"end":{"line":135,"column":null}},"49":{"start":{"line":139,"column":8},"end":{"line":139,"column":null}},"50":{"start":{"line":140,"column":8},"end":{"line":140,"column":null}},"51":{"start":{"line":144,"column":8},"end":{"line":144,"column":null}},"52":{"start":{"line":145,"column":8},"end":{"line":145,"column":null}},"53":{"start":{"line":149,"column":8},"end":{"line":149,"column":null}},"54":{"start":{"line":153,"column":8},"end":{"line":156,"column":null}},"55":{"start":{"line":154,"column":12},"end":{"line":154,"column":null}},"56":{"start":{"line":155,"column":12},"end":{"line":155,"column":null}},"57":{"start":{"line":158,"column":8},"end":{"line":158,"column":null}},"58":{"start":{"line":159,"column":25},"end":{"line":159,"column":61}},"59":{"start":{"line":159,"column":54},"end":{"line":159,"column":60}},"60":{"start":{"line":162,"column":8},"end":{"line":170,"column":null}},"61":{"start":{"line":162,"column":39},"end":{"line":162,"column":70}},"62":{"start":{"line":164,"column":16},"end":{"line":164,"column":null}},"63":{"start":{"line":165,"column":16},"end":{"line":165,"column":null}},"64":{"start":{"line":168,"column":16},"end":{"line":168,"column":null}},"65":{"start":{"line":169,"column":16},"end":{"line":169,"column":null}},"66":{"start":{"line":174,"column":8},"end":{"line":177,"column":null}},"67":{"start":{"line":175,"column":12},"end":{"line":175,"column":null}},"68":{"start":{"line":176,"column":12},"end":{"line":176,"column":null}},"69":{"start":{"line":179,"column":8},"end":{"line":179,"column":null}},"70":{"start":{"line":180,"column":25},"end":{"line":180,"column":61}},"71":{"start":{"line":180,"column":54},"end":{"line":180,"column":60}},"72":{"start":{"line":182,"column":8},"end":{"line":190,"column":null}},"73":{"start":{"line":182,"column":39},"end":{"line":182,"column":77}},"74":{"start":{"line":184,"column":16},"end":{"line":184,"column":null}},"75":{"start":{"line":185,"column":16},"end":{"line":185,"column":null}},"76":{"start":{"line":188,"column":16},"end":{"line":188,"column":null}},"77":{"start":{"line":189,"column":16},"end":{"line":189,"column":null}},"78":{"start":{"line":195,"column":8},"end":{"line":195,"column":null}},"79":{"start":{"line":199,"column":8},"end":{"line":199,"column":null}},"80":{"start":{"line":204,"column":8},"end":{"line":208,"column":null}},"81":{"start":{"line":212,"column":8},"end":{"line":217,"column":null}},"82":{"start":{"line":221,"column":8},"end":{"line":226,"column":null}},"83":{"start":{"line":230,"column":8},"end":{"line":235,"column":null}},"84":{"start":{"line":239,"column":8},"end":{"line":239,"column":null}},"85":{"start":{"line":243,"column":8},"end":{"line":247,"column":null}},"86":{"start":{"line":251,"column":8},"end":{"line":255,"column":null}},"87":{"start":{"line":259,"column":8},"end":{"line":263,"column":null}},"88":{"start":{"line":267,"column":8},"end":{"line":271,"column":null}},"89":{"start":{"line":273,"column":1},"end":{"line":55,"column":null}},"90":{"start":{"line":53,"column":28},"end":{"line":55,"column":null}},"91":{"start":{"line":55,"column":15},"end":{"line":8,"column":48}},"92":{"start":{"line":8,"column":39},"end":{"line":8,"column":15}}},"fnMap":{"0":{"name":"_interopRequireDefault","decl":{"start":{"line":3,"column":65},"end":{"line":3,"column":null}},"loc":{"start":{"line":3,"column":65},"end":{"line":3,"column":null}}},"1":{"name":"(anonymous_4)","decl":{"start":{"line":8,"column":82},"end":{"line":8,"column":null}},"loc":{"start":{"line":8,"column":82},"end":{"line":51,"column":null}}},"2":{"name":"(anonymous_5)","decl":{"start":{"line":57,"column":4},"end":{"line":57,"column":15}},"loc":{"start":{"line":57,"column":33},"end":{"line":66,"column":null}}},"3":{"name":"(anonymous_6)","decl":{"start":{"line":68,"column":4},"end":{"line":68,"column":19}},"loc":{"start":{"line":68,"column":27},"end":{"line":83,"column":null}}},"4":{"name":"(anonymous_7)","decl":{"start":{"line":85,"column":4},"end":{"line":85,"column":15}},"loc":{"start":{"line":85,"column":21},"end":{"line":96,"column":null}}},"5":{"name":"(anonymous_8)","decl":{"start":{"line":88,"column":18},"end":{"line":88,"column":24}},"loc":{"start":{"line":88,"column":24},"end":{"line":91,"column":13}}},"6":{"name":"(anonymous_9)","decl":{"start":{"line":92,"column":19},"end":{"line":92,"column":24}},"loc":{"start":{"line":92,"column":28},"end":{"line":95,"column":13}}},"7":{"name":"(anonymous_10)","decl":{"start":{"line":98,"column":4},"end":{"line":98,"column":14}},"loc":{"start":{"line":98,"column":20},"end":{"line":106,"column":null}}},"8":{"name":"(anonymous_11)","decl":{"start":{"line":108,"column":4},"end":{"line":108,"column":17}},"loc":{"start":{"line":108,"column":23},"end":{"line":119,"column":null}}},"9":{"name":"(anonymous_12)","decl":{"start":{"line":111,"column":18},"end":{"line":111,"column":24}},"loc":{"start":{"line":111,"column":24},"end":{"line":114,"column":13}}},"10":{"name":"(anonymous_13)","decl":{"start":{"line":115,"column":19},"end":{"line":115,"column":24}},"loc":{"start":{"line":115,"column":28},"end":{"line":118,"column":13}}},"11":{"name":"(anonymous_14)","decl":{"start":{"line":121,"column":4},"end":{"line":121,"column":23}},"loc":{"start":{"line":121,"column":31},"end":{"line":124,"column":null}}},"12":{"name":"(anonymous_15)","decl":{"start":{"line":126,"column":4},"end":{"line":126,"column":22}},"loc":{"start":{"line":126,"column":30},"end":{"line":131,"column":null}}},"13":{"name":"(anonymous_16)","decl":{"start":{"line":133,"column":4},"end":{"line":133,"column":25}},"loc":{"start":{"line":133,"column":33},"end":{"line":136,"column":null}}},"14":{"name":"(anonymous_17)","decl":{"start":{"line":138,"column":4},"end":{"line":138,"column":22}},"loc":{"start":{"line":138,"column":30},"end":{"line":141,"column":null}}},"15":{"name":"(anonymous_18)","decl":{"start":{"line":143,"column":4},"end":{"line":143,"column":20}},"loc":{"start":{"line":143,"column":28},"end":{"line":146,"column":null}}},"16":{"name":"(anonymous_19)","decl":{"start":{"line":148,"column":4},"end":{"line":148,"column":25}},"loc":{"start":{"line":148,"column":33},"end":{"line":150,"column":null}}},"17":{"name":"(anonymous_20)","decl":{"start":{"line":152,"column":4},"end":{"line":152,"column":19}},"loc":{"start":{"line":152,"column":22},"end":{"line":171,"column":null}}},"18":{"name":"(anonymous_21)","decl":{"start":{"line":159,"column":47},"end":{"line":159,"column":50}},"loc":{"start":{"line":159,"column":54},"end":{"line":159,"column":60}}},"19":{"name":"(anonymous_22)","decl":{"start":{"line":162,"column":33},"end":{"line":162,"column":35}},"loc":{"start":{"line":162,"column":39},"end":{"line":162,"column":70}}},"20":{"name":"(anonymous_23)","decl":{"start":{"line":163,"column":18},"end":{"line":163,"column":24}},"loc":{"start":{"line":163,"column":24},"end":{"line":166,"column":13}}},"21":{"name":"(anonymous_24)","decl":{"start":{"line":167,"column":19},"end":{"line":167,"column":24}},"loc":{"start":{"line":167,"column":28},"end":{"line":170,"column":13}}},"22":{"name":"(anonymous_25)","decl":{"start":{"line":173,"column":4},"end":{"line":173,"column":21}},"loc":{"start":{"line":173,"column":24},"end":{"line":191,"column":null}}},"23":{"name":"(anonymous_26)","decl":{"start":{"line":180,"column":47},"end":{"line":180,"column":50}},"loc":{"start":{"line":180,"column":54},"end":{"line":180,"column":60}}},"24":{"name":"(anonymous_27)","decl":{"start":{"line":182,"column":33},"end":{"line":182,"column":35}},"loc":{"start":{"line":182,"column":39},"end":{"line":182,"column":77}}},"25":{"name":"(anonymous_28)","decl":{"start":{"line":183,"column":18},"end":{"line":183,"column":24}},"loc":{"start":{"line":183,"column":24},"end":{"line":186,"column":13}}},"26":{"name":"(anonymous_29)","decl":{"start":{"line":187,"column":19},"end":{"line":187,"column":24}},"loc":{"start":{"line":187,"column":28},"end":{"line":190,"column":13}}},"27":{"name":"(anonymous_30)","decl":{"start":{"line":193,"column":4},"end":{"line":193,"column":16}},"loc":{"start":{"line":193,"column":19},"end":{"line":196,"column":null}}},"28":{"name":"(anonymous_31)","decl":{"start":{"line":198,"column":4},"end":{"line":198,"column":15}},"loc":{"start":{"line":198,"column":18},"end":{"line":201,"column":null}}},"29":{"name":"(anonymous_32)","decl":{"start":{"line":203,"column":4},"end":{"line":203,"column":8}},"loc":{"start":{"line":203,"column":25},"end":{"line":209,"column":null}}},"30":{"name":"(anonymous_33)","decl":{"start":{"line":211,"column":4},"end":{"line":211,"column":8}},"loc":{"start":{"line":211,"column":27},"end":{"line":218,"column":null}}},"31":{"name":"(anonymous_34)","decl":{"start":{"line":220,"column":4},"end":{"line":220,"column":8}},"loc":{"start":{"line":220,"column":24},"end":{"line":227,"column":null}}},"32":{"name":"(anonymous_35)","decl":{"start":{"line":229,"column":4},"end":{"line":229,"column":8}},"loc":{"start":{"line":229,"column":22},"end":{"line":236,"column":null}}},"33":{"name":"(anonymous_36)","decl":{"start":{"line":238,"column":4},"end":{"line":238,"column":8}},"loc":{"start":{"line":238,"column":22},"end":{"line":240,"column":null}}},"34":{"name":"(anonymous_37)","decl":{"start":{"line":242,"column":4},"end":{"line":242,"column":13}},"loc":{"start":{"line":242,"column":23},"end":{"line":248,"column":null}}},"35":{"name":"(anonymous_38)","decl":{"start":{"line":250,"column":4},"end":{"line":250,"column":15}},"loc":{"start":{"line":250,"column":25},"end":{"line":256,"column":null}}},"36":{"name":"(anonymous_39)","decl":{"start":{"line":258,"column":4},"end":{"line":258,"column":15}},"loc":{"start":{"line":258,"column":25},"end":{"line":264,"column":null}}},"37":{"name":"(anonymous_40)","decl":{"start":{"line":266,"column":4},"end":{"line":266,"column":12}},"loc":{"start":{"line":266,"column":22},"end":{"line":272,"column":5}}},"38":{"name":"(anonymous_41)","decl":{"start":{"line":53,"column":28},"end":{"line":53,"column":null}},"loc":{"start":{"line":53,"column":28},"end":{"line":55,"column":null}}}},"branchMap":{"0":{"loc":{"start":{"line":3,"column":65},"end":{"line":3,"column":null}},"type":"cond-expr","locations":[{"start":{"line":3,"column":65},"end":{"line":3,"column":null}},{"start":{"line":3,"column":65},"end":{"line":3,"column":null}}]},"1":{"loc":{"start":{"line":59,"column":8},"end":{"line":65,"column":null}},"type":"if","locations":[{"start":{"line":59,"column":8},"end":{"line":65,"column":null}},{"start":{"line":62,"column":15},"end":{"line":65,"column":null}}]},"2":{"loc":{"start":{"line":62,"column":15},"end":{"line":65,"column":null}},"type":"if","locations":[{"start":{"line":62,"column":15},"end":{"line":65,"column":null}}]},"3":{"loc":{"start":{"line":72,"column":8},"end":{"line":82,"column":null}},"type":"switch","locations":[{"start":{"line":73,"column":12},"end":{"line":75,"column":null}},{"start":{"line":76,"column":12},"end":{"line":78,"column":null}},{"start":{"line":79,"column":12},"end":{"line":81,"column":null}}]},"4":{"loc":{"start":{"line":93,"column":64},"end":{"line":93,"column":100}},"type":"binary-expr","locations":[{"start":{"line":93,"column":64},"end":{"line":93,"column":83}},{"start":{"line":93,"column":87},"end":{"line":93,"column":100}}]},"5":{"loc":{"start":{"line":116,"column":62},"end":{"line":116,"column":98}},"type":"binary-expr","locations":[{"start":{"line":116,"column":62},"end":{"line":116,"column":81}},{"start":{"line":116,"column":85},"end":{"line":116,"column":98}}]},"6":{"loc":{"start":{"line":153,"column":8},"end":{"line":156,"column":null}},"type":"if","locations":[{"start":{"line":153,"column":8},"end":{"line":156,"column":null}}]},"7":{"loc":{"start":{"line":168,"column":66},"end":{"line":168,"column":102}},"type":"binary-expr","locations":[{"start":{"line":168,"column":66},"end":{"line":168,"column":85}},{"start":{"line":168,"column":89},"end":{"line":168,"column":102}}]},"8":{"loc":{"start":{"line":174,"column":8},"end":{"line":177,"column":null}},"type":"if","locations":[{"start":{"line":174,"column":8},"end":{"line":177,"column":null}}]},"9":{"loc":{"start":{"line":188,"column":68},"end":{"line":188,"column":104}},"type":"binary-expr","locations":[{"start":{"line":188,"column":68},"end":{"line":188,"column":87}},{"start":{"line":188,"column":91},"end":{"line":188,"column":104}}]},"10":{"loc":{"start":{"line":239,"column":15},"end":{"line":239,"column":66}},"type":"binary-expr","locations":[{"start":{"line":239,"column":15},"end":{"line":239,"column":30}},{"start":{"line":239,"column":34},"end":{"line":239,"column":66}}]}},"s":{"0":0,"1":0,"2":0,"3":0,"4":0,"5":0,"6":0,"7":0,"8":0,"9":0,"10":0,"11":0,"12":0,"13":0,"14":0,"15":0,"16":0,"17":0,"18":0,"19":0,"20":0,"21":0,"22":0,"23":0,"24":0,"25":0,"26":0,"27":0,"28":0,"29":0,"30":0,"31":0,"32":0,"33":0,"34":0,"35":0,"36":0,"37":0,"38":0,"39":0,"40":0,"41":0,"42":0,"43":0,"44":0,"45":0,"46":0,"47":0,"48":0,"49":0,"50":0,"51":0,"52":0,"53":0,"54":0,"55":0,"56":0,"57":0,"58":0,"59":0,"60":0,"61":0,"62":0,"63":0,"64":0,"65":0,"66":0,"67":0,"68":0,"69":0,"70":0,"71":0,"72":0,"73":0,"74":0,"75":0,"76":0,"77":0,"78":0,"79":0,"80":0,"81":0,"82":0,"83":0,"84":0,"85":0,"86":0,"87":0,"88":0,"89":0,"90":0,"91":0,"92":0},"f":{"0":0,"1":0,"2":0,"3":0,"4":0,"5":0,"6":0,"7":0,"8":0,"9":0,"10":0,"11":0,"12":0,"13":0,"14":0,"15":0,"16":0,"17":0,"18":0,"19":0,"20":0,"21":0,"22":0,"23":0,"24":0,"25":0,"26":0,"27":0,"28":0,"29":0,"30":0,"31":0,"32":0,"33":0,"34":0,"35":0,"36":0,"37":0,"38":0},"b":{"0":[0,0],"1":[0,0],"2":[0],"3":[0,0,0],"4":[0,0],"5":[0,0],"6":[0],"7":[0,0],"8":[0],"9":[0,0],"10":[0,0]}}
,"/Users/jasonmu/OnboardingV2/force-app/main/default/lwc/onboardingAdminDashboard/onboardingAdminDashboard.js": {"path":"/Users/jasonmu/OnboardingV2/force-app/main/default/lwc/onboardingAdminDashboard/onboardingAdminDashboard.js","statementMap":{"0":{"start":{"line":1,"column":25},"end":{"line":1,"column":null}},"1":{"start":{"line":2,"column":0},"end":{"line":2,"column":65}},"2":{"start":{"line":2,"column":65},"end":{"line":2,"column":null}},"3":{"start":{"line":5,"column":71},"end":{"line":5,"column":null}},"4":{"start":{"line":5,"column":71},"end":{"line":16,"column":null}},"5":{"start":{"line":16,"column":5},"end":{"line":18,"column":null}},"6":{"start":{"line":18,"column":22},"end":{"line":19,"column":null}},"7":{"start":{"line":23,"column":8},"end":{"line":23,"column":null}},"8":{"start":{"line":24,"column":8},"end":{"line":40,"column":null}},"9":{"start":{"line":25,"column":12},"end":{"line":35,"column":null}},"10":{"start":{"line":36,"column":12},"end":{"line":36,"column":null}},"11":{"start":{"line":37,"column":15},"end":{"line":40,"column":null}},"12":{"start":{"line":38,"column":12},"end":{"line":38,"column":null}},"13":{"start":{"line":39,"column":12},"end":{"line":39,"column":null}},"14":{"start":{"line":44,"column":8},"end":{"line":44,"column":null}},"15":{"start":{"line":47,"column":8},"end":{"line":61,"column":null}},"16":{"start":{"line":48,"column":12},"end":{"line":53,"column":null}},"17":{"start":{"line":54,"column":15},"end":{"line":61,"column":null}},"18":{"start":{"line":55,"column":12},"end":{"line":60,"column":null}},"19":{"start":{"line":64,"column":8},"end":{"line":71,"column":null}},"20":{"start":{"line":65,"column":12},"end":{"line":70,"column":null}},"21":{"start":{"line":74,"column":8},"end":{"line":81,"column":null}},"22":{"start":{"line":75,"column":12},"end":{"line":80,"column":null}},"23":{"start":{"line":85,"column":8},"end":{"line":85,"column":null}},"24":{"start":{"line":85,"column":54},"end":{"line":85,"column":null}},"25":{"start":{"line":86,"column":8},"end":{"line":86,"column":null}},"26":{"start":{"line":86,"column":53},"end":{"line":86,"column":null}},"27":{"start":{"line":87,"column":8},"end":{"line":87,"column":null}},"28":{"start":{"line":91,"column":8},"end":{"line":91,"column":null}},"29":{"start":{"line":91,"column":51},"end":{"line":91,"column":null}},"30":{"start":{"line":92,"column":8},"end":{"line":92,"column":null}},"31":{"start":{"line":92,"column":49},"end":{"line":92,"column":null}},"32":{"start":{"line":93,"column":8},"end":{"line":93,"column":null}},"33":{"start":{"line":97,"column":8},"end":{"line":97,"column":null}},"34":{"start":{"line":97,"column":51},"end":{"line":97,"column":null}},"35":{"start":{"line":98,"column":8},"end":{"line":98,"column":null}},"36":{"start":{"line":98,"column":49},"end":{"line":98,"column":null}},"37":{"start":{"line":99,"column":8},"end":{"line":99,"column":null}},"38":{"start":{"line":103,"column":8},"end":{"line":103,"column":null}},"39":{"start":{"line":103,"column":55},"end":{"line":103,"column":null}},"40":{"start":{"line":104,"column":8},"end":{"line":104,"column":null}},"41":{"start":{"line":104,"column":55},"end":{"line":104,"column":null}},"42":{"start":{"line":105,"column":8},"end":{"line":105,"column":null}},"43":{"start":{"line":109,"column":8},"end":{"line":109,"column":null}},"44":{"start":{"line":113,"column":8},"end":{"line":113,"column":null}},"45":{"start":{"line":117,"column":8},"end":{"line":117,"column":null}},"46":{"start":{"line":121,"column":8},"end":{"line":121,"column":null}},"47":{"start":{"line":125,"column":8},"end":{"line":125,"column":null}},"48":{"start":{"line":129,"column":8},"end":{"line":129,"column":null}},"49":{"start":{"line":133,"column":8},"end":{"line":133,"column":null}},"50":{"start":{"line":137,"column":23},"end":{"line":141,"column":9}},"51":{"start":{"line":142,"column":8},"end":{"line":142,"column":null}},"52":{"start":{"line":146,"column":27},"end":{"line":146,"column":61}},"53":{"start":{"line":148,"column":8},"end":{"line":150,"column":null}},"54":{"start":{"line":154,"column":23},"end":{"line":159,"column":9}},"55":{"start":{"line":160,"column":8},"end":{"line":160,"column":null}},"56":{"start":{"line":164,"column":8},"end":{"line":170,"column":null}},"57":{"start":{"line":172,"column":1},"end":{"line":21,"column":null}},"58":{"start":{"line":21,"column":32},"end":{"line":21,"column":null}},"59":{"start":{"line":21,"column":32},"end":{"line":5,"column":54}},"60":{"start":{"line":5,"column":45},"end":{"line":5,"column":15}}},"fnMap":{"0":{"name":"_interopRequireDefault","decl":{"start":{"line":2,"column":65},"end":{"line":2,"column":null}},"loc":{"start":{"line":2,"column":65},"end":{"line":2,"column":null}}},"1":{"name":"(anonymous_2)","decl":{"start":{"line":5,"column":71},"end":{"line":5,"column":null}},"loc":{"start":{"line":5,"column":71},"end":{"line":19,"column":null}}},"2":{"name":"(anonymous_3)","decl":{"start":{"line":22,"column":4},"end":{"line":22,"column":16}},"loc":{"start":{"line":22,"column":34},"end":{"line":41,"column":null}}},"3":{"name":"(anonymous_4)","decl":{"start":{"line":43,"column":4},"end":{"line":43,"column":18}},"loc":{"start":{"line":43,"column":21},"end":{"line":82,"column":null}}},"4":{"name":"(anonymous_5)","decl":{"start":{"line":84,"column":4},"end":{"line":84,"column":8}},"loc":{"start":{"line":84,"column":35},"end":{"line":88,"column":null}}},"5":{"name":"(anonymous_6)","decl":{"start":{"line":90,"column":4},"end":{"line":90,"column":8}},"loc":{"start":{"line":90,"column":32},"end":{"line":94,"column":null}}},"6":{"name":"(anonymous_7)","decl":{"start":{"line":96,"column":4},"end":{"line":96,"column":8}},"loc":{"start":{"line":96,"column":32},"end":{"line":100,"column":null}}},"7":{"name":"(anonymous_8)","decl":{"start":{"line":102,"column":4},"end":{"line":102,"column":8}},"loc":{"start":{"line":102,"column":30},"end":{"line":106,"column":null}}},"8":{"name":"(anonymous_9)","decl":{"start":{"line":108,"column":4},"end":{"line":108,"column":8}},"loc":{"start":{"line":108,"column":38},"end":{"line":110,"column":null}}},"9":{"name":"(anonymous_10)","decl":{"start":{"line":112,"column":4},"end":{"line":112,"column":8}},"loc":{"start":{"line":112,"column":35},"end":{"line":114,"column":null}}},"10":{"name":"(anonymous_11)","decl":{"start":{"line":116,"column":4},"end":{"line":116,"column":8}},"loc":{"start":{"line":116,"column":35},"end":{"line":118,"column":null}}},"11":{"name":"(anonymous_12)","decl":{"start":{"line":120,"column":4},"end":{"line":120,"column":8}},"loc":{"start":{"line":120,"column":33},"end":{"line":122,"column":null}}},"12":{"name":"(anonymous_13)","decl":{"start":{"line":124,"column":4},"end":{"line":124,"column":8}},"loc":{"start":{"line":124,"column":30},"end":{"line":126,"column":null}}},"13":{"name":"(anonymous_14)","decl":{"start":{"line":128,"column":4},"end":{"line":128,"column":8}},"loc":{"start":{"line":128,"column":27},"end":{"line":130,"column":null}}},"14":{"name":"(anonymous_15)","decl":{"start":{"line":132,"column":4},"end":{"line":132,"column":8}},"loc":{"start":{"line":132,"column":27},"end":{"line":134,"column":null}}},"15":{"name":"(anonymous_16)","decl":{"start":{"line":136,"column":4},"end":{"line":136,"column":18}},"loc":{"start":{"line":136,"column":27},"end":{"line":143,"column":null}}},"16":{"name":"(anonymous_17)","decl":{"start":{"line":145,"column":4},"end":{"line":145,"column":21}},"loc":{"start":{"line":145,"column":29},"end":{"line":151,"column":null}}},"17":{"name":"(anonymous_18)","decl":{"start":{"line":153,"column":4},"end":{"line":153,"column":19}},"loc":{"start":{"line":153,"column":32},"end":{"line":161,"column":null}}},"18":{"name":"(anonymous_19)","decl":{"start":{"line":163,"column":4},"end":{"line":163,"column":13}},"loc":{"start":{"line":163,"column":23},"end":{"line":171,"column":5}}},"19":{"name":"(anonymous_20)","decl":{"start":{"line":21,"column":32},"end":{"line":21,"column":null}},"loc":{"start":{"line":21,"column":32},"end":{"line":21,"column":null}}}},"branchMap":{"0":{"loc":{"start":{"line":2,"column":65},"end":{"line":2,"column":null}},"type":"cond-expr","locations":[{"start":{"line":2,"column":65},"end":{"line":2,"column":null}},{"start":{"line":2,"column":65},"end":{"line":2,"column":null}}]},"1":{"loc":{"start":{"line":24,"column":8},"end":{"line":40,"column":null}},"type":"if","locations":[{"start":{"line":24,"column":8},"end":{"line":40,"column":null}},{"start":{"line":37,"column":15},"end":{"line":40,"column":null}}]},"2":{"loc":{"start":{"line":26,"column":39},"end":{"line":26,"column":70}},"type":"binary-expr","locations":[{"start":{"line":26,"column":39},"end":{"line":26,"column":65}},{"start":{"line":26,"column":69},"end":{"line":26,"column":70}}]},"3":{"loc":{"start":{"line":27,"column":41},"end":{"line":27,"column":74}},"type":"binary-expr","locations":[{"start":{"line":27,"column":41},"end":{"line":27,"column":69}},{"start":{"line":27,"column":73},"end":{"line":27,"column":74}}]},"4":{"loc":{"start":{"line":28,"column":36},"end":{"line":28,"column":64}},"type":"binary-expr","locations":[{"start":{"line":28,"column":36},"end":{"line":28,"column":59}},{"start":{"line":28,"column":63},"end":{"line":28,"column":64}}]},"5":{"loc":{"start":{"line":29,"column":38},"end":{"line":29,"column":68}},"type":"binary-expr","locations":[{"start":{"line":29,"column":38},"end":{"line":29,"column":63}},{"start":{"line":29,"column":67},"end":{"line":29,"column":68}}]},"6":{"loc":{"start":{"line":30,"column":36},"end":{"line":30,"column":64}},"type":"binary-expr","locations":[{"start":{"line":30,"column":36},"end":{"line":30,"column":59}},{"start":{"line":30,"column":63},"end":{"line":30,"column":64}}]},"7":{"loc":{"start":{"line":31,"column":38},"end":{"line":31,"column":68}},"type":"binary-expr","locations":[{"start":{"line":31,"column":38},"end":{"line":31,"column":63}},{"start":{"line":31,"column":67},"end":{"line":31,"column":68}}]},"8":{"loc":{"start":{"line":32,"column":39},"end":{"line":32,"column":70}},"type":"binary-expr","locations":[{"start":{"line":32,"column":39},"end":{"line":32,"column":65}},{"start":{"line":32,"column":69},"end":{"line":32,"column":70}}]},"9":{"loc":{"start":{"line":33,"column":38},"end":{"line":33,"column":68}},"type":"binary-expr","locations":[{"start":{"line":33,"column":38},"end":{"line":33,"column":63}},{"start":{"line":33,"column":67},"end":{"line":33,"column":68}}]},"10":{"loc":{"start":{"line":34,"column":38},"end":{"line":34,"column":null}},"type":"binary-expr","locations":[{"start":{"line":34,"column":38},"end":{"line":34,"column":63}},{"start":{"line":34,"column":67},"end":{"line":34,"column":null}}]},"11":{"loc":{"start":{"line":37,"column":15},"end":{"line":40,"column":null}},"type":"if","locations":[{"start":{"line":37,"column":15},"end":{"line":40,"column":null}}]},"12":{"loc":{"start":{"line":47,"column":8},"end":{"line":61,"column":null}},"type":"if","locations":[{"start":{"line":47,"column":8},"end":{"line":61,"column":null}},{"start":{"line":54,"column":15},"end":{"line":61,"column":null}}]},"13":{"loc":{"start":{"line":54,"column":15},"end":{"line":61,"column":null}},"type":"if","locations":[{"start":{"line":54,"column":15},"end":{"line":61,"column":null}}]},"14":{"loc":{"start":{"line":64,"column":8},"end":{"line":71,"column":null}},"type":"if","locations":[{"start":{"line":64,"column":8},"end":{"line":71,"column":null}}]},"15":{"loc":{"start":{"line":74,"column":8},"end":{"line":81,"column":null}},"type":"if","locations":[{"start":{"line":74,"column":8},"end":{"line":81,"column":null}}]},"16":{"loc":{"start":{"line":85,"column":8},"end":{"line":85,"column":null}},"type":"if","locations":[{"start":{"line":85,"column":8},"end":{"line":85,"column":null}}]},"17":{"loc":{"start":{"line":86,"column":8},"end":{"line":86,"column":null}},"type":"if","locations":[{"start":{"line":86,"column":8},"end":{"line":86,"column":null}}]},"18":{"loc":{"start":{"line":91,"column":8},"end":{"line":91,"column":null}},"type":"if","locations":[{"start":{"line":91,"column":8},"end":{"line":91,"column":null}}]},"19":{"loc":{"start":{"line":92,"column":8},"end":{"line":92,"column":null}},"type":"if","locations":[{"start":{"line":92,"column":8},"end":{"line":92,"column":null}}]},"20":{"loc":{"start":{"line":97,"column":8},"end":{"line":97,"column":null}},"type":"if","locations":[{"start":{"line":97,"column":8},"end":{"line":97,"column":null}}]},"21":{"loc":{"start":{"line":98,"column":8},"end":{"line":98,"column":null}},"type":"if","locations":[{"start":{"line":98,"column":8},"end":{"line":98,"column":null}}]},"22":{"loc":{"start":{"line":103,"column":8},"end":{"line":103,"column":null}},"type":"if","locations":[{"start":{"line":103,"column":8},"end":{"line":103,"column":null}}]},"23":{"loc":{"start":{"line":104,"column":8},"end":{"line":104,"column":null}},"type":"if","locations":[{"start":{"line":104,"column":8},"end":{"line":104,"column":null}}]},"24":{"loc":{"start":{"line":125,"column":15},"end":{"line":125,"column":97}},"type":"cond-expr","locations":[{"start":{"line":125,"column":58},"end":{"line":125,"column":75}},{"start":{"line":125,"column":78},"end":{"line":125,"column":97}}]},"25":{"loc":{"start":{"line":129,"column":15},"end":{"line":129,"column":94}},"type":"cond-expr","locations":[{"start":{"line":129,"column":55},"end":{"line":129,"column":72}},{"start":{"line":129,"column":75},"end":{"line":129,"column":94}}]},"26":{"loc":{"start":{"line":133,"column":15},"end":{"line":133,"column":94}},"type":"cond-expr","locations":[{"start":{"line":133,"column":55},"end":{"line":133,"column":72}},{"start":{"line":133,"column":75},"end":{"line":133,"column":94}}]},"27":{"loc":{"start":{"line":142,"column":15},"end":{"line":142,"column":47}},"type":"binary-expr","locations":[{"start":{"line":142,"column":15},"end":{"line":142,"column":29}},{"start":{"line":142,"column":33},"end":{"line":142,"column":47}}]},"28":{"loc":{"start":{"line":160,"column":15},"end":{"line":160,"column":48}},"type":"binary-expr","locations":[{"start":{"line":160,"column":15},"end":{"line":160,"column":33}},{"start":{"line":160,"column":37},"end":{"line":160,"column":48}}]}},"s":{"0":0,"1":0,"2":0,"3":0,"4":0,"5":0,"6":0,"7":0,"8":0,"9":0,"10":0,"11":0,"12":0,"13":0,"14":0,"15":0,"16":0,"17":0,"18":0,"19":0,"20":0,"21":0,"22":0,"23":0,"24":0,"25":0,"26":0,"27":0,"28":0,"29":0,"30":0,"31":0,"32":0,"33":0,"34":0,"35":0,"36":0,"37":0,"38":0,"39":0,"40":0,"41":0,"42":0,"43":0,"44":0,"45":0,"46":0,"47":0,"48":0,"49":0,"50":0,"51":0,"52":0,"53":0,"54":0,"55":0,"56":0,"57":0,"58":0,"59":0,"60":0},"f":{"0":0,"1":0,"2":0,"3":0,"4":0,"5":0,"6":0,"7":0,"8":0,"9":0,"10":0,"11":0,"12":0,"13":0,"14":0,"15":0,"16":0,"17":0,"18":0,"19":0},"b":{"0":[0,0],"1":[0,0],"2":[0,0],"3":[0,0],"4":[0,0],"5":[0,0],"6":[0,0],"7":[0,0],"8":[0,0],"9":[0,0],"10":[0,0],"11":[0],"12":[0,0],"13":[0],"14":[0],"15":[0],"16":[0],"17":[0],"18":[0],"19":[0],"20":[0],"21":[0],"22":[0],"23":[0],"24":[0,0],"25":[0,0],"26":[0,0],"27":[0,0],"28":[0,0]}}
,"/Users/jasonmu/OnboardingV2/force-app/main/default/lwc/onboardingAdminToolsPanel/onboardingAdminToolsPanel.js": {"path":"/Users/jasonmu/OnboardingV2/force-app/main/default/lwc/onboardingAdminToolsPanel/onboardingAdminToolsPanel.js","statementMap":{"0":{"start":{"line":1,"column":0},"end":{"line":1,"column":null}},"1":{"start":{"line":2,"column":0},"end":{"line":2,"column":null}},"2":{"start":{"line":3,"column":0},"end":{"line":3,"column":65}},"3":{"start":{"line":3,"column":65},"end":{"line":3,"column":null}},"4":{"start":{"line":8,"column":8},"end":{"line":15,"column":null}},"5":{"start":{"line":19,"column":8},"end":{"line":26,"column":null}},"6":{"start":{"line":30,"column":8},"end":{"line":37,"column":null}},"7":{"start":{"line":41,"column":8},"end":{"line":41,"column":null}},"8":{"start":{"line":45,"column":8},"end":{"line":45,"column":null}},"9":{"start":{"line":49,"column":8},"end":{"line":49,"column":null}},"10":{"start":{"line":53,"column":8},"end":{"line":53,"column":null}},"11":{"start":{"line":57,"column":8},"end":{"line":64,"column":null}},"12":{"start":{"line":69,"column":8},"end":{"line":69,"column":null}},"13":{"start":{"line":73,"column":8},"end":{"line":78,"column":null}},"14":{"start":{"line":82,"column":8},"end":{"line":82,"column":null}},"15":{"start":{"line":86,"column":8},"end":{"line":86,"column":null}},"16":{"start":{"line":90,"column":8},"end":{"line":90,"column":null}},"17":{"start":{"line":94,"column":8},"end":{"line":100,"column":null}},"18":{"start":{"line":102,"column":1},"end":{"line":5,"column":55}},"19":{"start":{"line":5,"column":46},"end":{"line":5,"column":15}}},"fnMap":{"0":{"name":"_interopRequireDefault","decl":{"start":{"line":3,"column":65},"end":{"line":3,"column":null}},"loc":{"start":{"line":3,"column":65},"end":{"line":3,"column":null}}},"1":{"name":"(anonymous_1)","decl":{"start":{"line":7,"column":4},"end":{"line":7,"column":36}},"loc":{"start":{"line":7,"column":39},"end":{"line":16,"column":null}}},"2":{"name":"(anonymous_2)","decl":{"start":{"line":18,"column":4},"end":{"line":18,"column":33}},"loc":{"start":{"line":18,"column":36},"end":{"line":27,"column":null}}},"3":{"name":"(anonymous_3)","decl":{"start":{"line":29,"column":4},"end":{"line":29,"column":26}},"loc":{"start":{"line":29,"column":39},"end":{"line":38,"column":null}}},"4":{"name":"(anonymous_4)","decl":{"start":{"line":40,"column":4},"end":{"line":40,"column":21}},"loc":{"start":{"line":40,"column":24},"end":{"line":42,"column":null}}},"5":{"name":"(anonymous_5)","decl":{"start":{"line":44,"column":4},"end":{"line":44,"column":26}},"loc":{"start":{"line":44,"column":29},"end":{"line":46,"column":null}}},"6":{"name":"(anonymous_6)","decl":{"start":{"line":48,"column":4},"end":{"line":48,"column":20}},"loc":{"start":{"line":48,"column":23},"end":{"line":50,"column":null}}},"7":{"name":"(anonymous_7)","decl":{"start":{"line":52,"column":4},"end":{"line":52,"column":22}},"loc":{"start":{"line":52,"column":25},"end":{"line":54,"column":null}}},"8":{"name":"(anonymous_8)","decl":{"start":{"line":56,"column":4},"end":{"line":56,"column":31}},"loc":{"start":{"line":56,"column":34},"end":{"line":65,"column":null}}},"9":{"name":"(anonymous_9)","decl":{"start":{"line":68,"column":4},"end":{"line":68,"column":28}},"loc":{"start":{"line":68,"column":31},"end":{"line":70,"column":null}}},"10":{"name":"(anonymous_10)","decl":{"start":{"line":72,"column":4},"end":{"line":72,"column":27}},"loc":{"start":{"line":72,"column":30},"end":{"line":79,"column":null}}},"11":{"name":"(anonymous_11)","decl":{"start":{"line":81,"column":4},"end":{"line":81,"column":27}},"loc":{"start":{"line":81,"column":30},"end":{"line":83,"column":null}}},"12":{"name":"(anonymous_12)","decl":{"start":{"line":85,"column":4},"end":{"line":85,"column":29}},"loc":{"start":{"line":85,"column":32},"end":{"line":87,"column":null}}},"13":{"name":"(anonymous_13)","decl":{"start":{"line":89,"column":4},"end":{"line":89,"column":26}},"loc":{"start":{"line":89,"column":29},"end":{"line":91,"column":null}}},"14":{"name":"(anonymous_14)","decl":{"start":{"line":93,"column":4},"end":{"line":93,"column":13}},"loc":{"start":{"line":93,"column":39},"end":{"line":101,"column":5}}}},"branchMap":{"0":{"loc":{"start":{"line":3,"column":65},"end":{"line":3,"column":null}},"type":"cond-expr","locations":[{"start":{"line":3,"column":65},"end":{"line":3,"column":null}},{"start":{"line":3,"column":65},"end":{"line":3,"column":null}}]}},"s":{"0":0,"1":0,"2":0,"3":0,"4":0,"5":0,"6":0,"7":0,"8":0,"9":0,"10":0,"11":0,"12":0,"13":0,"14":0,"15":0,"16":0,"17":0,"18":0,"19":0},"f":{"0":0,"1":0,"2":0,"3":0,"4":0,"5":0,"6":0,"7":0,"8":0,"9":0,"10":0,"11":0,"12":0,"13":0,"14":0},"b":{"0":[0,0]}}
[...]
ame":"(anonymous_13)","decl":{"start":{"line":71,"column":54},"end":{"line":71,"column":55}},"loc":{"start":{"line":71,"column":60},"end":{"line":74,"column":9}}},"14":{"name":"(anonymous_14)","decl":{"start":{"line":77,"column":4},"end":{"line":77,"column":24}},"loc":{"start":{"line":77,"column":32},"end":{"line":79,"column":null}}},"15":{"name":"(anonymous_15)","decl":{"start":{"line":81,"column":4},"end":{"line":81,"column":13}},"loc":{"start":{"line":81,"column":30},"end":{"line":83,"column":null}}},"16":{"name":"(anonymous_16)","decl":{"start":{"line":85,"column":4},"end":{"line":85,"column":13}},"loc":{"start":{"line":85,"column":32},"end":{"line":88,"column":null}}},"17":{"name":"(anonymous_17)","decl":{"start":{"line":86,"column":40},"end":{"line":86,"column":41}},"loc":{"start":{"line":86,"column":45},"end":{"line":86,"column":78}}},"18":{"name":"(anonymous_18)","decl":{"start":{"line":90,"column":4},"end":{"line":90,"column":13}},"loc":{"start":{"line":90,"column":34},"end":{"line":92,"column":null}}},"19":{"name":"(anonymous_19)","decl":{"start":{"line":94,"column":4},"end":{"line":94,"column":13}},"loc":{"start":{"line":94,"column":38},"end":{"line":96,"column":5}}}},"branchMap":{"0":{"loc":{"start":{"line":1,"column":25},"end":{"line":1,"column":null}},"type":"cond-expr","locations":[{"start":{"line":1,"column":25},"end":{"line":1,"column":null}},{"start":{"line":1,"column":25},"end":{"line":1,"column":null}}]},"1":{"loc":{"start":{"line":18,"column":44},"end":{"line":18,"column":74}},"type":"binary-expr","locations":[{"start":{"line":18,"column":44},"end":{"line":18,"column":66}},{"start":{"line":18,"column":70},"end":{"line":18,"column":74}}]},"2":{"loc":{"start":{"line":22,"column":16},"end":{"line":24,"column":null}},"type":"if","locations":[{"start":{"line":22,"column":16},"end":{"line":24,"column":null}}]},"3":{"loc":{"start":{"line":60,"column":16},"end":{"line":61,"column":null}},"type":"binary-expr","locations":[{"start":{"line":60,"column":16},"end":{"line":60,"column":54}},{"start":{"line":61,"column":16},"end":{"line":61,"column":null}}]},"4":{"loc":{"start":{"line":66,"column":12},"end":{"line":68,"column":null}},"type":"if","locations":[{"start":{"line":66,"column":12},"end":{"line":68,"column":null}}]},"5":{"loc":{"start":{"line":87,"column":15},"end":{"line":87,"column":41}},"type":"cond-expr","locations":[{"start":{"line":87,"column":23},"end":{"line":87,"column":34}},{"start":{"line":87,"column":37},"end":{"line":87,"column":41}}]}},"s":{"0":0,"1":0,"2":0,"3":0,"4":0,"5":0,"6":0,"7":0,"8":0,"9":0,"10":0,"11":0,"12":0,"13":0,"14":0,"15":0,"16":0,"17":0,"18":0,"19":0,"20":0,"21":0,"22":0,"23":0,"24":0,"25":0,"26":0,"27":0,"28":0,"29":0,"30":0,"31":0,"32":0,"33":0,"34":0,"35":0,"36":0,"37":0,"38":0,"39":0,"40":0,"41":0,"42":0,"43":0,"44":0,"45":0,"46":0,"47":0,"48":0,"49":0},"f":{"0":0,"1":0,"2":0,"3":0,"4":0,"5":0,"6":0,"7":0,"8":0,"9":0,"10":0,"11":0,"12":0,"13":0,"14":0,"15":0,"16":0,"17":0,"18":0,"19":0},"b":{"0":[0,0],"1":[0,0],"2":[0],"3":[0,0],"4":[0],"5":[0,0]}}
,"/Users/jasonmu/OnboardingV2/force-app/unpackaged/lwc/onboardingECC/onboardingECC.js": {"path":"/Users/jasonmu/OnboardingV2/force-app/unpackaged/lwc/onboardingECC/onboardingECC.js","statementMap":{"0":{"start":{"line":1,"column":25},"end":{"line":1,"column":null}},"1":{"start":{"line":4,"column":60},"end":{"line":4,"column":null}},"2":{"start":{"line":4,"column":60},"end":{"line":5,"column":19}},"3":{"start":{"line":5,"column":19},"end":{"line":6,"column":null}},"4":{"start":{"line":6,"column":14},"end":{"line":7,"column":null}},"5":{"start":{"line":11,"column":8},"end":{"line":17,"column":null}},"6":{"start":{"line":12,"column":12},"end":{"line":12,"column":null}},"7":{"start":{"line":13,"column":12},"end":{"line":13,"column":null}},"8":{"start":{"line":14,"column":15},"end":{"line":17,"column":null}},"9":{"start":{"line":15,"column":12},"end":{"line":15,"column":null}},"10":{"start":{"line":16,"column":12},"end":{"line":16,"column":null}},"11":{"start":{"line":19,"column":1},"end":{"line":9,"column":null}},"12":{"start":{"line":9,"column":36},"end":{"line":9,"column":null}},"13":{"start":{"line":9,"column":52},"end":{"line":4,"column":43}},"14":{"start":{"line":4,"column":34},"end":{"line":4,"column":15}}},"fnMap":{"0":{"name":"_interopRequireDefault","decl":{"start":{"line":1,"column":25},"end":{"line":1,"column":null}},"loc":{"start":{"line":1,"column":25},"end":{"line":1,"column":null}}},"1":{"name":"(anonymous_2)","decl":{"start":{"line":4,"column":60},"end":{"line":4,"column":null}},"loc":{"start":{"line":4,"column":60},"end":{"line":7,"column":null}}},"2":{"name":"(anonymous_3)","decl":{"start":{"line":10,"column":4},"end":{"line":10,"column":12}},"loc":{"start":{"line":10,"column":30},"end":{"line":18,"column":5}}},"3":{"name":"(anonymous_4)","decl":{"start":{"line":9,"column":36},"end":{"line":9,"column":40}},"loc":{"start":{"line":9,"column":36},"end":{"line":9,"column":null}}}},"branchMap":{"0":{"loc":{"start":{"line":1,"column":25},"end":{"line":1,"column":null}},"type":"cond-expr","locations":[{"start":{"line":1,"column":25},"end":{"line":1,"column":null}},{"start":{"line":1,"column":25},"end":{"line":1,"column":null}}]},"1":{"loc":{"start":{"line":11,"column":8},"end":{"line":17,"column":null}},"type":"if","locations":[{"start":{"line":11,"column":8},"end":{"line":17,"column":null}},{"start":{"line":14,"column":15},"end":{"line":17,"column":null}}]},"2":{"loc":{"start":{"line":14,"column":15},"end":{"line":17,"column":null}},"type":"if","locations":[{"start":{"line":14,"column":15},"end":{"line":17,"column":null}}]}},"s":{"0":0,"1":0,"2":0,"3":0,"4":0,"5":0,"6":0,"7":0,"8":0,"9":0,"10":0,"11":0,"12":0,"13":0,"14":0},"f":{"0":0,"1":0,"2":0,"3":0},"b":{"0":[0,0],"1":[0,0],"2":[0]}}
,"/Users/jasonmu/OnboardingV2/force-app/unpackaged/lwc/onboardingOrderStatusViewer/onboardingOrderStatusViewer.js": {"path":"/Users/jasonmu/OnboardingV2/force-app/unpackaged/lwc/onboardingOrderStatusViewer/onboardingOrderStatusViewer.js","statementMap":{"0":{"start":{"line":1,"column":25},"end":{"line":1,"column":null}},"1":{"start":{"line":4,"column":74},"end":{"line":4,"column":null}},"2":{"start":{"line":4,"column":74},"end":{"line":5,"column":null}},"3":{"start":{"line":5,"column":17},"end":{"line":6,"column":null}},"4":{"start":{"line":6,"column":15},"end":{"line":7,"column":null}},"5":{"start":{"line":7,"column":9},"end":{"line":19,"column":null}},"6":{"start":{"line":23,"column":8},"end":{"line":50,"column":null}},"7":{"start":{"line":24,"column":12},"end":{"line":44,"column":null}},"8":{"start":{"line":25,"column":28},"end":{"line":25,"column":30}},"9":{"start":{"line":26,"column":16},"end":{"line":26,"column":null}},"10":{"start":{"line":28,"column":16},"end":{"line":31,"column":null}},"11":{"start":{"line":29,"column":20},"end":{"line":29,"column":null}},"12":{"start":{"line":30,"column":20},"end":{"line":30,"column":null}},"13":{"start":{"line":33,"column":16},"end":{"line":33,"column":null}},"14":{"start":{"line":33,"column":34},"end":{"line":33,"column":null}},"15":{"start":{"line":35,"column":16},"end":{"line":37,"column":null}},"16":{"start":{"line":36,"column":20},"end":{"line":36,"column":null}},"17":{"start":{"line":39,"column":16},"end":{"line":41,"column":null}},"18":{"start":{"line":40,"column":20},"end":{"line":40,"column":null}},"19":{"start":{"line":43,"column":16},"end":{"line":43,"column":null}},"20":{"start":{"line":46,"column":12},"end":{"line":46,"column":null}},"21":{"start":{"line":47,"column":15},"end":{"line":50,"column":null}},"22":{"start":{"line":48,"column":12},"end":{"line":48,"column":null}},"23":{"start":{"line":49,"column":12},"end":{"line":49,"column":null}},"24":{"start":{"line":54,"column":8},"end":{"line":54,"column":null}},"25":{"start":{"line":56,"column":1},"end":{"line":21,"column":null}},"26":{"start":{"line":21,"column":24},"end":{"line":21,"column":null}},"27":{"start":{"line":21,"column":40},"end":{"line":4,"column":57}},"28":{"start":{"line":4,"column":48},"end":{"line":4,"column":15}}},"fnMap":{"0":{"name":"_interopRequireDefault","decl":{"start":{"line":1,"column":25},"end":{"line":1,"column":null}},"loc":{"start":{"line":1,"column":25},"end":{"line":1,"column":null}}},"1":{"name":"(anonymous_2)","decl":{"start":{"line":4,"column":74},"end":{"line":4,"column":null}},"loc":{"start":{"line":4,"column":74},"end":{"line":19,"column":null}}},"2":{"name":"(anonymous_3)","decl":{"start":{"line":22,"column":4},"end":{"line":22,"column":15}},"loc":{"start":{"line":22,"column":33},"end":{"line":51,"column":null}}},"3":{"name":"(anonymous_4)","decl":{"start":{"line":24,"column":35},"end":{"line":24,"column":40}},"loc":{"start":{"line":24,"column":44},"end":{"line":44,"column":13}}},"4":{"name":"(anonymous_5)","decl":{"start":{"line":53,"column":4},"end":{"line":53,"column":8}},"loc":{"start":{"line":53,"column":20},"end":{"line":55,"column":5}}},"5":{"name":"(anonymous_6)","decl":{"start":{"line":21,"column":24},"end":{"line":21,"column":28}},"loc":{"start":{"line":21,"column":24},"end":{"line":21,"column":null}}}},"branchMap":{"0":{"loc":{"start":{"line":1,"column":25},"end":{"line":1,"column":null}},"type":"cond-expr","locations":[{"start":{"line":1,"column":25},"end":{"line":1,"column":null}},{"start":{"line":1,"column":25},"end":{"line":1,"column":null}}]},"1":{"loc":{"start":{"line":23,"column":8},"end":{"line":50,"column":null}},"type":"if","locations":[{"start":{"line":23,"column":8},"end":{"line":50,"column":null}},{"start":{"line":47,"column":15},"end":{"line":50,"column":null}}]},"2":{"loc":{"start":{"line":28,"column":16},"end":{"line":31,"column":null}},"type":"if","locations":[{"start":{"line":28,"column":16},"end":{"line":31,"column":null}}]},"3":{"loc":{"start":{"line":28,"column":20},"end":{"line":28,"column":54}},"type":"binary-expr","locations":[{"start":{"line":28,"column":20},"end":{"line":28,"column":37}},{"start":{"line":28,"column":41},"end":{"line":28,"column":54}}]},"4":{"loc":{"start":{"line":33,"column":16},"end":{"line":33,"column":null}},"type":"if","locations":[{"start":{"line":33,"column":16},"end":{"line":33,"column":null}}]},"5":{"loc":{"start":{"line":35,"column":16},"end":{"line":37,"column":null}},"type":"if","locations":[{"start":{"line":35,"column":16},"end":{"line":37,"column":null}}]},"6":{"loc":{"start":{"line":39,"column":16},"end":{"line":41,"column":null}},"type":"if","locations":[{"start":{"line":39,"column":16},"end":{"line":41,"column":null}}]},"7":{"loc":{"start":{"line":47,"column":15},"end":{"line":50,"column":null}},"type":"if","locations":[{"start":{"line":47,"column":15},"end":{"line":50,"column":null}}]},"8":{"loc":{"start":{"line":54,"column":15},"end":{"line":54,"column":52}},"type":"binary-expr","locations":[{"start":{"line":54,"column":15},"end":{"line":54,"column":26}},{"start":{"line":54,"column":30},"end":{"line":54,"column":52}}]}},"s":{"0":0,"1":0,"2":0,"3":0,"4":0,"5":0,"6":0,"7":0,"8":0,"9":0,"10":0,"11":0,"12":0,"13":0,"14":0,"15":0,"16":0,"17":0,"18":0,"19":0,"20":0,"21":0,"22":0,"23":0,"24":0,"25":0,"26":0,"27":0,"28":0},"f":{"0":0,"1":0,"2":0,"3":0,"4":0,"5":0},"b":{"0":[0,0],"1":[0,0],"2":[0],"3":[0,0],"4":[0],"5":[0],"6":[0],"7":[0],"8":[0,0]}}
,"/Users/jasonmu/OnboardingV2/force-app/unpackaged/lwc/onboardingStatusRuleForm/onboardingStatusRuleForm.js": {"path":"/Users/jasonmu/OnboardingV2/force-app/unpackaged/lwc/onboardingStatusRuleForm/onboardingStatusRuleForm.js","statementMap":{"0":{"start":{"line":1,"column":25},"end":{"line":1,"column":null}},"1":{"start":{"line":3,"column":71},"end":{"line":3,"column":null}},"2":{"start":{"line":3,"column":71},"end":{"line":4,"column":null}},"3":{"start":{"line":4,"column":17},"end":{"line":5,"column":null}},"4":{"start":{"line":8,"column":8},"end":{"line":8,"column":null}},"5":{"start":{"line":12,"column":8},"end":{"line":14,"column":null}},"6":{"start":{"line":18,"column":8},"end":{"line":18,"column":null}},"7":{"start":{"line":20,"column":1},"end":{"line":3,"column":54}},"8":{"start":{"line":3,"column":45},"end":{"line":3,"column":54}},"9":{"start":{"line":3,"column":45},"end":{"line":3,"column":15}}},"fnMap":{"0":{"name":"_interopRequireDefault","decl":{"start":{"line":1,"column":25},"end":{"line":1,"column":null}},"loc":{"start":{"line":1,"column":25},"end":{"line":1,"column":null}}},"1":{"name":"(anonymous_1)","decl":{"start":{"line":3,"column":71},"end":{"line":3,"column":null}},"loc":{"start":{"line":3,"column":71},"end":{"line":5,"column":null}}},"2":{"name":"(anonymous_2)","decl":{"start":{"line":7,"column":4},"end":{"line":7,"column":25}},"loc":{"start":{"line":7,"column":33},"end":{"line":9,"column":null}}},"3":{"name":"(anonymous_3)","decl":{"start":{"line":11,"column":4},"end":{"line":11,"column":17}},"loc":{"start":{"line":11,"column":20},"end":{"line":15,"column":null}}},"4":{"name":"(anonymous_4)","decl":{"start":{"line":17,"column":4},"end":{"line":17,"column":16}},"loc":{"start":{"line":17,"column":24},"end":{"line":19,"column":5}}}},"branchMap":{"0":{"loc":{"start":{"line":1,"column":25},"end":{"line":1,"column":null}},"type":"cond-expr","locations":[{"start":{"line":1,"column":25},"end":{"line":1,"column":null}},{"start":{"line":1,"column":25},"end":{"line":1,"column":null}}]}},"s":{"0":0,"1":0,"2":0,"3":0,"4":0,"5":0,"6":0,"7":0,"8":0,"9":0},"f":{"0":0,"1":0,"2":0,"3":0,"4":0},"b":{"0":[0,0]}}
,"/Users/jasonmu/OnboardingV2/force-app/unpackaged/lwc/vendorOnboardingPicker/vendorOnboardingPicker.js": {"path":"/Users/jasonmu/OnboardingV2/force-app/unpackaged/lwc/vendorOnboardingPicker/vendorOnboardingPicker.js","statementMap":{"0":{"start":{"line":1,"column":25},"end":{"line":1,"column":null}},"1":{"start":{"line":3,"column":69},"end":{"line":3,"column":null}},"2":{"start":{"line":3,"column":69},"end":{"line":4,"column":null}},"3":{"start":{"line":4,"column":19},"end":{"line":6,"column":null}},"4":{"start":{"line":6,"column":29},"end":{"line":7,"column":null}},"5":{"start":{"line":7,"column":29},"end":{"line":8,"column":null}},"6":{"start":{"line":8,"column":31},"end":{"line":10,"column":null}},"7":{"start":{"line":10,"column":25},"end":{"line":11,"column":null}},"8":{"start":{"line":11,"column":27},"end":{"line":12,"column":null}},"9":{"start":{"line":12,"column":29},"end":{"line":13,"column":null}},"10":{"start":{"line":13,"column":25},"end":{"line":15,"column":null}},"11":{"start":{"line":15,"column":31},"end":{"line":17,"column":null}},"12":{"start":{"line":17,"column":36},"end":{"line":18,"column":null}},"13":{"start":{"line":18,"column":38},"end":{"line":20,"column":null}},"14":{"start":{"line":23,"column":8},"end":{"line":31,"column":null}},"15":{"start":{"line":24,"column":12},"end":{"line":24,"column":null}},"16":{"start":{"line":25,"column":12},"end":{"line":28,"column":null}},"17":{"start":{"line":25,"column":59},"end":{"line":28,"column":13}},"18":{"start":{"line":30,"column":12},"end":{"line":30,"column":null}},"19":{"start":{"line":36,"column":8},"end":{"line":36,"column":null}},"20":{"start":{"line":37,"column":8},"end":{"line":37,"column":null}},"21":{"start":{"line":37,"column":62},"end":{"line":37,"column":98}},"22":{"start":{"line":38,"column":8},"end":{"line":38,"column":null}},"23":{"start":{"line":40,"column":8},"end":{"line":43,"column":null}},"24":{"start":{"line":40,"column":98},"end":{"line":43,"column":9}},"25":{"start":{"line":45,"column":8},"end":{"line":45,"column":null}},"26":{"start":{"line":46,"column":8},"end":{"line":46,"column":null}},"27":{"start":{"line":47,"column":8},"end":{"line":47,"column":null}},"28":{"start":{"line":49,"column":8},"end":{"line":49,"column":null}},"29":{"start":{"line":50,"column":8},"end":{"line":50,"column":null}},"30":{"start":{"line":52,"column":8},"end":{"line":52,"column":null}},"31":{"start":{"line":56,"column":8},"end":{"line":56,"column":null}},"32":{"start":{"line":57,"column":8},"end":{"line":57,"column":null}},"33":{"start":{"line":59,"column":30},"end":{"line":61,"column":9}},"34":{"start":{"line":60,"column":17},"end":{"line":60,"column":null}},"35":{"start":{"line":63,"column":8},"end":{"line":66,"column":null}},"36":{"start":{"line":63,"column":82},"end":{"line":66,"column":9}},"37":{"start":{"line":68,"column":8},"end":{"line":68,"column":null}},"38":{"start":{"line":69,"column":8},"end":{"line":69,"column":null}},"39":{"start":{"line":73,"column":8},"end":{"line":73,"column":null}},"40":{"start":{"line":74,"column":8},"end":{"line":74,"column":null}},"41":{"start":{"line":78,"column":8},"end":{"line":85,"column":null}},"42":{"start":{"line":87,"column":1},"end":{"line":3,"column":52}},"43":{"start":{"line":3,"column":43},"end":{"line":3,"column":52}},"44":{"start":{"line":3,"column":43},"end":{"line":3,"column":15}}},"fnMap":{"0":{"name":"_interopRequireDefault","decl":{"start":{"line":1,"column":25},"end":{"line":1,"column":null}},"loc":{"start":{"line":1,"column":25},"end":{"line":1,"column":null}}},"1":{"name":"(anonymous_1)","decl":{"start":{"line":3,"column":69},"end":{"line":3,"column":null}},"loc":{"start":{"line":3,"column":69},"end":{"line":20,"column":null}}},"2":{"name":"(anonymous_2)","decl":{"start":{"line":22,"column":4},"end":{"line":22,"column":21}},"loc":{"start":{"line":22,"column":24},"end":{"line":32,"column":null}}},"3":{"name":"(anonymous_3)","decl":{"start":{"line":25,"column":53},"end":{"line":25,"column":54}},"loc":{"start":{"line":25,"column":59},"end":{"line":28,"column":13}}},"4":{"name":"(anonymous_4)","decl":{"start":{"line":35,"column":4},"end":{"line":35,"column":22}},"loc":{"start":{"line":35,"column":30},"end":{"line":53,"column":null}}},"5":{"name":"(anonymous_5)","decl":{"start":{"line":37,"column":57},"end":{"line":37,"column":58}},"loc":{"start":{"line":37,"column":62},"end":{"line":37,"column":98}}},"6":{"name":"(anonymous_6)","decl":{"start":{"line":40,"column":91},"end":{"line":40,"column":93}},"loc":{"start":{"line":40,"column":98},"end":{"line":43,"column":9}}},"7":{"name":"(anonymous_7)","decl":{"start":{"line":55,"column":4},"end":{"line":55,"column":22}},"loc":{"start":{"line":55,"column":30},"end":{"line":70,"column":null}}},"8":{"name":"(anonymous_8)","decl":{"start":{"line":60,"column":12},"end":{"line":60,"column":13}},"loc":{"start":{"line":60,"column":17},"end":{"line":60,"column":null}}},"9":{"name":"(anonymous_9)","decl":{"start":{"line":63,"column":76},"end":{"line":63,"column":77}},"loc":{"start":{"line":63,"column":82},"end":{"line":66,"column":9}}},"10":{"name":"(anonymous_10)","decl":{"start":{"line":72,"column":4},"end":{"line":72,"column":24}},"loc":{"start":{"line":72,"column":32},"end":{"line":75,"column":null}}},"11":{"name":"(anonymous_11)","decl":{"start":{"line":77,"column":4},"end":{"line":77,"column":18}},"loc":{"start":{"line":77,"column":21},"end":{"line":86,"column":5}}}},"branchMap":{"0":{"loc":{"start":{"line":1,"column":25},"end":{"line":1,"column":null}},"type":"cond-expr","locations":[{"start":{"line":1,"column":25},"end":{"line":1,"column":null}},{"start":{"line":1,"column":25},"end":{"line":1,"column":null}}]},"1":{"loc":{"start":{"line":40,"column":30},"end":{"line":40,"column":85}},"type":"binary-expr","locations":[{"start":{"line":40,"column":30},"end":{"line":40,"column":79}},{"start":{"line":40,"column":83},"end":{"line":40,"column":85}}]},"2":{"loc":{"start":{"line":63,"column":32},"end":{"line":63,"column":70}},"type":"binary-expr","locations":[{"start":{"line":63,"column":32},"end":{"line":63,"column":64}},{"start":{"line":63,"column":68},"end":{"line":63,"column":70}}]}},"s":{"0":0,"1":0,"2":0,"3":0,"4":0,"5":0,"6":0,"7":0,"8":0,"9":0,"10":0,"11":0,"12":0,"13":0,"14":0,"15":0,"16":0,"17":0,"18":0,"19":0,"20":0,"21":0,"22":0,"23":0,"24":0,"25":0,"26":0,"27":0,"28":0,"29":0,"30":0,"31":0,"32":0,"33":0,"34":0,"35":0,"36":0,"37":0,"38":0,"39":0,"40":0,"41":0,"42":0,"43":0,"44":0},"f":{"0":0,"1":0,"2":0,"3":0,"4":0,"5":0,"6":0,"7":0,"8":0,"9":0,"10":0,"11":0},"b":{"0":[0,0],"1":[0,0],"2":[0,0]}}
}
