TN:
SF:force-app/main/default/lwc/accountProgramOnboardingModal/accountProgramOnboardingModal.js
FN:15,_interopRequireDefault
FN:19,(anonymous_9)
FN:41,(anonymous_10)
FN:50,(anonymous_11)
FN:55,(anonymous_12)
FN:69,(anonymous_13)
FN:71,(anonymous_14)
FN:72,(anonymous_15)
FN:82,(anonymous_16)
FN:86,(anonymous_17)
FN:87,(anonymous_18)
FN:99,(anonymous_19)
FN:117,(anonymous_20)
FN:120,(anonymous_21)
FN:130,(anonymous_22)
FN:141,(anonymous_23)
FN:150,(anonymous_24)
FN:154,(anonymous_25)
FN:167,(anonymous_26)
FN:184,(anonymous_27)
FN:188,(anonymous_28)
FN:191,(anonymous_29)
FN:194,(anonymous_30)
FN:197,(anonymous_31)
FN:203,(anonymous_32)
FN:207,(anonymous_33)
FN:211,(anonymous_34)
FN:215,(anonymous_35)
FN:231,(anonymous_36)
FN:235,(anonymous_37)
FN:245,(anonymous_38)
FN:309,(anonymous_39)
FN:316,(anonymous_40)
FN:49,(anonymous_41)
FN:68,(anonymous_42)
FNF:35
FNH:0
FNDA:0,_interopRequireDefault
FNDA:0,(anonymous_9)
FNDA:0,(anonymous_10)
FNDA:0,(anonymous_11)
FNDA:0,(anonymous_12)
FNDA:0,(anonymous_13)
FNDA:0,(anonymous_14)
FNDA:0,(anonymous_15)
FNDA:0,(anonymous_16)
FNDA:0,(anonymous_17)
FNDA:0,(anonymous_18)
FNDA:0,(anonymous_19)
FNDA:0,(anonymous_20)
FNDA:0,(anonymous_21)
FNDA:0,(anonymous_22)
FNDA:0,(anonymous_23)
FNDA:0,(anonymous_24)
FNDA:0,(anonymous_25)
FNDA:0,(anonymous_26)
FNDA:0,(anonymous_27)
FNDA:0,(anonymous_28)
FNDA:0,(anonymous_29)
FNDA:0,(anonymous_30)
FNDA:0,(anonymous_31)
FNDA:0,(anonymous_32)
FNDA:0,(anonymous_33)
FNDA:0,(anonymous_34)
FNDA:0,(anonymous_35)
FNDA:0,(anonymous_36)
FNDA:0,(anonymous_37)
FNDA:0,(anonymous_38)
FNDA:0,(anonymous_39)
FNDA:0,(anonymous_40)
FNDA:0,(anonymous_41)
FNDA:0,(anonymous_42)
DA:1,0
DA:2,0
DA:3,0
DA:4,0
DA:5,0
DA:14,0
DA:15,0
DA:19,0
DA:20,0
DA:21,0
DA:23,0
DA:24,0
DA:25,0
DA:26,0
DA:27,0
DA:28,0
DA:29,0
DA:30,0
DA:31,0
DA:32,0
DA:33,0
DA:35,0
DA:36,0
DA:37,0
DA:38,0
DA:42,0
DA:43,0
DA:44,0
DA:45,0
DA:49,0
DA:51,0
DA:53,0
DA:54,0
DA:56,0
DA:60,0
DA:61,0
DA:62,0
DA:63,0
DA:64,0
DA:68,0
DA:70,0
DA:71,0
DA:72,0
DA:73,0
DA:74,0
DA:76,0
DA:77,0
DA:78,0
DA:83,0
DA:87,0
DA:88,0
DA:100,0
DA:101,0
DA:102,0
DA:103,0
DA:104,0
DA:105,0
DA:106,0
DA:108,0
DA:110,0
DA:111,0
DA:113,0
DA:118,0
DA:119,0
DA:120,0
DA:127,0
DA:128,0
DA:130,0
DA:135,0
DA:136,0
DA:137,0
DA:142,0
DA:151,0
DA:155,0
DA:156,0
DA:158,0
DA:159,0
DA:160,0
DA:167,0
DA:171,0
DA:172,0
DA:175,0
DA:176,0
DA:177,0
DA:178,0
DA:180,0
DA:185,0
DA:189,0
DA:190,0
DA:191,0
DA:195,0
DA:196,0
DA:197,0
DA:204,0
DA:208,0
DA:212,0
DA:216,0
DA:219,0
DA:232,0
DA:236,0
DA:237,0
DA:239,0
DA:240,0
DA:241,0
DA:242,0
DA:243,0
DA:245,0
DA:246,0
DA:247,0
DA:248,0
DA:252,0
DA:253,0
DA:257,0
DA:266,0
DA:267,0
DA:276,0
DA:283,0
DA:291,0
DA:299,0
DA:300,0
DA:302,0
DA:303,0
DA:305,0
DA:310,0
DA:311,0
DA:312,0
DA:313,0
DA:317,0
DA:326,0
LF:129
LH:0
BRDA:15,0,0,0
BRDA:15,0,1,0
BRDA:51,1,0,0
BRDA:51,1,1,0
BRDA:51,2,0,0
BRDA:51,2,1,0
BRDA:56,3,0,0
BRDA:56,3,1,0
BRDA:56,3,2,0
BRDA:60,4,0,0
BRDA:60,4,1,0
BRDA:62,5,0,0
BRDA:70,6,0,0
BRDA:70,6,1,0
BRDA:73,7,0,0
BRDA:73,8,0,0
BRDA:73,8,1,0
BRDA:76,9,0,0
BRDA:83,10,0,0
BRDA:83,10,1,0
BRDA:83,10,2,0
BRDA:89,11,0,0
BRDA:89,11,1,0
BRDA:89,11,2,0
BRDA:89,11,3,0
BRDA:89,11,4,0
BRDA:89,11,5,0
BRDA:89,11,6,0
BRDA:103,12,0,0
BRDA:103,12,1,0
BRDA:104,13,0,0
BRDA:104,13,1,0
BRDA:105,14,0,0
BRDA:105,14,1,0
BRDA:120,15,0,0
BRDA:120,15,1,0
BRDA:127,16,0,0
BRDA:127,17,0,0
BRDA:127,17,1,0
BRDA:155,18,0,0
BRDA:168,19,0,0
BRDA:168,19,1,0
BRDA:171,20,0,0
BRDA:191,21,0,0
BRDA:191,21,1,0
BRDA:236,22,0,0
BRDA:241,23,0,0
BRDA:246,24,0,0
BRDA:321,25,0,0
BRDA:321,25,1,0
BRF:50
BRH:0
end_of_record
TN:
SF:force-app/main/default/lwc/adobeSyncFailuresTab/adobeSyncFailuresTab.js
FN:3,_interopRequireDefault
FN:8,(anonymous_4)
FN:57,(anonymous_5)
FN:68,(anonymous_6)
FN:85,(anonymous_7)
FN:88,(anonymous_8)
FN:92,(anonymous_9)
FN:98,(anonymous_10)
FN:108,(anonymous_11)
FN:111,(anonymous_12)
FN:115,(anonymous_13)
FN:121,(anonymous_14)
FN:126,(anonymous_15)
FN:131,(anonymous_16)
FN:136,(anonymous_17)
FN:141,(anonymous_18)
FN:145,(anonymous_19)
FN:152,(anonymous_20)
FN:154,(anonymous_21)
FN:155,(anonymous_22)
FN:159,(anonymous_23)
FN:165,(anonymous_24)
FN:172,(anonymous_25)
FN:174,(anonymous_26)
FN:175,(anonymous_27)
FN:179,(anonymous_28)
FN:185,(anonymous_29)
FN:190,(anonymous_30)
FN:195,(anonymous_31)
FN:203,(anonymous_32)
FN:212,(anonymous_33)
FN:222,(anonymous_34)
FN:231,(anonymous_35)
FN:235,(anonymous_36)
FN:243,(anonymous_37)
FN:251,(anonymous_38)
FN:259,(anonymous_39)
FN:53,(anonymous_40)
FNF:38
FNH:0
FNDA:0,_interopRequireDefault
FNDA:0,(anonymous_4)
FNDA:0,(anonymous_5)
FNDA:0,(anonymous_6)
FNDA:0,(anonymous_7)
FNDA:0,(anonymous_8)
FNDA:0,(anonymous_9)
FNDA:0,(anonymous_10)
FNDA:0,(anonymous_11)
FNDA:0,(anonymous_12)
FNDA:0,(anonymous_13)
FNDA:0,(anonymous_14)
FNDA:0,(anonymous_15)
FNDA:0,(anonymous_16)
FNDA:0,(anonymous_17)
FNDA:0,(anonymous_18)
FNDA:0,(anonymous_19)
FNDA:0,(anonymous_20)
FNDA:0,(anonymous_21)
FNDA:0,(anonymous_22)
FNDA:0,(anonymous_23)
FNDA:0,(anonymous_24)
FNDA:0,(anonymous_25)
FNDA:0,(anonymous_26)
FNDA:0,(anonymous_27)
FNDA:0,(anonymous_28)
FNDA:0,(anonymous_29)
FNDA:0,(anonymous_30)
FNDA:0,(anonymous_31)
FNDA:0,(anonymous_32)
FNDA:0,(anonymous_33)
FNDA:0,(anonymous_34)
FNDA:0,(anonymous_35)
FNDA:0,(anonymous_36)
FNDA:0,(anonymous_37)
FNDA:0,(anonymous_38)
FNDA:0,(anonymous_39)
FNDA:0,(anonymous_40)
DA:1,0
DA:2,0
DA:3,0
DA:8,0
DA:9,0
DA:10,0
DA:11,0
DA:12,0
DA:13,0
DA:18,0
DA:53,0
DA:55,0
DA:58,0
DA:59,0
DA:60,0
DA:61,0
DA:62,0
DA:63,0
DA:64,0
DA:69,0
DA:70,0
DA:72,0
DA:74,0
DA:75,0
DA:77,0
DA:78,0
DA:80,0
DA:81,0
DA:86,0
DA:87,0
DA:89,0
DA:90,0
DA:93,0
DA:94,0
DA:99,0
DA:109,0
DA:110,0
DA:112,0
DA:113,0
DA:116,0
DA:117,0
DA:122,0
DA:123,0
DA:127,0
DA:128,0
DA:132,0
DA:133,0
DA:137,0
DA:138,0
DA:142,0
DA:146,0
DA:147,0
DA:148,0
DA:151,0
DA:152,0
DA:154,0
DA:156,0
DA:157,0
DA:160,0
DA:161,0
DA:166,0
DA:167,0
DA:168,0
DA:171,0
DA:172,0
DA:174,0
DA:176,0
DA:177,0
DA:180,0
DA:181,0
DA:187,0
DA:191,0
DA:196,0
DA:204,0
DA:213,0
DA:223,0
DA:232,0
DA:236,0
DA:244,0
DA:252,0
DA:260,0
DA:266,0
LF:82
LH:0
BRDA:3,0,0,0
BRDA:3,0,1,0
BRDA:59,1,0,0
BRDA:59,1,1,0
BRDA:62,2,0,0
BRDA:72,3,0,0
BRDA:72,3,1,0
BRDA:72,3,2,0
BRDA:93,4,0,0
BRDA:93,4,1,0
BRDA:116,5,0,0
BRDA:116,5,1,0
BRDA:146,6,0,0
BRDA:160,7,0,0
BRDA:160,7,1,0
BRDA:166,8,0,0
BRDA:180,9,0,0
BRDA:180,9,1,0
BRDA:232,10,0,0
BRDA:232,10,1,0
BRF:20
BRH:0
end_of_record
TN:
SF:force-app/main/default/lwc/messagingIssuesTab/messagingIssuesTab.js
FN:3,_interopRequireDefault
FN:8,(anonymous_4)
FN:57,(anonymous_5)
FN:68,(anonymous_6)
FN:85,(anonymous_7)
FN:88,(anonymous_8)
FN:92,(anonymous_9)
FN:98,(anonymous_10)
FN:108,(anonymous_11)
FN:111,(anonymous_12)
FN:115,(anonymous_13)
FN:121,(anonymous_14)
FN:126,(anonymous_15)
FN:133,(anonymous_16)
FN:138,(anonymous_17)
FN:143,(anonymous_18)
FN:148,(anonymous_19)
FN:152,(anonymous_20)
FN:159,(anonymous_21)
FN:162,(anonymous_22)
FN:163,(anonymous_23)
FN:167,(anonymous_24)
FN:173,(anonymous_25)
FN:180,(anonymous_26)
FN:182,(anonymous_27)
FN:183,(anonymous_28)
FN:187,(anonymous_29)
FN:193,(anonymous_30)
FN:198,(anonymous_31)
FN:203,(anonymous_32)
FN:211,(anonymous_33)
FN:220,(anonymous_34)
FN:229,(anonymous_35)
FN:238,(anonymous_36)
FN:242,(anonymous_37)
FN:250,(anonymous_38)
FN:258,(anonymous_39)
FN:266,(anonymous_40)
FN:53,(anonymous_41)
FNF:39
FNH:0
FNDA:0,_interopRequireDefault
FNDA:0,(anonymous_4)
FNDA:0,(anonymous_5)
FNDA:0,(anonymous_6)
FNDA:0,(anonymous_7)
FNDA:0,(anonymous_8)
FNDA:0,(anonymous_9)
FNDA:0,(anonymous_10)
FNDA:0,(anonymous_11)
FNDA:0,(anonymous_12)
FNDA:0,(anonymous_13)
FNDA:0,(anonymous_14)
FNDA:0,(anonymous_15)
FNDA:0,(anonymous_16)
FNDA:0,(anonymous_17)
FNDA:0,(anonymous_18)
FNDA:0,(anonymous_19)
FNDA:0,(anonymous_20)
FNDA:0,(anonymous_21)
FNDA:0,(anonymous_22)
FNDA:0,(anonymous_23)
FNDA:0,(anonymous_24)
FNDA:0,(anonymous_25)
FNDA:0,(anonymous_26)
FNDA:0,(anonymous_27)
FNDA:0,(anonymous_28)
FNDA:0,(anonymous_29)
FNDA:0,(anonymous_30)
FNDA:0,(anonymous_31)
FNDA:0,(anonymous_32)
FNDA:0,(anonymous_33)
FNDA:0,(anonymous_34)
FNDA:0,(anonymous_35)
FNDA:0,(anonymous_36)
FNDA:0,(anonymous_37)
FNDA:0,(anonymous_38)
FNDA:0,(anonymous_39)
FNDA:0,(anonymous_40)
FNDA:0,(anonymous_41)
DA:1,0
DA:2,0
DA:3,0
DA:8,0
DA:9,0
DA:10,0
DA:11,0
DA:12,0
DA:13,0
DA:18,0
DA:53,0
DA:55,0
DA:58,0
DA:59,0
DA:60,0
DA:61,0
DA:62,0
DA:63,0
DA:64,0
DA:69,0
DA:70,0
DA:72,0
DA:74,0
DA:75,0
DA:77,0
DA:78,0
DA:80,0
DA:81,0
DA:86,0
DA:87,0
DA:89,0
DA:90,0
DA:93,0
DA:94,0
DA:99,0
DA:109,0
DA:110,0
DA:112,0
DA:113,0
DA:116,0
DA:117,0
DA:122,0
DA:123,0
DA:127,0
DA:128,0
DA:129,0
DA:130,0
DA:134,0
DA:135,0
DA:139,0
DA:140,0
DA:144,0
DA:145,0
DA:149,0
DA:153,0
DA:154,0
DA:155,0
DA:158,0
DA:159,0
DA:162,0
DA:164,0
DA:165,0
DA:168,0
DA:169,0
DA:174,0
DA:175,0
DA:176,0
DA:179,0
DA:180,0
DA:182,0
DA:184,0
DA:185,0
DA:188,0
DA:189,0
DA:195,0
DA:199,0
DA:204,0
DA:212,0
DA:221,0
DA:230,0
DA:239,0
DA:243,0
DA:251,0
DA:259,0
DA:267,0
DA:273,0
LF:86
LH:0
BRDA:3,0,0,0
BRDA:3,0,1,0
BRDA:59,1,0,0
BRDA:59,1,1,0
BRDA:62,2,0,0
BRDA:72,3,0,0
BRDA:72,3,1,0
BRDA:72,3,2,0
BRDA:93,4,0,0
BRDA:93,4,1,0
BRDA:116,5,0,0
BRDA:116,5,1,0
BRDA:153,6,0,0
BRDA:168,7,0,0
BRDA:168,7,1,0
BRDA:174,8,0,0
BRDA:188,9,0,0
BRDA:188,9,1,0
BRDA:239,10,0,0
BRDA:239,10,1,0
BRF:20
BRH:0
end_of_record
TN:
SF:force-app/main/default/lwc/onboardingAdminDashboard/onboardingAdminDashboard.js
FN:2,_interopRequireDefault
FN:5,(anonymous_2)
FN:22,(anonymous_3)
FN:43,(anonymous_4)
FN:84,(anonymous_5)
FN:90,(anonymous_6)
FN:96,(anonymous_7)
FN:102,(anonymous_8)
FN:108,(anonymous_9)
FN:112,(anonymous_10)
FN:116,(anonymous_11)
FN:120,(anonymous_12)
FN:124,(anonymous_13)
FN:128,(anonymous_14)
FN:132,(anonymous_15)
FN:136,(anonymous_16)
FN:145,(anonymous_17)
FN:153,(anonymous_18)
FN:163,(anonymous_19)
FN:21,(anonymous_20)
FNF:20
FNH:0
FNDA:0,_interopRequireDefault
FNDA:0,(anonymous_2)
FNDA:0,(anonymous_3)
FNDA:0,(anonymous_4)
FNDA:0,(anonymous_5)
FNDA:0,(anonymous_6)
FNDA:0,(anonymous_7)
FNDA:0,(anonymous_8)
FNDA:0,(anonymous_9)
FNDA:0,(anonymous_10)
FNDA:0,(anonymous_11)
FNDA:0,(anonymous_12)
FNDA:0,(anonymous_13)
FNDA:0,(anonymous_14)
FNDA:0,(anonymous_15)
FNDA:0,(anonymous_16)
FNDA:0,(anonymous_17)
FNDA:0,(anonymous_18)
FNDA:0,(anonymous_19)
FNDA:0,(anonymous_20)
DA:1,0
DA:2,0
DA:5,0
DA:16,0
DA:18,0
DA:21,0
DA:23,0
DA:24,0
DA:25,0
DA:36,0
DA:37,0
DA:38,0
DA:39,0
DA:44,0
DA:47,0
DA:48,0
DA:54,0
DA:55,0
DA:64,0
DA:65,0
DA:74,0
DA:75,0
DA:85,0
DA:86,0
DA:87,0
DA:91,0
DA:92,0
DA:93,0
DA:97,0
DA:98,0
DA:99,0
DA:103,0
DA:104,0
DA:105,0
DA:109,0
DA:113,0
DA:117,0
DA:121,0
DA:125,0
DA:129,0
DA:133,0
DA:137,0
DA:142,0
DA:146,0
DA:148,0
DA:154,0
DA:160,0
DA:164,0
DA:172,0
LF:49
LH:0
BRDA:2,0,0,0
BRDA:2,0,1,0
BRDA:24,1,0,0
BRDA:24,1,1,0
BRDA:26,2,0,0
BRDA:26,2,1,0
BRDA:27,3,0,0
BRDA:27,3,1,0
BRDA:28,4,0,0
BRDA:28,4,1,0
BRDA:29,5,0,0
BRDA:29,5,1,0
BRDA:30,6,0,0
BRDA:30,6,1,0
BRDA:31,7,0,0
BRDA:31,7,1,0
BRDA:32,8,0,0
BRDA:32,8,1,0
BRDA:33,9,0,0
BRDA:33,9,1,0
BRDA:34,10,0,0
BRDA:34,10,1,0
BRDA:37,11,0,0
BRDA:47,12,0,0
BRDA:47,12,1,0
BRDA:54,13,0,0
BRDA:64,14,0,0
BRDA:74,15,0,0
BRDA:85,16,0,0
BRDA:86,17,0,0
BRDA:91,18,0,0
BRDA:92,19,0,0
BRDA:97,20,0,0
BRDA:98,21,0,0
BRDA:103,22,0,0
BRDA:104,23,0,0
BRDA:125,24,0,0
BRDA:125,24,1,0
BRDA:129,25,0,0
BRDA:129,25,1,0
BRDA:133,26,0,0
BRDA:133,26,1,0
BRDA:142,27,0,0
BRDA:142,27,1,0
BRDA:160,28,0,0
BRDA:160,28,1,0
BRF:46
BRH:0
end_of_record
TN:
SF:force-app/main/default/lwc/onboardingAdminToolsPanel/onboardingAdminToolsPanel.js
FN:3,_interopRequireDefault
FN:7,(anonymous_1)
FN:18,(anonymous_2)
FN:29,(anonymous_3)
FN:40,(anonymous_4)
FN:44,(anonymous_5)
FN:48,(anonymous_6)
FN:52,(anonymous_7)
FN:56,(anonymous_8)
FN:68,(anonymous_9)
FN:72,(anonymous_10)
FN:81,(anonymous_11)
FN:85,(anonymous_12)
FN:89,(anonymous_13)
FN:93,(anonymous_14)
FNF:15
FNH:0
FNDA:0,_interopRequireDefault
FNDA:0,(anonymous_1)
FNDA:0,(anonymous_2)
FNDA:0,(anonymous_3)
FNDA:0,(anonymous_4)
FNDA:0,(anonymous_5)
FNDA:0,(anonymous_6)
FNDA:0,(anonymous_7)
FNDA:0,(anonymous_8)
FNDA:0,(anonymous_9)
FNDA:0,(anonymous_10)
FNDA:0,(anonymous_11)
FNDA:0,(anonymous_12)
FNDA:0,(anonymous_13)
FNDA:0,(anonymous_14)
DA:1,0
DA:2,0
DA:3,0
DA:5,0
DA:8,0
DA:19,0
DA:30,0
DA:41,0
DA:45,0
DA:49,0
DA:53,0
DA:57,0
DA:69,0
DA:73,0
DA:82,0
DA:86,0
DA:90,0
DA:94,0
DA:102,0
LF:19
LH:0
BRDA:3,0,0,0
BRDA:3,0,1,0
BRF:2
BRH:0
end_of_record
TN:
SF:force-app/main/default/lwc/onboardingAppHeaderBar/onboardingAppHeaderBar.js
FN:5,_interopRequireDefault
FN:25,(anonymous_2)
FN:31,(anonymous_3)
FN:39,(anonymous_4)
FN:49,(anonymous_5)
FN:62,(anonymous_6)
FN:65,(anonymous_7)
FN:68,(anonymous_8)
FN:71,(anonymous_9)
FN:74,(anonymous_10)
FN:77,(anonymous_11)
FN:80,(anonymous_12)
FN:83,(anonymous_13)
FN:88,(anonymous_14)
FN:93,(anonymous_15)
FN:103,(anonymous_16)
FN:109,(anonymous_17)
FN:110,(anonymous_18)
FN:113,(anonymous_19)
FN:117,(anonymous_20)
FN:122,(anonymous_21)
FN:132,(anonymous_22)
FN:139,(anonymous_23)
FN:148,(anonymous_24)
FN:150,(anonymous_25)
FN:169,(anonymous_26)
FN:175,(anonymous_27)
FN:179,(anonymous_28)
FN:185,(anonymous_29)
FN:36,(anonymous_30)
FN:48,(anonymous_31)
FNF:31
FNH:0
FNDA:0,_interopRequireDefault
FNDA:0,(anonymous_2)
FNDA:0,(anonymous_3)
FNDA:0,(anonymous_4)
FNDA:0,(anonymous_5)
FNDA:0,(anonymous_6)
FNDA:0,(anonymous_7)
FNDA:0,(anonymous_8)
FNDA:0,(anonymous_9)
FNDA:0,(anonymous_10)
FNDA:0,(anonymous_11)
FNDA:0,(anonymous_12)
FNDA:0,(anonymous_13)
FNDA:0,(anonymous_14)
FNDA:0,(anonymous_15)
FNDA:0,(anonymous_16)
FNDA:0,(anonymous_17)
FNDA:0,(anonymous_18)
FNDA:0,(anonymous_19)
FNDA:0,(anonymous_20)
FNDA:0,(anonymous_21)
FNDA:0,(anonymous_22)
FNDA:0,(anonymous_23)
FNDA:0,(anonymous_24)
FNDA:0,(anonymous_25)
FNDA:0,(anonymous_26)
FNDA:0,(anonymous_27)
FNDA:0,(anonymous_28)
FNDA:0,(anonymous_29)
FNDA:0,(anonymous_30)
FNDA:0,(anonymous_31)
DA:1,0
DA:2,0
DA:3,0
DA:5,0
DA:7,0
DA:8,0
DA:9,0
DA:10,0
DA:11,0
DA:12,0
DA:15,0
DA:16,0
DA:17,0
DA:18,0
DA:19,0
DA:20,0
DA:26,0
DA:28,0
DA:32,0
DA:35,0
DA:36,0
DA:41,0
DA:48,0
DA:50,0
DA:51,0
DA:52,0
DA:53,0
DA:56,0
DA:57,0
DA:63,0
DA:66,0
DA:69,0
DA:72,0
DA:75,0
DA:78,0
DA:81,0
DA:84,0
DA:89,0
DA:90,0
DA:94,0
DA:95,0
DA:96,0
DA:97,0
DA:99,0
DA:104,0
DA:108,0
DA:109,0
DA:110,0
DA:114,0
DA:118,0
DA:123,0
DA:125,0
DA:127,0
DA:128,0
DA:130,0
DA:132,0
DA:133,0
DA:134,0
DA:140,0
DA:142,0
DA:143,0
DA:145,0
DA:149,0
DA:150,0
DA:152,0
DA:155,0
DA:156,0
DA:158,0
DA:159,0
DA:160,0
DA:162,0
DA:163,0
DA:164,0
DA:170,0
DA:171,0
DA:176,0
DA:177,0
DA:180,0
DA:181,0
DA:186,0
DA:188,0
LF:81
LH:0
BRDA:5,0,0,0
BRDA:5,0,1,0
BRDA:50,1,0,0
BRDA:50,1,1,0
BRDA:56,2,0,0
BRDA:63,3,0,0
BRDA:63,3,1,0
BRDA:69,4,0,0
BRDA:69,4,1,0
BRDA:75,5,0,0
BRDA:75,5,1,0
BRDA:78,6,0,0
BRDA:78,6,1,0
BRDA:99,7,0,0
BRDA:99,7,1,0
BRDA:99,7,2,0
BRDA:110,8,0,0
BRDA:110,8,1,0
BRDA:110,8,2,0
BRDA:130,9,0,0
BRDA:140,10,0,0
BRDA:142,11,0,0
BRDA:142,11,1,0
BRDA:145,12,0,0
BRDA:152,13,0,0
BRDA:152,13,1,0
BRDA:152,13,2,0
BRDA:152,13,3,0
BRDA:152,13,4,0
BRDA:185,14,0,0
BRF:30
BRH:0
end_of_record
TN:
SF:force-app/main/default/lwc/onboardingAppRequirementSetupWizard/onboardingAppRequirementSetupWizard.js
FN:6,_interopRequireDefault
FN:9,(anonymous_4)
FN:20,(anonymous_5)
FN:22,(anonymous_6)
FN:31,(anonymous_7)
FN:35,(anonymous_8)
FN:39,(anonymous_9)
FN:43,(anonymous_10)
FN:47,(anonymous_11)
FN:58,(anonymous_12)
FN:80,(anonymous_13)
FN:19,(anonymous_14)
FNF:12
FNH:0
FNDA:0,_interopRequireDefault
FNDA:0,(anonymous_4)
FNDA:0,(anonymous_5)
FNDA:0,(anonymous_6)
FNDA:0,(anonymous_7)
FNDA:0,(anonymous_8)
FNDA:0,(anonymous_9)
FNDA:0,(anonymous_10)
FNDA:0,(anonymous_11)
FNDA:0,(anonymous_12)
FNDA:0,(anonymous_13)
FNDA:0,(anonymous_14)
DA:1,0
DA:6,0
DA:9,0
DA:10,0
DA:11,0
DA:12,0
DA:13,0
DA:14,0
DA:15,0
DA:19,0
DA:21,0
DA:22,0
DA:26,0
DA:32,0
DA:36,0
DA:40,0
DA:44,0
DA:48,0
DA:49,0
DA:50,0
DA:51,0
DA:52,0
DA:59,0
DA:61,0
DA:62,0
DA:70,0
DA:71,0
DA:73,0
DA:74,0
DA:81,0
DA:85,0
LF:31
LH:0
BRDA:6,0,0,0
BRDA:6,0,1,0
BRDA:21,1,0,0
BRDA:21,1,1,0
BRDA:26,2,0,0
BRDA:59,3,0,0
BRDA:59,4,0,0
BRDA:59,4,1,0
BRDA:59,4,2,0
BRF:9
BRH:0
end_of_record
TN:
SF:force-app/main/default/lwc/onboardingAppVendorProgramECCManager/onboardingAppVendorProgramECCManager.js
FN:7,_interopRequireDefault
FN:9,(anonymous_5)
FN:41,(anonymous_6)
FN:45,(anonymous_7)
FN:53,(anonymous_8)
FN:59,(anonymous_9)
FN:66,(anonymous_10)
FN:70,(anonymous_11)
FN:83,(anonymous_12)
FN:88,(anonymous_13)
FN:92,(anonymous_14)
FN:96,(anonymous_15)
FN:113,(anonymous_16)
FN:117,(anonymous_17)
FNF:14
FNH:6
FNDA:1,_interopRequireDefault
FNDA:17,(anonymous_5)
FNDA:17,(anonymous_6)
FNDA:17,(anonymous_7)
FNDA:30,(anonymous_8)
FNDA:0,(anonymous_9)
FNDA:0,(anonymous_10)
FNDA:0,(anonymous_11)
FNDA:0,(anonymous_12)
FNDA:0,(anonymous_13)
FNDA:0,(anonymous_14)
FNDA:0,(anonymous_15)
FNDA:0,(anonymous_16)
FNDA:2,(anonymous_17)
DA:1,1
DA:7,9
DA:9,17
DA:10,17
DA:12,17
DA:13,17
DA:14,17
DA:15,17
DA:17,17
DA:18,17
DA:42,17
DA:46,17
DA:47,17
DA:52,16
DA:53,30
DA:55,2
DA:60,0
DA:61,0
DA:62,0
DA:67,0
DA:71,0
DA:72,0
DA:76,0
DA:77,0
DA:79,0
DA:84,0
DA:85,0
DA:89,0
DA:93,0
DA:97,0
DA:99,0
DA:104,0
DA:105,0
DA:106,0
DA:107,0
DA:109,0
DA:114,0
DA:118,2
DA:124,1
LF:39
LH:18
BRDA:7,0,0,2
BRDA:7,0,1,1
BRDA:60,1,0,0
BRDA:62,2,0,0
BRDA:62,2,1,0
BRDA:120,3,0,2
BRDA:120,3,1,1
BRDA:120,3,2,0
BRF:8
BRH:4
end_of_record
TN:
SF:force-app/main/default/lwc/onboardingApplicationFlow/onboardingApplicationFlow.js
FN:3,_interopRequireDefault
FN:7,(anonymous_3)
FN:15,(anonymous_4)
FN:21,(anonymous_5)
FN:25,(anonymous_6)
FN:32,(anonymous_7)
FN:36,(anonymous_8)
FN:40,(anonymous_9)
FN:44,(anonymous_10)
FN:48,(anonymous_11)
FN:70,(anonymous_12)
FN:76,(anonymous_13)
FNF:12
FNH:0
FNDA:0,_interopRequireDefault
FNDA:0,(anonymous_3)
FNDA:0,(anonymous_4)
FNDA:0,(anonymous_5)
FNDA:0,(anonymous_6)
FNDA:0,(anonymous_7)
FNDA:0,(anonymous_8)
FNDA:0,(anonymous_9)
FNDA:0,(anonymous_10)
FNDA:0,(anonymous_11)
FNDA:0,(anonymous_12)
FNDA:0,(anonymous_13)
DA:1,0
DA:2,0
DA:3,0
DA:7,0
DA:8,0
DA:9,0
DA:11,0
DA:12,0
DA:16,0
DA:18,0
DA:22,0
DA:26,0
DA:33,0
DA:37,0
DA:41,0
DA:45,0
DA:49,0
DA:50,0
DA:55,0
DA:56,0
DA:58,0
DA:59,0
DA:60,0
DA:71,0
DA:72,0
DA:77,0
DA:78,0
DA:81,0
LF:28
LH:0
BRDA:3,0,0,0
BRDA:3,0,1,0
BRDA:18,1,0,0
BRDA:18,1,1,0
BRDA:22,2,0,0
BRDA:22,2,1,0
BRDA:33,3,0,0
BRDA:33,3,1,0
BRDA:33,3,2,0
BRDA:55,4,0,0
BRDA:55,4,1,0
BRDA:56,5,0,0
BRDA:56,5,1,0
BRDA:71,6,0,0
BRDA:77,7,0,0
BRF:15
BRH:0
end_of_record
TN:
SF:force-app/main/default/lwc/onboardingDealerOnboardingModal/onboardingDealerOnboardingModal.js
FN:2,_interopRequireDefault
FN:4,(anonymous_1)
FN:8,(anonymous_2)
FN:9,(anonymous_3)
FN:15,(anonymous_4)
FN:19,(anonymous_5)
FN:37,(anonymous_6)
FNF:7
FNH:0
FNDA:0,_interopRequireDefault
FNDA:0,(anonymous_1)
FNDA:0,(anonymous_2)
FNDA:0,(anonymous_3)
FNDA:0,(anonymous_4)
FNDA:0,(anonymous_5)
FNDA:0,(anonymous_6)
DA:1,0
DA:2,0
DA:4,0
DA:5,0
DA:9,0
DA:16,0
DA:20,0
DA:21,0
DA:27,0
DA:38,0
DA:40,0
LF:11
LH:0
BRDA:2,0,0,0
BRDA:2,0,1,0
BRDA:9,1,0,0
BRDA:9,1,1,0
BRDA:10,2,0,0
BRDA:10,2,1,0
BRDA:20,3,0,0
BRDA:20,3,1,0
BRF:8
BRH:0
end_of_record
TN:
SF:force-app/main/default/lwc/onboardingFilterChips/onboardingFilterChips.js
FN:1,_interopRequireDefault
FN:5,(anonymous_3)
FN:29,(anonymous_4)
FN:34,(anonymous_5)
FN:46,(anonymous_6)
FN:51,(anonymous_7)
FN:62,(anonymous_8)
FN:67,(anonymous_9)
FN:74,(anonymous_10)
FN:81,(anonymous_11)
FN:86,(anonymous_12)
FN:99,(anonymous_13)
FN:107,(anonymous_14)
FN:111,(anonymous_15)
FN:28,(anonymous_16)
FN:45,(anonymous_17)
FNF:16
FNH:0
FNDA:0,_interopRequireDefault
FNDA:0,(anonymous_3)
FNDA:0,(anonymous_4)
FNDA:0,(anonymous_5)
FNDA:0,(anonymous_6)
FNDA:0,(anonymous_7)
FNDA:0,(anonymous_8)
FNDA:0,(anonymous_9)
FNDA:0,(anonymous_10)
FNDA:0,(anonymous_11)
FNDA:0,(anonymous_12)
FNDA:0,(anonymous_13)
FNDA:0,(anonymous_14)
FNDA:0,(anonymous_15)
FNDA:0,(anonymous_16)
FNDA:0,(anonymous_17)
DA:1,0
DA:5,0
DA:6,0
DA:7,0
DA:8,0
DA:9,0
DA:10,0
DA:12,0
DA:13,0
DA:20,0
DA:28,0
DA:30,0
DA:32,0
DA:34,0
DA:39,0
DA:40,0
DA:41,0
DA:45,0
DA:47,0
DA:49,0
DA:51,0
DA:56,0
DA:57,0
DA:58,0
DA:63,0
DA:64,0
DA:68,0
DA:70,0
DA:71,0
DA:75,0
DA:77,0
DA:78,0
DA:82,0
DA:83,0
DA:87,0
DA:100,0
DA:101,0
DA:104,0
DA:108,0
DA:112,0
DA:114,0
LF:41
LH:0
BRDA:1,0,0,0
BRDA:1,0,1,0
BRDA:30,1,0,0
BRDA:30,1,1,0
BRDA:35,2,0,0
BRDA:35,2,1,0
BRDA:36,3,0,0
BRDA:36,3,1,0
BRDA:39,4,0,0
BRDA:47,5,0,0
BRDA:47,5,1,0
BRDA:52,6,0,0
BRDA:52,6,1,0
BRDA:53,7,0,0
BRDA:53,7,1,0
BRDA:56,8,0,0
BRDA:70,9,0,0
BRDA:70,9,1,0
BRDA:70,10,0,0
BRDA:70,10,1,0
BRDA:77,11,0,0
BRDA:77,11,1,0
BRDA:77,12,0,0
BRDA:77,12,1,0
BRDA:100,13,0,0
BRDA:108,14,0,0
BRDA:108,14,1,0
BRDA:108,15,0,0
BRDA:108,15,1,0
BRDA:112,16,0,0
BRDA:112,16,1,0
BRDA:112,17,0,0
BRDA:112,17,1,0
BRF:33
BRH:0
end_of_record
TN:
SF:force-app/main/default/lwc/onboardingHomeDashboard/onboardingHomeDashboard.js
FN:4,_interopRequireDefault
FN:16,(anonymous_10)
FN:103,(anonymous_11)
FN:107,(anonymous_12)
FN:114,(anonymous_13)
FN:121,(anonymous_14)
FN:131,(anonymous_15)
FN:134,(anonymous_16)
FN:152,(anonymous_17)
FN:165,(anonymous_18)
FN:181,(anonymous_19)
FN:184,(anonymous_20)
FN:197,(anonymous_21)
FN:204,(anonymous_22)
FN:205,(anonymous_23)
FN:218,(anonymous_24)
FN:232,(anonymous_25)
FN:235,(anonymous_26)
FN:244,(anonymous_27)
FN:257,(anonymous_28)
FN:261,(anonymous_29)
FN:265,(anonymous_30)
FN:269,(anonymous_31)
FN:273,(anonymous_32)
FN:277,(anonymous_33)
FN:281,(anonymous_34)
FN:286,(anonymous_35)
FN:300,(anonymous_36)
FN:305,(anonymous_37)
FN:322,(anonymous_38)
FN:327,(anonymous_39)
FN:333,(anonymous_40)
FN:339,(anonymous_41)
FN:344,(anonymous_42)
FN:351,(anonymous_43)
FN:355,(anonymous_44)
FN:361,(anonymous_45)
FN:366,(anonymous_46)
FN:371,(anonymous_47)
FN:383,(anonymous_48)
FN:395,(anonymous_49)
FN:406,(anonymous_50)
FN:421,(anonymous_51)
FN:426,(anonymous_52)
FN:432,(anonymous_53)
FN:437,(anonymous_54)
FN:447,(anonymous_55)
FN:453,(anonymous_56)
FN:461,(anonymous_57)
FN:470,(anonymous_58)
FN:485,(anonymous_59)
FN:493,(anonymous_60)
FN:498,(anonymous_61)
FN:508,(anonymous_62)
FN:513,(anonymous_63)
FN:519,(anonymous_64)
FN:520,(anonymous_65)
FN:531,(anonymous_66)
FN:532,(anonymous_67)
FN:537,(anonymous_68)
FN:125,(anonymous_69)
FN:146,(anonymous_70)
FN:160,(anonymous_71)
FN:175,(anonymous_72)
FN:193,(anonymous_73)
FN:213,(anonymous_74)
FN:226,(anonymous_75)
FNF:67
FNH:0
FNDA:0,_interopRequireDefault
FNDA:0,(anonymous_10)
FNDA:0,(anonymous_11)
FNDA:0,(anonymous_12)
FNDA:0,(anonymous_13)
FNDA:0,(anonymous_14)
FNDA:0,(anonymous_15)
FNDA:0,(anonymous_16)
FNDA:0,(anonymous_17)
FNDA:0,(anonymous_18)
FNDA:0,(anonymous_19)
FNDA:0,(anonymous_20)
FNDA:0,(anonymous_21)
FNDA:0,(anonymous_22)
FNDA:0,(anonymous_23)
FNDA:0,(anonymous_24)
FNDA:0,(anonymous_25)
FNDA:0,(anonymous_26)
FNDA:0,(anonymous_27)
FNDA:0,(anonymous_28)
FNDA:0,(anonymous_29)
FNDA:0,(anonymous_30)
FNDA:0,(anonymous_31)
FNDA:0,(anonymous_32)
FNDA:0,(anonymous_33)
FNDA:0,(anonymous_34)
FNDA:0,(anonymous_35)
FNDA:0,(anonymous_36)
FNDA:0,(anonymous_37)
FNDA:0,(anonymous_38)
FNDA:0,(anonymous_39)
FNDA:0,(anonymous_40)
FNDA:0,(anonymous_41)
FNDA:0,(anonymous_42)
FNDA:0,(anonymous_43)
FNDA:0,(anonymous_44)
FNDA:0,(anonymous_45)
FNDA:0,(anonymous_46)
FNDA:0,(anonymous_47)
FNDA:0,(anonymous_48)
FNDA:0,(anonymous_49)
FNDA:0,(anonymous_50)
FNDA:0,(anonymous_51)
FNDA:0,(anonymous_52)
FNDA:0,(anonymous_53)
FNDA:0,(anonymous_54)
FNDA:0,(anonymous_55)
FNDA:0,(anonymous_56)
FNDA:0,(anonymous_57)
FNDA:0,(anonymous_58)
FNDA:0,(anonymous_59)
FNDA:0,(anonymous_60)
FNDA:0,(anonymous_61)
FNDA:0,(anonymous_62)
FNDA:0,(anonymous_63)
FNDA:0,(anonymous_64)
FNDA:0,(anonymous_65)
FNDA:0,(anonymous_66)
FNDA:0,(anonymous_67)
FNDA:0,(anonymous_68)
FNDA:0,(anonymous_69)
FNDA:0,(anonymous_70)
FNDA:0,(anonymous_71)
FNDA:0,(anonymous_72)
FNDA:0,(anonymous_73)
FNDA:0,(anonymous_74)
FNDA:0,(anonymous_75)
DA:1,0
DA:2,0
DA:3,0
DA:4,0
DA:16,0
DA:17,0
DA:25,0
DA:28,0
DA:29,0
DA:30,0
DA:31,0
DA:32,0
DA:33,0
DA:34,0
DA:35,0
DA:36,0
DA:39,0
DA:40,0
DA:42,0
DA:45,0
DA:46,0
DA:49,0
DA:50,0
DA:51,0
DA:54,0
DA:55,0
DA:58,0
DA:84,0
DA:104,0
DA:108,0
DA:109,0
DA:111,0
DA:115,0
DA:116,0
DA:118,0
DA:122,0
DA:125,0
DA:132,0
DA:134,0
DA:138,0
DA:139,0
DA:141,0
DA:142,0
DA:146,0
DA:153,0
DA:154,0
DA:155,0
DA:160,0
DA:166,0
DA:168,0
DA:169,0
DA:171,0
DA:175,0
DA:182,0
DA:184,0
DA:188,0
DA:193,0
DA:198,0
DA:200,0
DA:201,0
DA:203,0
DA:204,0
DA:205,0
DA:208,0
DA:209,0
DA:213,0
DA:219,0
DA:220,0
DA:221,0
DA:222,0
DA:226,0
DA:230,0
DA:233,0
DA:235,0
DA:239,0
DA:240,0
DA:245,0
DA:246,0
DA:248,0
DA:249,0
DA:250,0
DA:252,0
DA:258,0
DA:262,0
DA:266,0
DA:270,0
DA:274,0
DA:278,0
DA:282,0
DA:287,0
DA:290,0
DA:291,0
DA:293,0
DA:301,0
DA:306,0
DA:307,0
DA:308,0
DA:310,0
DA:311,0
DA:312,0
DA:313,0
DA:314,0
DA:315,0
DA:316,0
DA:317,0
DA:323,0
DA:324,0
DA:328,0
DA:329,0
DA:334,0
DA:336,0
DA:340,0
DA:341,0
DA:345,0
DA:346,0
DA:347,0
DA:352,0
DA:358,0
DA:363,0
DA:367,0
DA:372,0
DA:373,0
DA:375,0
DA:376,0
DA:377,0
DA:378,0
DA:384,0
DA:385,0
DA:387,0
DA:388,0
DA:389,0
DA:390,0
DA:396,0
DA:408,0
DA:422,0
DA:428,0
DA:433,0
DA:438,0
DA:439,0
DA:440,0
DA:442,0
DA:443,0
DA:448,0
DA:449,0
DA:454,0
DA:455,0
DA:457,0
DA:462,0
DA:466,0
DA:471,0
DA:486,0
DA:487,0
DA:488,0
DA:490,0
DA:494,0
DA:499,0
DA:504,0
DA:510,0
DA:513,0
DA:514,0
DA:520,0
DA:521,0
DA:522,0
DA:523,0
DA:525,0
DA:532,0
DA:533,0
DA:534,0
DA:535,0
DA:537,0
DA:538,0
DA:541,0
DA:545,0
LF:173
LH:0
BRDA:4,0,0,0
BRDA:4,0,1,0
BRDA:104,1,0,0
BRDA:104,1,1,0
BRDA:104,2,0,0
BRDA:104,2,1,0
BRDA:108,3,0,0
BRDA:108,4,0,0
BRDA:108,4,1,0
BRDA:108,4,2,0
BRDA:115,5,0,0
BRDA:115,6,0,0
BRDA:115,6,1,0
BRDA:115,6,2,0
BRDA:122,7,0,0
BRDA:122,7,1,0
BRDA:122,8,0,0
BRDA:122,8,1,0
BRDA:132,9,0,0
BRDA:132,9,1,0
BRDA:134,10,0,0
BRDA:134,10,1,0
BRDA:136,11,0,0
BRDA:136,11,1,0
BRDA:139,12,0,0
BRDA:153,13,0,0
BRDA:153,13,1,0
BRDA:155,14,0,0
BRDA:166,15,0,0
BRDA:166,15,1,0
BRDA:168,16,0,0
BRDA:168,16,1,0
BRDA:169,17,0,0
BRDA:182,18,0,0
BRDA:182,18,1,0
BRDA:184,19,0,0
BRDA:184,19,1,0
BRDA:186,20,0,0
BRDA:186,20,1,0
BRDA:188,21,0,0
BRDA:198,22,0,0
BRDA:198,22,1,0
BRDA:200,23,0,0
BRDA:200,23,1,0
BRDA:204,24,0,0
BRDA:204,24,1,0
BRDA:208,25,0,0
BRDA:219,26,0,0
BRDA:219,26,1,0
BRDA:221,27,0,0
BRDA:233,28,0,0
BRDA:233,28,1,0
BRDA:235,29,0,0
BRDA:235,29,1,0
BRDA:237,30,0,0
BRDA:237,30,1,0
BRDA:239,31,0,0
BRDA:245,32,0,0
BRDA:258,33,0,0
BRDA:258,33,1,0
BRDA:262,34,0,0
BRDA:262,34,1,0
BRDA:266,35,0,0
BRDA:266,35,1,0
BRDA:270,36,0,0
BRDA:270,36,1,0
BRDA:270,36,2,0
BRDA:274,37,0,0
BRDA:274,37,1,0
BRDA:290,38,0,0
BRDA:290,38,1,0
BRDA:290,39,0,0
BRDA:290,39,1,0
BRDA:291,40,0,0
BRDA:291,40,1,0
BRDA:291,41,0,0
BRDA:291,41,1,0
BRDA:307,42,0,0
BRDA:307,42,1,0
BRDA:310,43,0,0
BRDA:310,43,1,0
BRDA:312,44,0,0
BRDA:312,44,1,0
BRDA:314,45,0,0
BRDA:314,45,1,0
BRDA:316,46,0,0
BRDA:352,47,0,0
BRDA:352,47,1,0
BRDA:375,48,0,0
BRDA:375,48,1,0
BRDA:377,49,0,0
BRDA:387,50,0,0
BRDA:387,50,1,0
BRDA:389,51,0,0
BRDA:438,52,0,0
BRDA:438,52,1,0
BRDA:439,53,0,0
BRDA:486,54,0,0
BRDA:486,54,1,0
BRDA:487,55,0,0
BRF:100
BRH:0
end_of_record
TN:
SF:force-app/main/default/lwc/onboardingInsights/onboardingInsights.js
FN:1,_interopRequireDefault
FN:3,(anonymous_1)
FN:12,(anonymous_2)
FN:16,(anonymous_3)
FN:42,(anonymous_4)
FN:46,(anonymous_5)
FN:57,(anonymous_6)
FN:68,(anonymous_7)
FN:100,(anonymous_8)
FN:109,(anonymous_9)
FN:130,(anonymous_10)
FN:135,(anonymous_11)
FN:137,(anonymous_12)
FN:156,(anonymous_13)
FN:168,(anonymous_14)
FN:178,(anonymous_15)
FNF:16
FNH:0
FNDA:0,_interopRequireDefault
FNDA:0,(anonymous_1)
FNDA:0,(anonymous_2)
FNDA:0,(anonymous_3)
FNDA:0,(anonymous_4)
FNDA:0,(anonymous_5)
FNDA:0,(anonymous_6)
FNDA:0,(anonymous_7)
FNDA:0,(anonymous_8)
FNDA:0,(anonymous_9)
FNDA:0,(anonymous_10)
FNDA:0,(anonymous_11)
FNDA:0,(anonymous_12)
FNDA:0,(anonymous_13)
FNDA:0,(anonymous_14)
FNDA:0,(anonymous_15)
DA:1,0
DA:3,0
DA:4,0
DA:7,0
DA:8,0
DA:9,0
DA:13,0
DA:17,0
DA:19,0
DA:20,0
DA:21,0
DA:23,0
DA:24,0
DA:25,0
DA:26,0
DA:27,0
DA:28,0
DA:39,0
DA:43,0
DA:47,0
DA:49,0
DA:50,0
DA:57,0
DA:58,0
DA:59,0
DA:69,0
DA:70,0
DA:78,0
DA:79,0
DA:80,0
DA:82,0
DA:83,0
DA:84,0
DA:85,0
DA:86,0
DA:87,0
DA:91,0
DA:101,0
DA:102,0
DA:104,0
DA:105,0
DA:106,0
DA:107,0
DA:109,0
DA:110,0
DA:111,0
DA:112,0
DA:113,0
DA:115,0
DA:123,0
DA:126,0
DA:131,0
DA:132,0
DA:135,0
DA:137,0
DA:138,0
DA:139,0
DA:140,0
DA:157,0
DA:165,0
DA:169,0
DA:175,0
DA:179,0
DA:180,0
DA:181,0
DA:183,0
DA:184,0
DA:186,0
DA:187,0
DA:188,0
DA:189,0
DA:191,0
DA:193,0
DA:195,0
LF:74
LH:0
BRDA:1,0,0,0
BRDA:1,0,1,0
BRDA:13,1,0,0
BRDA:13,1,1,0
BRDA:17,2,0,0
BRDA:21,3,0,0
BRDA:21,3,1,0
BRDA:24,4,0,0
BRDA:24,4,1,0
BRDA:25,5,0,0
BRDA:43,6,0,0
BRDA:43,6,1,0
BRDA:47,7,0,0
BRDA:49,8,0,0
BRDA:49,8,1,0
BRDA:51,9,0,0
BRDA:51,9,1,0
BRDA:52,10,0,0
BRDA:52,10,1,0
BRDA:53,11,0,0
BRDA:53,11,1,0
BRDA:54,12,0,0
BRDA:54,12,1,0
BRDA:54,12,2,0
BRDA:69,13,0,0
BRDA:69,14,0,0
BRDA:69,14,1,0
BRDA:83,15,0,0
BRDA:83,15,1,0
BRDA:84,16,0,0
BRDA:84,16,1,0
BRDA:84,17,0,0
BRDA:84,17,1,0
BRDA:86,18,0,0
BRDA:102,19,0,0
BRDA:104,20,0,0
BRDA:104,20,1,0
BRDA:131,21,0,0
BRDA:131,22,0,0
BRDA:131,22,1,0
BRDA:135,23,0,0
BRDA:135,23,1,0
BRDA:138,24,0,0
BRDA:138,24,1,0
BRDA:141,25,0,0
BRDA:141,25,1,0
BRDA:165,26,0,0
BRDA:165,26,1,0
BRDA:175,27,0,0
BRDA:175,27,1,0
BRDA:191,28,0,0
BRDA:191,28,1,0
BRF:52
BRH:0
end_of_record
TN:
SF:force-app/main/default/lwc/onboardingKpiRow/onboardingKpiRow.js
FN:1,_interopRequireDefault
FN:3,(anonymous_1)
FN:8,(anonymous_2)
FN:54,(anonymous_3)
FN:67,(anonymous_4)
FN:72,(anonymous_5)
FN:77,(anonymous_6)
FN:82,(anonymous_7)
FNF:8
FNH:0
FNDA:0,_interopRequireDefault
FNDA:0,(anonymous_1)
FNDA:0,(anonymous_2)
FNDA:0,(anonymous_3)
FNDA:0,(anonymous_4)
FNDA:0,(anonymous_5)
FNDA:0,(anonymous_6)
FNDA:0,(anonymous_7)
DA:1,0
DA:3,0
DA:4,0
DA:5,0
DA:10,0
DA:55,0
DA:57,0
DA:58,0
DA:59,0
DA:60,0
DA:61,0
DA:64,0
DA:68,0
DA:69,0
DA:73,0
DA:74,0
DA:78,0
DA:79,0
DA:83,0
DA:84,0
DA:92,0
LF:21
LH:0
BRDA:1,0,0,0
BRDA:1,0,1,0
BRDA:46,1,0,0
BRDA:46,1,1,0
BRDA:55,2,0,0
BRDA:60,3,0,0
BRDA:60,4,0,0
BRDA:60,4,1,0
BRDA:61,5,0,0
BRDA:61,5,1,0
BRDA:68,6,0,0
BRDA:69,7,0,0
BRDA:69,7,1,0
BRDA:69,7,2,0
BRDA:73,8,0,0
BRDA:74,9,0,0
BRDA:74,9,1,0
BRDA:78,10,0,0
BRDA:79,11,0,0
BRDA:79,11,1,0
BRDA:79,11,2,0
BRDA:79,11,3,0
BRF:22
BRH:0
end_of_record
TN:
SF:force-app/main/default/lwc/onboardingRecentActivity/onboardingRecentActivity.js
FN:1,_interopRequireDefault
FN:3,(anonymous_1)
FN:6,(anonymous_2)
FN:10,(anonymous_3)
FN:15,(anonymous_4)
FN:60,(anonymous_5)
FN:78,(anonymous_6)
FNF:7
FNH:0
FNDA:0,_interopRequireDefault
FNDA:0,(anonymous_1)
FNDA:0,(anonymous_2)
FNDA:0,(anonymous_3)
FNDA:0,(anonymous_4)
FNDA:0,(anonymous_5)
FNDA:0,(anonymous_6)
DA:1,0
DA:3,0
DA:7,0
DA:11,0
DA:12,0
DA:15,0
DA:16,0
DA:19,0
DA:20,0
DA:21,0
DA:22,0
DA:23,0
DA:24,0
DA:25,0
DA:27,0
DA:28,0
DA:29,0
DA:30,0
DA:32,0
DA:35,0
DA:39,0
DA:40,0
DA:41,0
DA:42,0
DA:43,0
DA:44,0
DA:45,0
DA:46,0
DA:48,0
DA:49,0
DA:50,0
DA:54,0
DA:56,0
DA:61,0
DA:63,0
DA:64,0
DA:65,0
DA:66,0
DA:68,0
DA:71,0
DA:72,0
DA:75,0
DA:79,0
DA:80,0
DA:81,0
DA:92,0
LF:46
LH:0
BRDA:1,0,0,0
BRDA:1,0,1,0
BRDA:7,1,0,0
BRDA:7,1,1,0
BRDA:11,2,0,0
BRDA:11,3,0,0
BRDA:11,3,1,0
BRDA:19,4,0,0
BRDA:19,4,1,0
BRDA:27,5,0,0
BRDA:27,5,1,0
BRDA:29,6,0,0
BRDA:29,6,1,0
BRDA:39,7,0,0
BRDA:39,7,1,0
BRDA:39,8,0,0
BRDA:39,8,1,0
BRDA:43,9,0,0
BRDA:43,9,1,0
BRDA:43,10,0,0
BRDA:43,10,1,0
BRDA:63,11,0,0
BRDA:63,11,1,0
BRDA:63,12,0,0
BRDA:63,12,1,0
BRDA:65,13,0,0
BRDA:65,13,1,0
BRDA:71,14,0,0
BRDA:80,15,0,0
BRF:29
BRH:0
end_of_record
TN:
SF:force-app/main/default/lwc/onboardingResumePanel/onboardingResumePanel.js
FN:3,_interopRequireDefault
FN:6,(anonymous_2)
FN:12,(anonymous_3)
FN:22,(anonymous_4)
FN:53,(anonymous_5)
FN:58,(anonymous_6)
FN:62,(anonymous_7)
FN:66,(anonymous_8)
FN:70,(anonymous_9)
FN:74,(anonymous_10)
FN:82,(anonymous_11)
FN:11,(anonymous_12)
FNF:12
FNH:0
FNDA:0,_interopRequireDefault
FNDA:0,(anonymous_2)
FNDA:0,(anonymous_3)
FNDA:0,(anonymous_4)
FNDA:0,(anonymous_5)
FNDA:0,(anonymous_6)
FNDA:0,(anonymous_7)
FNDA:0,(anonymous_8)
FNDA:0,(anonymous_9)
FNDA:0,(anonymous_10)
FNDA:0,(anonymous_11)
FNDA:0,(anonymous_12)
DA:1,0
DA:2,0
DA:3,0
DA:6,0
DA:7,0
DA:8,0
DA:11,0
DA:13,0
DA:14,0
DA:15,0
DA:16,0
DA:17,0
DA:18,0
DA:23,0
DA:24,0
DA:25,0
DA:28,0
DA:29,0
DA:32,0
DA:34,0
DA:43,0
DA:54,0
DA:59,0
DA:63,0
DA:67,0
DA:71,0
DA:75,0
DA:83,0
DA:89,0
LF:29
LH:0
BRDA:3,0,0,0
BRDA:3,0,1,0
BRDA:14,1,0,0
BRDA:14,1,1,0
BRDA:16,2,0,0
BRDA:23,3,0,0
BRDA:23,4,0,0
BRDA:23,4,1,0
BRDA:32,5,0,0
BRDA:32,5,1,0
BRDA:54,6,0,0
BRDA:54,6,1,0
BRDA:59,7,0,0
BRDA:59,7,1,0
BRDA:63,8,0,0
BRDA:63,8,1,0
BRDA:67,9,0,0
BRDA:67,9,1,0
BRF:18
BRH:0
end_of_record
TN:
SF:force-app/main/default/lwc/onboardingRuleModal/onboardingRuleModal.js
FN:1,_interopRequireDefault
FNF:1
FNH:1
FNDA:1,_interopRequireDefault
DA:1,1
DA:3,1
LF:2
LH:2
BRDA:1,0,0,2
BRDA:1,0,1,1
BRF:2
BRH:2
end_of_record
TN:
SF:force-app/main/default/lwc/onboardingStageDependencyViewer/onboardingStageDependencyViewer.js
FN:1,_interopRequireDefault
FN:4,(anonymous_2)
FN:14,(anonymous_3)
FN:15,(anonymous_4)
FN:16,(anonymous_5)
FN:17,(anonymous_6)
FN:23,(anonymous_7)
FN:26,(anonymous_8)
FN:50,(anonymous_9)
FN:54,(anonymous_10)
FN:56,(anonymous_11)
FN:60,(anonymous_12)
FN:62,(anonymous_13)
FN:66,(anonymous_14)
FN:72,(anonymous_15)
FN:95,(anonymous_16)
FN:107,(anonymous_17)
FN:121,(anonymous_18)
FN:132,(anonymous_19)
FN:135,(anonymous_20)
FN:145,(anonymous_21)
FN:152,(anonymous_22)
FN:156,(anonymous_23)
FN:160,(anonymous_24)
FN:19,(anonymous_25)
FNF:25
FNH:0
FNDA:0,_interopRequireDefault
FNDA:0,(anonymous_2)
FNDA:0,(anonymous_3)
FNDA:0,(anonymous_4)
FNDA:0,(anonymous_5)
FNDA:0,(anonymous_6)
FNDA:0,(anonymous_7)
FNDA:0,(anonymous_8)
FNDA:0,(anonymous_9)
FNDA:0,(anonymous_10)
FNDA:0,(anonymous_11)
FNDA:0,(anonymous_12)
FNDA:0,(anonymous_13)
FNDA:0,(anonymous_14)
FNDA:0,(anonymous_15)
FNDA:0,(anonymous_16)
FNDA:0,(anonymous_17)
FNDA:0,(anonymous_18)
FNDA:0,(anonymous_19)
FNDA:0,(anonymous_20)
FNDA:0,(anonymous_21)
FNDA:0,(anonymous_22)
FNDA:0,(anonymous_23)
FNDA:0,(anonymous_24)
FNDA:0,(anonymous_25)
DA:1,0
DA:4,0
DA:5,0
DA:6,0
DA:8,0
DA:9,0
DA:10,0
DA:14,0
DA:15,0
DA:16,0
DA:17,0
DA:19,0
DA:21,0
DA:24,0
DA:25,0
DA:26,0
DA:27,0
DA:28,0
DA:42,0
DA:43,0
DA:44,0
DA:45,0
DA:46,0
DA:51,0
DA:55,0
DA:56,0
DA:57,0
DA:61,0
DA:62,0
DA:63,0
DA:67,0
DA:69,0
DA:70,0
DA:71,0
DA:72,0
DA:73,0
DA:74,0
DA:75,0
DA:77,0
DA:92,0
DA:96,0
DA:97,0
DA:98,0
DA:99,0
DA:100,0
DA:101,0
DA:103,0
DA:108,0
DA:109,0
DA:115,0
DA:122,0
DA:123,0
DA:129,0
DA:135,0
DA:136,0
DA:137,0
DA:139,0
DA:146,0
DA:153,0
DA:157,0
DA:161,0
DA:162,0
DA:170,0
LF:63
LH:0
BRDA:1,0,0,0
BRDA:1,0,1,0
BRDA:25,1,0,0
BRDA:25,1,1,0
BRDA:43,2,0,0
BRDA:45,3,0,0
BRDA:45,3,1,0
BRDA:45,3,2,0
BRDA:51,4,0,0
BRDA:51,4,1,0
BRDA:55,5,0,0
BRDA:61,6,0,0
BRDA:70,7,0,0
BRDA:70,8,0,0
BRDA:70,8,1,0
BRDA:73,9,0,0
BRDA:85,10,0,0
BRDA:85,10,1,0
BRDA:96,11,0,0
BRDA:96,11,1,0
BRDA:98,12,0,0
BRDA:98,12,1,0
BRDA:100,13,0,0
BRDA:100,13,1,0
BRDA:100,14,0,0
BRDA:100,14,1,0
BRDA:115,15,0,0
BRDA:115,15,1,0
BRDA:129,16,0,0
BRDA:129,16,1,0
BRF:30
BRH:0
end_of_record
TN:
SF:force-app/main/default/lwc/onboardingStatusRuleList/onboardingStatusRuleList.js
FN:1,_interopRequireDefault
FN:4,(anonymous_2)
FN:30,(anonymous_3)
FN:36,(anonymous_4)
FN:40,(anonymous_5)
FN:29,(anonymous_6)
FNF:6
FNH:0
FNDA:0,_interopRequireDefault
FNDA:0,(anonymous_2)
FNDA:0,(anonymous_3)
FNDA:0,(anonymous_4)
FNDA:0,(anonymous_5)
FNDA:0,(anonymous_6)
DA:1,0
DA:4,0
DA:5,0
DA:6,0
DA:12,0
DA:29,0
DA:31,0
DA:32,0
DA:37,0
DA:41,0
DA:42,0
DA:43,0
DA:48,0
LF:13
LH:0
BRDA:1,0,0,0
BRDA:1,0,1,0
BRDA:31,1,0,0
BRDA:43,2,0,0
BRF:4
BRH:0
end_of_record
TN:
SF:force-app/main/default/lwc/onboardingStatusRulesManager/onboardingStatusRulesManager.js
FN:1,_interopRequireDefault
FNF:1
FNH:1
FNDA:1,_interopRequireDefault
DA:1,1
DA:3,1
LF:2
LH:2
BRDA:1,0,0,2
BRDA:1,0,1,1
BRF:2
BRH:2
end_of_record
TN:
SF:force-app/main/default/lwc/onboardingVendorProgramGrid/onboardingVendorProgramGrid.js
FN:1,_interopRequireDefault
FN:3,(anonymous_1)
FN:6,(anonymous_2)
FN:10,(anonymous_3)
FN:15,(anonymous_4)
FN:43,(anonymous_5)
FN:56,(anonymous_6)
FNF:7
FNH:0
FNDA:0,_interopRequireDefault
FNDA:0,(anonymous_1)
FNDA:0,(anonymous_2)
FNDA:0,(anonymous_3)
FNDA:0,(anonymous_4)
FNDA:0,(anonymous_5)
FNDA:0,(anonymous_6)
DA:1,0
DA:3,0
DA:7,0
DA:11,0
DA:12,0
DA:15,0
DA:16,0
DA:19,0
DA:20,0
DA:24,0
DA:28,0
DA:29,0
DA:30,0
DA:31,0
DA:33,0
DA:37,0
DA:39,0
DA:44,0
DA:45,0
DA:57,0
DA:58,0
DA:68,0
LF:22
LH:0
BRDA:1,0,0,0
BRDA:1,0,1,0
BRDA:7,1,0,0
BRDA:7,1,1,0
BRDA:11,2,0,0
BRDA:11,3,0,0
BRDA:11,3,1,0
BRDA:19,4,0,0
BRDA:19,4,1,0
BRDA:28,5,0,0
BRDA:28,5,1,0
BRDA:28,6,0,0
BRDA:28,6,1,0
BRDA:30,7,0,0
BRDA:30,7,1,0
BRF:15
BRH:0
end_of_record
TN:
SF:force-app/main/default/lwc/onboardingVendorProgramWizard/onboardingVendorProgramWizard.js
FN:3,_interopRequireDefault
FN:15,(anonymous_10)
FN:125,(anonymous_11)
FN:137,(anonymous_12)
FN:140,(anonymous_13)
FN:144,(anonymous_14)
FN:154,(anonymous_15)
FN:170,(anonymous_16)
FN:179,(anonymous_17)
FN:194,(anonymous_18)
FN:204,(anonymous_19)
FN:205,(anonymous_20)
FN:216,(anonymous_21)
FN:238,(anonymous_22)
FN:249,(anonymous_23)
FN:259,(anonymous_24)
FN:266,(anonymous_25)
FN:272,(anonymous_26)
FN:284,(anonymous_27)
FN:295,(anonymous_28)
FN:315,(anonymous_29)
FN:326,(anonymous_30)
FN:333,(anonymous_31)
FN:337,(anonymous_32)
FN:346,(anonymous_33)
FN:358,(anonymous_34)
FN:362,(anonymous_35)
FN:374,(anonymous_36)
FN:378,(anonymous_37)
FN:382,(anonymous_38)
FN:392,(anonymous_39)
FN:398,(anonymous_40)
FN:413,(anonymous_41)
FN:426,(anonymous_42)
FN:462,(anonymous_43)
FN:483,(anonymous_44)
FN:484,(anonymous_45)
FN:490,(anonymous_46)
FN:492,(anonymous_47)
FN:498,(anonymous_48)
FN:502,(anonymous_49)
FN:506,(anonymous_50)
FN:510,(anonymous_51)
FN:514,(anonymous_52)
FN:534,(anonymous_53)
FN:539,(anonymous_54)
FN:545,(anonymous_55)
FN:583,(anonymous_56)
FN:584,(anonymous_57)
FN:591,(anonymous_58)
FN:592,(anonymous_59)
FN:599,(anonymous_60)
FN:603,(anonymous_61)
FN:607,(anonymous_62)
FN:611,(anonymous_63)
FN:619,(anonymous_64)
FN:623,(anonymous_65)
FN:643,(anonymous_66)
FN:647,(anonymous_67)
FN:653,(anonymous_68)
FN:670,(anonymous_69)
FN:683,(anonymous_70)
FN:689,(anonymous_71)
FN:715,(anonymous_72)
FN:734,(anonymous_73)
FN:738,(anonymous_74)
FN:748,(anonymous_75)
FN:753,(anonymous_76)
FN:193,(anonymous_77)
FNF:69
FNH:0
FNDA:0,_interopRequireDefault
FNDA:0,(anonymous_10)
FNDA:0,(anonymous_11)
FNDA:0,(anonymous_12)
FNDA:0,(anonymous_13)
FNDA:0,(anonymous_14)
FNDA:0,(anonymous_15)
FNDA:0,(anonymous_16)
FNDA:0,(anonymous_17)
FNDA:0,(anonymous_18)
FNDA:0,(anonymous_19)
FNDA:0,(anonymous_20)
FNDA:0,(anonymous_21)
FNDA:0,(anonymous_22)
FNDA:0,(anonymous_23)
FNDA:0,(anonymous_24)
FNDA:0,(anonymous_25)
FNDA:0,(anonymous_26)
FNDA:0,(anonymous_27)
FNDA:0,(anonymous_28)
FNDA:0,(anonymous_29)
FNDA:0,(anonymous_30)
FNDA:0,(anonymous_31)
FNDA:0,(anonymous_32)
FNDA:0,(anonymous_33)
FNDA:0,(anonymous_34)
FNDA:0,(anonymous_35)
FNDA:0,(anonymous_36)
FNDA:0,(anonymous_37)
FNDA:0,(anonymous_38)
FNDA:0,(anonymous_39)
FNDA:0,(anonymous_40)
FNDA:0,(anonymous_41)
FNDA:0,(anonymous_42)
FNDA:0,(anonymous_43)
FNDA:0,(anonymous_44)
FNDA:0,(anonymous_45)
FNDA:0,(anonymous_46)
FNDA:0,(anonymous_47)
FNDA:0,(anonymous_48)
FNDA:0,(anonymous_49)
FNDA:0,(anonymous_50)
FNDA:0,(anonymous_51)
FNDA:0,(anonymous_52)
FNDA:0,(anonymous_53)
FNDA:0,(anonymous_54)
FNDA:0,(anonymous_55)
FNDA:0,(anonymous_56)
FNDA:0,(anonymous_57)
FNDA:0,(anonymous_58)
FNDA:0,(anonymous_59)
FNDA:0,(anonymous_60)
FNDA:0,(anonymous_61)
FNDA:0,(anonymous_62)
FNDA:0,(anonymous_63)
FNDA:0,(anonymous_64)
FNDA:0,(anonymous_65)
FNDA:0,(anonymous_66)
FNDA:0,(anonymous_67)
FNDA:0,(anonymous_68)
FNDA:0,(anonymous_69)
FNDA:0,(anonymous_70)
FNDA:0,(anonymous_71)
FNDA:0,(anonymous_72)
FNDA:0,(anonymous_73)
FNDA:0,(anonymous_74)
FNDA:0,(anonymous_75)
FNDA:0,(anonymous_76)
FNDA:0,(anonymous_77)
DA:1,0
DA:2,0
DA:3,0
DA:15,0
DA:16,0
DA:19,0
DA:20,0
DA:21,0
DA:22,0
DA:23,0
DA:24,0
DA:27,0
DA:28,0
DA:29,0
DA:30,0
DA:31,0
DA:34,0
DA:35,0
DA:36,0
DA:37,0
DA:38,0
DA:41,0
DA:42,0
DA:45,0
DA:126,0
DA:127,0
DA:131,0
DA:132,0
DA:133,0
DA:134,0
DA:137,0
DA:140,0
DA:143,0
DA:144,0
DA:151,0
DA:152,0
DA:154,0
DA:155,0
DA:156,0
DA:158,0
DA:165,0
DA:171,0
DA:176,0
DA:180,0
DA:181,0
DA:183,0
DA:184,0
DA:185,0
DA:187,0
DA:193,0
DA:195,0
DA:196,0
DA:197,0
DA:198,0
DA:199,0
DA:200,0
DA:205,0
DA:206,0
DA:216,0
DA:234,0
DA:239,0
DA:240,0
DA:241,0
DA:242,0
DA:243,0
DA:244,0
DA:250,0
DA:251,0
DA:253,0
DA:254,0
DA:255,0
DA:258,0
DA:259,0
DA:260,0
DA:262,0
DA:265,0
DA:266,0
DA:267,0
DA:273,0
DA:274,0
DA:275,0
DA:276,0
DA:278,0
DA:280,0
DA:285,0
DA:286,0
DA:287,0
DA:289,0
DA:291,0
DA:296,0
DA:297,0
DA:299,0
DA:300,0
DA:302,0
DA:308,0
DA:317,0
DA:320,0
DA:321,0
DA:322,0
DA:328,0
DA:329,0
DA:335,0
DA:337,0
DA:338,0
DA:347,0
DA:349,0
DA:350,0
DA:359,0
DA:360,0
DA:362,0
DA:363,0
DA:364,0
DA:366,0
DA:375,0
DA:379,0
DA:383,0
DA:393,0
DA:394,0
DA:398,0
DA:399,0
DA:403,0
DA:404,0
DA:405,0
DA:407,0
DA:414,0
DA:415,0
DA:418,0
DA:427,0
DA:429,0
DA:431,0
DA:435,0
DA:436,0
DA:437,0
DA:440,0
DA:442,0
DA:443,0
DA:445,0
DA:446,0
DA:448,0
DA:449,0
DA:451,0
DA:454,0
DA:463,0
DA:464,0
DA:467,0
DA:468,0
DA:471,0
DA:474,0
DA:475,0
DA:478,0
DA:484,0
DA:491,0
DA:492,0
DA:493,0
DA:494,0
DA:495,0
DA:499,0
DA:503,0
DA:507,0
DA:511,0
DA:515,0
DA:516,0
DA:517,0
DA:518,0
DA:521,0
DA:522,0
DA:523,0
DA:524,0
DA:525,0
DA:528,0
DA:530,0
DA:535,0
DA:536,0
DA:540,0
DA:541,0
DA:542,0
DA:545,0
DA:546,0
DA:547,0
DA:549,0
DA:550,0
DA:551,0
DA:552,0
DA:553,0
DA:554,0
DA:555,0
DA:560,0
DA:563,0
DA:564,0
DA:565,0
DA:566,0
DA:567,0
DA:568,0
DA:570,0
DA:572,0
DA:584,0
DA:592,0
DA:600,0
DA:604,0
DA:608,0
DA:612,0
DA:613,0
DA:620,0
DA:624,0
DA:625,0
DA:626,0
DA:627,0
DA:630,0
DA:631,0
DA:632,0
DA:633,0
DA:634,0
DA:637,0
DA:639,0
DA:644,0
DA:648,0
DA:649,0
DA:650,0
DA:653,0
DA:654,0
DA:655,0
DA:657,0
DA:658,0
DA:659,0
DA:660,0
DA:663,0
DA:668,0
DA:670,0
DA:672,0
DA:678,0
DA:684,0
DA:685,0
DA:686,0
DA:689,0
DA:690,0
DA:691,0
DA:696,0
DA:698,0
DA:699,0
DA:700,0
DA:705,0
DA:708,0
DA:713,0
DA:715,0
DA:717,0
DA:723,0
DA:735,0
DA:739,0
DA:740,0
DA:741,0
DA:742,0
DA:743,0
DA:745,0
DA:749,0
DA:750,0
DA:754,0
DA:755,0
DA:756,0
DA:757,0
DA:758,0
DA:759,0
DA:760,0
DA:761,0
DA:762,0
DA:763,0
DA:764,0
DA:765,0
DA:766,0
DA:767,0
DA:768,0
DA:770,0
LF:271
LH:0
BRDA:3,0,0,0
BRDA:3,0,1,0
BRDA:126,1,0,0
BRDA:131,2,0,0
BRDA:131,2,1,0
BRDA:137,3,0,0
BRDA:137,3,1,0
BRDA:140,4,0,0
BRDA:140,4,1,0
BRDA:143,5,0,0
BRDA:146,6,0,0
BRDA:146,6,1,0
BRDA:155,7,0,0
BRDA:155,7,1,0
BRDA:156,8,0,0
BRDA:156,8,1,0
BRDA:180,9,0,0
BRDA:195,10,0,0
BRDA:195,10,1,0
BRDA:198,11,0,0
BRDA:213,12,0,0
BRDA:213,12,1,0
BRDA:215,13,0,0
BRDA:215,13,1,0
BRDA:216,14,0,0
BRDA:216,14,1,0
BRDA:219,15,0,0
BRDA:219,15,1,0
BRDA:220,16,0,0
BRDA:220,16,1,0
BRDA:221,17,0,0
BRDA:221,17,1,0
BRDA:224,18,0,0
BRDA:224,18,1,0
BRDA:225,19,0,0
BRDA:225,19,1,0
BRDA:226,20,0,0
BRDA:226,20,1,0
BRDA:227,21,0,0
BRDA:227,21,1,0
BRDA:239,22,0,0
BRDA:241,23,0,0
BRDA:242,24,0,0
BRDA:243,25,0,0
BRDA:250,26,0,0
BRDA:250,26,1,0
BRDA:253,27,0,0
BRDA:254,28,0,0
BRDA:258,29,0,0
BRDA:258,30,0,0
BRDA:258,30,1,0
BRDA:299,31,0,0
BRDA:300,32,0,0
BRDA:300,32,1,0
BRDA:321,33,0,0
BRDA:328,34,0,0
BRDA:328,35,0,0
BRDA:328,35,1,0
BRDA:335,36,0,0
BRDA:347,37,0,0
BRDA:360,38,0,0
BRDA:363,39,0,0
BRDA:363,39,1,0
BRDA:364,40,0,0
BRDA:364,41,0,0
BRDA:364,41,1,0
BRDA:393,42,0,0
BRDA:393,43,0,0
BRDA:393,43,1,0
BRDA:399,44,0,0
BRDA:399,44,1,0
BRDA:414,45,0,0
BRDA:414,46,0,0
BRDA:414,46,1,0
BRDA:429,47,0,0
BRDA:440,48,0,0
BRDA:440,48,1,0
BRDA:443,49,0,0
BRDA:443,49,1,0
BRDA:446,50,0,0
BRDA:446,50,1,0
BRDA:449,51,0,0
BRDA:449,51,1,0
BRDA:463,52,0,0
BRDA:474,53,0,0
BRDA:491,54,0,0
BRDA:493,55,0,0
BRDA:494,56,0,0
BRDA:507,57,0,0
BRDA:507,57,1,0
BRDA:516,58,0,0
BRDA:516,59,0,0
BRDA:516,59,1,0
BRDA:524,60,0,0
BRDA:540,61,0,0
BRDA:540,62,0,0
BRDA:540,62,1,0
BRDA:550,63,0,0
BRDA:550,64,0,0
BRDA:550,64,1,0
BRDA:585,65,0,0
BRDA:585,65,1,0
BRDA:585,66,0,0
BRDA:585,66,1,0
BRDA:587,67,0,0
BRDA:587,67,1,0
BRDA:593,68,0,0
BRDA:593,68,1,0
BRDA:593,69,0,0
BRDA:593,69,1,0
BRDA:595,70,0,0
BRDA:595,70,1,0
BRDA:608,71,0,0
BRDA:608,71,1,0
BRDA:625,72,0,0
BRDA:625,73,0,0
BRDA:625,73,1,0
BRDA:633,74,0,0
BRDA:648,75,0,0
BRDA:657,76,0,0
BRDA:684,77,0,0
BRDA:698,78,0,0
BRF:122
BRH:0
end_of_record
TN:
SF:force-app/main/default/lwc/overrideAuditPanel/overrideAuditPanel.js
FN:1,_interopRequireDefault
FN:18,(anonymous_2)
FN:32,(anonymous_3)
FN:36,(anonymous_4)
FN:47,(anonymous_5)
FNF:5
FNH:0
FNDA:0,_interopRequireDefault
FNDA:0,(anonymous_2)
FNDA:0,(anonymous_3)
FNDA:0,(anonymous_4)
FNDA:0,(anonymous_5)
DA:1,0
DA:4,0
DA:18,0
DA:19,0
DA:20,0
DA:21,0
DA:23,0
DA:33,0
DA:37,0
DA:38,0
DA:39,0
DA:43,0
DA:48,0
DA:49,0
DA:51,0
LF:15
LH:0
BRDA:1,0,0,0
BRDA:1,0,1,0
BRF:2
BRH:0
end_of_record
TN:
SF:force-app/main/default/lwc/requirementConditionsList/requirementConditionsList.js
FN:5,_interopRequireDefault
FN:7,(anonymous_4)
FN:25,(anonymous_5)
FN:29,(anonymous_6)
FN:47,(anonymous_7)
FN:53,(anonymous_8)
FN:59,(anonymous_9)
FN:73,(anonymous_10)
FN:78,(anonymous_11)
FN:81,(anonymous_12)
FN:24,(anonymous_13)
FNF:11
FNH:9
FNDA:1,_interopRequireDefault
FNDA:13,(anonymous_4)
FNDA:0,(anonymous_5)
FNDA:0,(anonymous_6)
FNDA:6,(anonymous_7)
FNDA:5,(anonymous_8)
FNDA:1,(anonymous_9)
FNDA:1,(anonymous_10)
FNDA:5,(anonymous_11)
FNDA:8,(anonymous_12)
FNDA:13,(anonymous_13)
DA:1,1
DA:5,8
DA:7,13
DA:8,13
DA:9,13
DA:24,13
DA:26,0
DA:27,0
DA:28,0
DA:29,0
DA:33,0
DA:35,0
DA:48,6
DA:49,6
DA:51,6
DA:52,6
DA:54,5
DA:55,0
DA:57,5
DA:60,1
DA:75,1
DA:79,5
DA:80,5
DA:81,8
DA:86,0
DA:97,1
LF:26
LH:18
BRDA:5,0,0,2
BRDA:5,0,1,1
BRDA:28,1,0,0
BRDA:28,1,1,0
BRDA:33,2,0,0
BRDA:51,3,0,6
BRDA:54,4,0,0
BRDA:81,5,0,5
BRDA:81,5,1,0
BRF:9
BRH:4
end_of_record
TN:
SF:force-app/main/default/lwc/requirementFieldAutoSave/requirementFieldAutoSave.js
FN:2,_interopRequireDefault
FN:5,(anonymous_2)
FN:20,(anonymous_3)
FN:25,(anonymous_4)
FN:34,(anonymous_5)
FN:40,(anonymous_6)
FN:45,(anonymous_7)
FN:52,(anonymous_8)
FN:59,(anonymous_9)
FN:63,(anonymous_10)
FN:79,(anonymous_11)
FN:85,(anonymous_12)
FN:92,(anonymous_13)
FN:99,(anonymous_14)
FN:117,(anonymous_15)
FN:125,(anonymous_16)
FN:139,(anonymous_17)
FN:143,(anonymous_18)
FNF:18
FNH:0
FNDA:0,_interopRequireDefault
FNDA:0,(anonymous_2)
FNDA:0,(anonymous_3)
FNDA:0,(anonymous_4)
FNDA:0,(anonymous_5)
FNDA:0,(anonymous_6)
FNDA:0,(anonymous_7)
FNDA:0,(anonymous_8)
FNDA:0,(anonymous_9)
FNDA:0,(anonymous_10)
FNDA:0,(anonymous_11)
FNDA:0,(anonymous_12)
FNDA:0,(anonymous_13)
FNDA:0,(anonymous_14)
FNDA:0,(anonymous_15)
FNDA:0,(anonymous_16)
FNDA:0,(anonymous_17)
FNDA:0,(anonymous_18)
DA:1,0
DA:2,0
DA:5,0
DA:6,0
DA:7,0
DA:8,0
DA:9,0
DA:10,0
DA:11,0
DA:12,0
DA:14,0
DA:15,0
DA:16,0
DA:17,0
DA:22,0
DA:27,0
DA:29,0
DA:30,0
DA:35,0
DA:37,0
DA:42,0
DA:47,0
DA:48,0
DA:52,0
DA:53,0
DA:54,0
DA:60,0
DA:64,0
DA:65,0
DA:68,0
DA:69,0
DA:71,0
DA:80,0
DA:81,0
DA:82,0
DA:83,0
DA:86,0
DA:87,0
DA:88,0
DA:94,0
DA:101,0
DA:109,0
DA:118,0
DA:126,0
DA:127,0
DA:129,0
DA:130,0
DA:131,0
DA:132,0
DA:134,0
DA:136,0
DA:140,0
DA:144,0
DA:146,0
LF:54
LH:0
BRDA:2,0,0,0
BRDA:2,0,1,0
BRDA:29,1,0,0
BRDA:47,2,0,0
BRDA:53,3,0,0
BRDA:53,4,0,0
BRDA:53,4,1,0
BRDA:64,5,0,0
BRDA:64,6,0,0
BRDA:64,6,1,0
BRDA:77,7,0,0
BRDA:77,7,1,0
BRDA:88,8,0,0
BRDA:88,8,1,0
BRDA:126,9,0,0
BRDA:129,10,0,0
BRDA:131,11,0,0
BRDA:140,12,0,0
BRDA:140,12,1,0
BRDA:144,13,0,0
BRDA:144,13,1,0
BRF:21
BRH:0
end_of_record
TN:
SF:force-app/main/default/lwc/requirementRuleBuilder/requirementRuleBuilder.js
FN:4,_interopRequireDefault
FN:35,(anonymous_3)
FN:54,(anonymous_4)
FN:58,(anonymous_5)
FN:62,(anonymous_6)
FN:70,(anonymous_7)
FN:79,(anonymous_8)
FN:84,(anonymous_9)
FN:89,(anonymous_10)
FN:94,(anonymous_11)
FN:121,(anonymous_12)
FN:126,(anonymous_13)
FN:136,(anonymous_14)
FNF:13
FNH:0
FNDA:0,_interopRequireDefault
FNDA:0,(anonymous_3)
FNDA:0,(anonymous_4)
FNDA:0,(anonymous_5)
FNDA:0,(anonymous_6)
FNDA:0,(anonymous_7)
FNDA:0,(anonymous_8)
FNDA:0,(anonymous_9)
FNDA:0,(anonymous_10)
FNDA:0,(anonymous_11)
FNDA:0,(anonymous_12)
FNDA:0,(anonymous_13)
FNDA:0,(anonymous_14)
DA:1,0
DA:4,0
DA:6,0
DA:21,0
DA:35,0
DA:36,0
DA:37,0
DA:38,0
DA:40,0
DA:46,0
DA:55,0
DA:59,0
DA:63,0
DA:64,0
DA:66,0
DA:71,0
DA:72,0
DA:73,0
DA:74,0
DA:75,0
DA:80,0
DA:81,0
DA:85,0
DA:86,0
DA:90,0
DA:91,0
DA:95,0
DA:96,0
DA:97,0
DA:99,0
DA:100,0
DA:112,0
DA:113,0
DA:114,0
DA:115,0
DA:117,0
DA:122,0
DA:123,0
DA:127,0
DA:137,0
DA:138,0
DA:140,0
DA:142,0
LF:43
LH:0
BRDA:4,0,0,0
BRDA:4,0,1,0
BRDA:59,1,0,0
BRDA:59,1,1,0
BRDA:73,2,0,0
BRDA:95,3,0,0
BRDA:95,4,0,0
BRDA:95,4,1,0
BRDA:95,4,2,0
BRDA:95,4,3,0
BRDA:137,5,0,0
BRDA:137,6,0,0
BRDA:137,6,1,0
BRDA:137,6,2,0
BRDA:140,7,0,0
BRDA:140,7,1,0
BRF:16
BRH:0
end_of_record
TN:
SF:force-app/main/default/lwc/validationFailuresPanel/validationFailuresPanel.js
FN:1,_interopRequireDefault
FN:15,(anonymous_2)
FN:38,(anonymous_3)
FN:42,(anonymous_4)
FN:57,(anonymous_5)
FN:62,(anonymous_6)
FNF:6
FNH:0
FNDA:0,_interopRequireDefault
FNDA:0,(anonymous_2)
FNDA:0,(anonymous_3)
FNDA:0,(anonymous_4)
FNDA:0,(anonymous_5)
FNDA:0,(anonymous_6)
DA:1,0
DA:4,0
DA:15,0
DA:16,0
DA:17,0
DA:18,0
DA:19,0
DA:21,0
DA:28,0
DA:39,0
DA:43,0
DA:44,0
DA:45,0
DA:49,0
DA:53,0
DA:58,0
DA:59,0
DA:63,0
DA:64,0
DA:66,0
LF:20
LH:0
BRDA:1,0,0,0
BRDA:1,0,1,0
BRDA:47,1,0,0
BRDA:47,1,1,0
BRF:4
BRH:0
end_of_record
TN:
SF:force-app/main/default/lwc/validationFailuresTab/validationFailuresTab.js
FN:3,_interopRequireDefault
FN:8,(anonymous_4)
FN:50,(anonymous_5)
FN:62,(anonymous_6)
FN:79,(anonymous_7)
FN:82,(anonymous_8)
FN:87,(anonymous_9)
FN:93,(anonymous_10)
FN:103,(anonymous_11)
FN:111,(anonymous_12)
FN:120,(anonymous_13)
FN:124,(anonymous_14)
FN:129,(anonymous_15)
FN:135,(anonymous_16)
FN:136,(anonymous_17)
FN:137,(anonymous_18)
FN:141,(anonymous_19)
FN:146,(anonymous_20)
FN:153,(anonymous_21)
FN:157,(anonymous_22)
FN:164,(anonymous_23)
FN:166,(anonymous_24)
FN:167,(anonymous_25)
FN:171,(anonymous_26)
FN:178,(anonymous_27)
FN:189,(anonymous_28)
FN:192,(anonymous_29)
FN:200,(anonymous_30)
FN:208,(anonymous_31)
FN:216,(anonymous_32)
FN:224,(anonymous_33)
FN:232,(anonymous_34)
FN:239,(anonymous_35)
FN:240,(anonymous_36)
FN:254,(anonymous_37)
FN:46,(anonymous_38)
FNF:36
FNH:0
FNDA:0,_interopRequireDefault
FNDA:0,(anonymous_4)
FNDA:0,(anonymous_5)
FNDA:0,(anonymous_6)
FNDA:0,(anonymous_7)
FNDA:0,(anonymous_8)
FNDA:0,(anonymous_9)
FNDA:0,(anonymous_10)
FNDA:0,(anonymous_11)
FNDA:0,(anonymous_12)
FNDA:0,(anonymous_13)
FNDA:0,(anonymous_14)
FNDA:0,(anonymous_15)
FNDA:0,(anonymous_16)
FNDA:0,(anonymous_17)
FNDA:0,(anonymous_18)
FNDA:0,(anonymous_19)
FNDA:0,(anonymous_20)
FNDA:0,(anonymous_21)
FNDA:0,(anonymous_22)
FNDA:0,(anonymous_23)
FNDA:0,(anonymous_24)
FNDA:0,(anonymous_25)
FNDA:0,(anonymous_26)
FNDA:0,(anonymous_27)
FNDA:0,(anonymous_28)
FNDA:0,(anonymous_29)
FNDA:0,(anonymous_30)
FNDA:0,(anonymous_31)
FNDA:0,(anonymous_32)
FNDA:0,(anonymous_33)
FNDA:0,(anonymous_34)
FNDA:0,(anonymous_35)
FNDA:0,(anonymous_36)
FNDA:0,(anonymous_37)
FNDA:0,(anonymous_38)
DA:1,0
DA:2,0
DA:3,0
DA:8,0
DA:9,0
DA:10,0
DA:11,0
DA:12,0
DA:13,0
DA:18,0
DA:19,0
DA:46,0
DA:48,0
DA:51,0
DA:52,0
DA:53,0
DA:54,0
DA:55,0
DA:56,0
DA:57,0
DA:58,0
DA:63,0
DA:64,0
DA:66,0
DA:68,0
DA:69,0
DA:71,0
DA:72,0
DA:74,0
DA:75,0
DA:80,0
DA:81,0
DA:83,0
DA:85,0
DA:88,0
DA:89,0
DA:94,0
DA:104,0
DA:112,0
DA:121,0
DA:125,0
DA:126,0
DA:130,0
DA:131,0
DA:132,0
DA:135,0
DA:136,0
DA:137,0
DA:138,0
DA:142,0
DA:143,0
DA:147,0
DA:148,0
DA:149,0
DA:150,0
DA:154,0
DA:158,0
DA:159,0
DA:160,0
DA:163,0
DA:164,0
DA:166,0
DA:168,0
DA:169,0
DA:172,0
DA:173,0
DA:174,0
DA:179,0
DA:180,0
DA:181,0
DA:184,0
DA:185,0
DA:186,0
DA:190,0
DA:191,0
DA:192,0
DA:193,0
DA:196,0
DA:197,0
DA:201,0
DA:209,0
DA:217,0
DA:225,0
DA:233,0
DA:234,0
DA:236,0
DA:237,0
DA:239,0
DA:240,0
DA:241,0
DA:242,0
DA:243,0
DA:245,0
DA:246,0
DA:248,0
DA:251,0
DA:255,0
DA:256,0
DA:257,0
DA:258,0
DA:259,0
DA:260,0
DA:261,0
DA:262,0
DA:263,0
DA:265,0
LF:106
LH:0
BRDA:3,0,0,0
BRDA:3,0,1,0
BRDA:53,1,0,0
BRDA:53,1,1,0
BRDA:56,2,0,0
BRDA:66,3,0,0
BRDA:66,3,1,0
BRDA:66,3,2,0
BRDA:121,4,0,0
BRDA:121,4,1,0
BRDA:130,5,0,0
BRDA:130,6,0,0
BRDA:130,6,1,0
BRDA:158,7,0,0
BRDA:172,8,0,0
BRDA:172,8,1,0
BRDA:172,9,0,0
BRDA:172,9,1,0
BRDA:172,9,2,0
BRDA:179,10,0,0
BRDA:179,11,0,0
BRDA:179,11,1,0
BRDA:191,12,0,0
BRDA:241,13,0,0
BRDA:241,13,1,0
BRDA:241,14,0,0
BRDA:241,14,1,0
BRDA:242,15,0,0
BRF:28
BRH:0
end_of_record
TN:
SF:force-app/main/default/lwc/validationRuleBuilder/validationRuleBuilder.js
FN:2,_interopRequireDefault
FN:8,(anonymous_5)
FN:49,(anonymous_6)
FN:50,(anonymous_7)
FN:56,(anonymous_8)
FN:60,(anonymous_9)
FN:64,(anonymous_10)
FN:71,(anonymous_11)
FN:73,(anonymous_12)
FN:76,(anonymous_13)
FN:82,(anonymous_14)
FN:87,(anonymous_15)
FN:98,(anonymous_16)
FN:106,(anonymous_17)
FN:117,(anonymous_18)
FN:126,(anonymous_19)
FN:133,(anonymous_20)
FN:156,(anonymous_21)
FN:165,(anonymous_22)
FN:172,(anonymous_23)
FN:184,(anonymous_24)
FN:192,(anonymous_25)
FN:199,(anonymous_26)
FN:203,(anonymous_27)
FN:207,(anonymous_28)
FN:208,(anonymous_29)
FN:214,(anonymous_30)
FN:221,(anonymous_31)
FN:225,(anonymous_32)
FN:229,(anonymous_33)
FN:237,(anonymous_34)
FN:245,(anonymous_35)
FNF:32
FNH:0
FNDA:0,_interopRequireDefault
FNDA:0,(anonymous_5)
FNDA:0,(anonymous_6)
FNDA:0,(anonymous_7)
FNDA:0,(anonymous_8)
FNDA:0,(anonymous_9)
FNDA:0,(anonymous_10)
FNDA:0,(anonymous_11)
FNDA:0,(anonymous_12)
FNDA:0,(anonymous_13)
FNDA:0,(anonymous_14)
FNDA:0,(anonymous_15)
FNDA:0,(anonymous_16)
FNDA:0,(anonymous_17)
FNDA:0,(anonymous_18)
FNDA:0,(anonymous_19)
FNDA:0,(anonymous_20)
FNDA:0,(anonymous_21)
FNDA:0,(anonymous_22)
FNDA:0,(anonymous_23)
FNDA:0,(anonymous_24)
FNDA:0,(anonymous_25)
FNDA:0,(anonymous_26)
FNDA:0,(anonymous_27)
FNDA:0,(anonymous_28)
FNDA:0,(anonymous_29)
FNDA:0,(anonymous_30)
FNDA:0,(anonymous_31)
FNDA:0,(anonymous_32)
FNDA:0,(anonymous_33)
FNDA:0,(anonymous_34)
FNDA:0,(anonymous_35)
DA:1,0
DA:2,0
DA:8,0
DA:9,0
DA:20,0
DA:22,0
DA:23,0
DA:24,0
DA:25,0
DA:26,0
DA:27,0
DA:33,0
DA:39,0
DA:50,0
DA:57,0
DA:61,0
DA:65,0
DA:66,0
DA:67,0
DA:72,0
DA:74,0
DA:77,0
DA:78,0
DA:88,0
DA:89,0
DA:90,0
DA:93,0
DA:94,0
DA:99,0
DA:100,0
DA:101,0
DA:102,0
DA:107,0
DA:108,0
DA:109,0
DA:112,0
DA:113,0
DA:118,0
DA:119,0
DA:120,0
DA:121,0
DA:123,0
DA:127,0
DA:128,0
DA:129,0
DA:134,0
DA:135,0
DA:136,0
DA:139,0
DA:140,0
DA:143,0
DA:144,0
DA:147,0
DA:152,0
DA:157,0
DA:158,0
DA:159,0
DA:160,0
DA:162,0
DA:166,0
DA:167,0
DA:168,0
DA:174,0
DA:175,0
DA:176,0
DA:179,0
DA:180,0
DA:185,0
DA:186,0
DA:188,0
DA:193,0
DA:194,0
DA:195,0
DA:200,0
DA:204,0
DA:208,0
DA:215,0
DA:222,0
DA:226,0
DA:230,0
DA:238,0
DA:246,0
DA:252,0
LF:83
LH:0
BRDA:2,0,0,0
BRDA:2,0,1,0
BRDA:57,1,0,0
BRDA:57,1,1,0
BRDA:61,2,0,0
BRDA:61,2,1,0
BRDA:66,3,0,0
BRDA:93,4,0,0
BRDA:100,5,0,0
BRDA:107,6,0,0
BRDA:120,7,0,0
BRDA:120,7,1,0
BRDA:129,8,0,0
BRDA:129,8,1,0
BRDA:134,9,0,0
BRDA:144,10,0,0
BRDA:144,10,1,0
BRDA:159,11,0,0
BRDA:159,11,1,0
BRDA:160,12,0,0
BRDA:160,12,1,0
BRDA:162,13,0,0
BRDA:162,13,1,0
BRDA:168,14,0,0
BRDA:168,14,1,0
BRDA:174,15,0,0
BRDA:174,16,0,0
BRDA:174,16,1,0
BRDA:174,16,2,0
BRDA:195,17,0,0
BRDA:195,17,1,0
BRDA:215,18,0,0
BRDA:215,18,1,0
BRDA:215,18,2,0
BRDA:215,18,3,0
BRDA:215,18,4,0
BRDA:222,19,0,0
BRDA:222,19,1,0
BRF:38
BRH:0
end_of_record
TN:
SF:force-app/main/default/lwc/validationRuleTester/validationRuleTester.js
FN:4,_interopRequireDefault
FN:6,(anonymous_3)
FN:13,(anonymous_4)
FN:17,(anonymous_5)
FN:20,(anonymous_6)
FN:29,(anonymous_7)
FN:33,(anonymous_8)
FN:37,(anonymous_9)
FN:54,(anonymous_10)
FN:64,(anonymous_11)
FNF:10
FNH:0
FNDA:0,_interopRequireDefault
FNDA:0,(anonymous_3)
FNDA:0,(anonymous_4)
FNDA:0,(anonymous_5)
FNDA:0,(anonymous_6)
FNDA:0,(anonymous_7)
FNDA:0,(anonymous_8)
FNDA:0,(anonymous_9)
FNDA:0,(anonymous_10)
FNDA:0,(anonymous_11)
DA:1,0
DA:4,0
DA:6,0
DA:7,0
DA:8,0
DA:9,0
DA:10,0
DA:14,0
DA:18,0
DA:19,0
DA:20,0
DA:25,0
DA:30,0
DA:34,0
DA:38,0
DA:39,0
DA:40,0
DA:42,0
DA:43,0
DA:44,0
DA:45,0
DA:46,0
DA:48,0
DA:50,0
DA:55,0
DA:65,0
DA:66,0
DA:68,0
DA:70,0
LF:29
LH:0
BRDA:4,0,0,0
BRDA:4,0,1,0
BRDA:21,1,0,0
BRDA:21,1,1,0
BRDA:38,2,0,0
BRDA:65,3,0,0
BRDA:65,4,0,0
BRDA:65,4,1,0
BRDA:65,4,2,0
BRDA:68,5,0,0
BRDA:68,5,1,0
BRDA:68,6,0,0
BRDA:68,6,1,0
BRF:13
BRH:0
end_of_record
TN:
SF:force-app/main/default/lwc/vendorProgramHighlights/vendorProgramHighlights.js
FN:5,_interopRequireDefault
FN:11,(anonymous_1)
FN:21,(anonymous_2)
FN:31,(anonymous_3)
FN:35,(anonymous_4)
FN:39,(anonymous_5)
FN:43,(anonymous_6)
FN:17,(anonymous_7)
FNF:8
FNH:0
FNDA:0,_interopRequireDefault
FNDA:0,(anonymous_1)
FNDA:0,(anonymous_2)
FNDA:0,(anonymous_3)
FNDA:0,(anonymous_4)
FNDA:0,(anonymous_5)
FNDA:0,(anonymous_6)
FNDA:0,(anonymous_7)
DA:1,0
DA:2,0
DA:5,0
DA:11,0
DA:12,0
DA:14,0
DA:17,0
DA:18,0
DA:22,0
DA:23,0
DA:24,0
DA:25,0
DA:26,0
DA:27,0
DA:32,0
DA:36,0
DA:40,0
DA:44,0
DA:46,0
LF:19
LH:0
BRDA:5,0,0,0
BRDA:5,0,1,0
BRDA:22,1,0,0
BRDA:22,1,1,0
BRDA:25,2,0,0
BRDA:44,3,0,0
BRDA:44,3,1,0
BRF:7
BRH:0
end_of_record
TN:
SF:force-app/main/default/lwc/vendorProgramOnboardingWizardModal/vendorProgramOnboardingWizardModal.js
FN:2,_interopRequireDefault
FN:12,(anonymous_9)
FN:109,(anonymous_10)
FN:125,(anonymous_11)
FN:129,(anonymous_12)
FN:152,(anonymous_13)
FN:167,(anonymous_14)
FN:177,(anonymous_15)
FN:178,(anonymous_16)
FN:189,(anonymous_17)
FN:211,(anonymous_18)
FN:220,(anonymous_19)
FN:230,(anonymous_20)
FN:238,(anonymous_21)
FN:243,(anonymous_22)
FN:255,(anonymous_23)
FN:266,(anonymous_24)
FN:282,(anonymous_25)
FN:288,(anonymous_26)
FN:323,(anonymous_27)
FN:334,(anonymous_28)
FN:344,(anonymous_29)
FN:357,(anonymous_30)
FN:361,(anonymous_31)
FN:365,(anonymous_32)
FN:385,(anonymous_33)
FN:386,(anonymous_34)
FN:392,(anonymous_35)
FN:396,(anonymous_36)
FN:400,(anonymous_37)
FN:421,(anonymous_38)
FN:426,(anonymous_39)
FN:435,(anonymous_40)
FN:442,(anonymous_41)
FN:450,(anonymous_42)
FN:456,(anonymous_43)
FN:462,(anonymous_44)
FN:475,(anonymous_45)
FN:490,(anonymous_46)
FN:495,(anonymous_47)
FN:500,(anonymous_48)
FN:166,(anonymous_49)
FN:333,(anonymous_50)
FNF:43
FNH:0
FNDA:0,_interopRequireDefault
FNDA:0,(anonymous_9)
FNDA:0,(anonymous_10)
FNDA:0,(anonymous_11)
FNDA:0,(anonymous_12)
FNDA:0,(anonymous_13)
FNDA:0,(anonymous_14)
FNDA:0,(anonymous_15)
FNDA:0,(anonymous_16)
FNDA:0,(anonymous_17)
FNDA:0,(anonymous_18)
FNDA:0,(anonymous_19)
FNDA:0,(anonymous_20)
FNDA:0,(anonymous_21)
FNDA:0,(anonymous_22)
FNDA:0,(anonymous_23)
FNDA:0,(anonymous_24)
FNDA:0,(anonymous_25)
FNDA:0,(anonymous_26)
FNDA:0,(anonymous_27)
FNDA:0,(anonymous_28)
FNDA:0,(anonymous_29)
FNDA:0,(anonymous_30)
FNDA:0,(anonymous_31)
FNDA:0,(anonymous_32)
FNDA:0,(anonymous_33)
FNDA:0,(anonymous_34)
FNDA:0,(anonymous_35)
FNDA:0,(anonymous_36)
FNDA:0,(anonymous_37)
FNDA:0,(anonymous_38)
FNDA:0,(anonymous_39)
FNDA:0,(anonymous_40)
FNDA:0,(anonymous_41)
FNDA:0,(anonymous_42)
FNDA:0,(anonymous_43)
FNDA:0,(anonymous_44)
FNDA:0,(anonymous_45)
FNDA:0,(anonymous_46)
FNDA:0,(anonymous_47)
FNDA:0,(anonymous_48)
FNDA:0,(anonymous_49)
FNDA:0,(anonymous_50)
DA:1,0
DA:2,0
DA:12,0
DA:13,0
DA:14,0
DA:16,0
DA:17,0
DA:18,0
DA:19,0
DA:22,0
DA:23,0
DA:24,0
DA:25,0
DA:26,0
DA:27,0
DA:30,0
DA:31,0
DA:32,0
DA:33,0
DA:34,0
DA:35,0
DA:36,0
DA:39,0
DA:42,0
DA:43,0
DA:46,0
DA:112,0
DA:114,0
DA:115,0
DA:118,0
DA:119,0
DA:120,0
DA:126,0
DA:130,0
DA:131,0
DA:132,0
DA:133,0
DA:134,0
DA:137,0
DA:138,0
DA:139,0
DA:140,0
DA:143,0
DA:147,0
DA:148,0
DA:150,0
DA:152,0
DA:153,0
DA:157,0
DA:158,0
DA:159,0
DA:161,0
DA:166,0
DA:168,0
DA:169,0
DA:170,0
DA:171,0
DA:172,0
DA:173,0
DA:178,0
DA:179,0
DA:189,0
DA:207,0
DA:212,0
DA:213,0
DA:214,0
DA:215,0
DA:216,0
DA:217,0
DA:221,0
DA:222,0
DA:224,0
DA:225,0
DA:228,0
DA:230,0
DA:231,0
DA:233,0
DA:237,0
DA:238,0
DA:239,0
DA:244,0
DA:245,0
DA:246,0
DA:247,0
DA:249,0
DA:251,0
DA:256,0
DA:257,0
DA:258,0
DA:260,0
DA:262,0
DA:267,0
DA:268,0
DA:270,0
DA:273,0
DA:274,0
DA:277,0
DA:284,0
DA:285,0
DA:289,0
DA:291,0
DA:294,0
DA:296,0
DA:297,0
DA:298,0
DA:299,0
DA:304,0
DA:310,0
DA:311,0
DA:312,0
DA:313,0
DA:316,0
DA:317,0
DA:318,0
DA:324,0
DA:325,0
DA:326,0
DA:327,0
DA:328,0
DA:329,0
DA:333,0
DA:335,0
DA:336,0
DA:337,0
DA:338,0
DA:339,0
DA:340,0
DA:345,0
DA:346,0
DA:348,0
DA:349,0
DA:350,0
DA:351,0
DA:354,0
DA:358,0
DA:362,0
DA:366,0
DA:367,0
DA:368,0
DA:371,0
DA:372,0
DA:373,0
DA:374,0
DA:375,0
DA:376,0
DA:377,0
DA:379,0
DA:381,0
DA:386,0
DA:393,0
DA:397,0
DA:401,0
DA:402,0
DA:403,0
DA:406,0
DA:408,0
DA:414,0
DA:416,0
DA:417,0
DA:423,0
DA:428,0
DA:431,0
DA:436,0
DA:437,0
DA:438,0
DA:443,0
DA:444,0
DA:445,0
DA:451,0
DA:452,0
DA:457,0
DA:458,0
DA:459,0
DA:463,0
DA:464,0
DA:466,0
DA:467,0
DA:469,0
DA:470,0
DA:478,0
DA:480,0
DA:481,0
DA:484,0
DA:485,0
DA:486,0
DA:490,0
DA:491,0
DA:497,0
DA:501,0
DA:506,0
DA:508,0
LF:191
LH:0
BRDA:2,0,0,0
BRDA:2,0,1,0
BRDA:112,1,0,0
BRDA:112,1,1,0
BRDA:126,2,0,0
BRDA:126,2,1,0
BRDA:130,3,0,0
BRDA:147,4,0,0
BRDA:147,4,1,0
BRDA:157,5,0,0
BRDA:157,5,1,0
BRDA:157,5,2,0
BRDA:168,6,0,0
BRDA:168,6,1,0
BRDA:171,7,0,0
BRDA:186,8,0,0
BRDA:186,8,1,0
BRDA:188,9,0,0
BRDA:188,9,1,0
BRDA:189,10,0,0
BRDA:189,10,1,0
BRDA:192,11,0,0
BRDA:192,11,1,0
BRDA:193,12,0,0
BRDA:193,12,1,0
BRDA:194,13,0,0
BRDA:194,13,1,0
BRDA:197,14,0,0
BRDA:197,14,1,0
BRDA:198,15,0,0
BRDA:198,15,1,0
BRDA:199,16,0,0
BRDA:199,16,1,0
BRDA:200,17,0,0
BRDA:200,17,1,0
BRDA:212,18,0,0
BRDA:214,19,0,0
BRDA:215,20,0,0
BRDA:216,21,0,0
BRDA:221,22,0,0
BRDA:221,22,1,0
BRDA:224,23,0,0
BRDA:228,24,0,0
BRDA:228,25,0,0
BRDA:228,25,1,0
BRDA:270,26,0,0
BRDA:273,27,0,0
BRDA:273,27,1,0
BRDA:296,28,0,0
BRDA:316,29,0,0
BRDA:316,29,1,0
BRDA:316,29,2,0
BRDA:335,30,0,0
BRDA:335,30,1,0
BRDA:338,31,0,0
BRDA:345,32,0,0
BRDA:345,32,1,0
BRDA:348,33,0,0
BRDA:348,34,0,0
BRDA:348,34,1,0
BRDA:366,35,0,0
BRDA:366,36,0,0
BRDA:366,36,1,0
BRDA:401,37,0,0
BRDA:416,38,0,0
BRDA:416,38,1,0
BRDA:416,38,2,0
BRDA:437,39,0,0
BRDA:444,40,0,0
BRDA:451,41,0,0
BRDA:457,42,0,0
BRDA:457,42,1,0
BRDA:458,43,0,0
BRDA:458,43,1,0
BRDA:459,44,0,0
BRDA:459,44,1,0
BRDA:464,45,0,0
BRDA:466,46,0,0
BRDA:469,47,0,0
BRDA:478,48,0,0
BRDA:478,48,1,0
BRF:81
BRH:0
end_of_record
TN:
SF:force-app/main/default/lwc/vendorProgramQuickActions/vendorProgramQuickActions.js
FN:13,_interopRequireDefault
FN:15,(anonymous_10)
FN:58,(anonymous_11)
FN:63,(anonymous_12)
FN:68,(anonymous_13)
FN:73,(anonymous_14)
FN:78,(anonymous_15)
FN:82,(anonymous_16)
FN:94,(anonymous_17)
FN:101,(anonymous_18)
FN:105,(anonymous_19)
FN:120,(anonymous_20)
FN:125,(anonymous_21)
FN:129,(anonymous_22)
FN:146,(anonymous_23)
FN:147,(anonymous_24)
FN:153,(anonymous_25)
FN:161,(anonymous_26)
FN:168,(anonymous_27)
FN:172,(anonymous_28)
FN:189,(anonymous_29)
FN:194,(anonymous_30)
FN:198,(anonymous_31)
FN:217,(anonymous_32)
FN:218,(anonymous_33)
FN:224,(anonymous_34)
FN:232,(anonymous_35)
FN:239,(anonymous_36)
FN:243,(anonymous_37)
FN:260,(anonymous_38)
FN:265,(anonymous_39)
FN:269,(anonymous_40)
FN:302,(anonymous_41)
FN:303,(anonymous_42)
FN:309,(anonymous_43)
FN:317,(anonymous_44)
FN:324,(anonymous_45)
FN:328,(anonymous_46)
FN:345,(anonymous_47)
FN:350,(anonymous_48)
FN:354,(anonymous_49)
FN:373,(anonymous_50)
FN:374,(anonymous_51)
FN:380,(anonymous_52)
FN:388,(anonymous_53)
FN:395,(anonymous_54)
FNF:46
FNH:0
FNDA:0,_interopRequireDefault
FNDA:0,(anonymous_10)
FNDA:0,(anonymous_11)
FNDA:0,(anonymous_12)
FNDA:0,(anonymous_13)
FNDA:0,(anonymous_14)
FNDA:0,(anonymous_15)
FNDA:0,(anonymous_16)
FNDA:0,(anonymous_17)
FNDA:0,(anonymous_18)
FNDA:0,(anonymous_19)
FNDA:0,(anonymous_20)
FNDA:0,(anonymous_21)
FNDA:0,(anonymous_22)
FNDA:0,(anonymous_23)
FNDA:0,(anonymous_24)
FNDA:0,(anonymous_25)
FNDA:0,(anonymous_26)
FNDA:0,(anonymous_27)
FNDA:0,(anonymous_28)
FNDA:0,(anonymous_29)
FNDA:0,(anonymous_30)
FNDA:0,(anonymous_31)
FNDA:0,(anonymous_32)
FNDA:0,(anonymous_33)
FNDA:0,(anonymous_34)
FNDA:0,(anonymous_35)
FNDA:0,(anonymous_36)
FNDA:0,(anonymous_37)
FNDA:0,(anonymous_38)
FNDA:0,(anonymous_39)
FNDA:0,(anonymous_40)
FNDA:0,(anonymous_41)
FNDA:0,(anonymous_42)
FNDA:0,(anonymous_43)
FNDA:0,(anonymous_44)
FNDA:0,(anonymous_45)
FNDA:0,(anonymous_46)
FNDA:0,(anonymous_47)
FNDA:0,(anonymous_48)
FNDA:0,(anonymous_49)
FNDA:0,(anonymous_50)
FNDA:0,(anonymous_51)
FNDA:0,(anonymous_52)
FNDA:0,(anonymous_53)
FNDA:0,(anonymous_54)
DA:1,0
DA:2,0
DA:3,0
DA:13,0
DA:15,0
DA:16,0
DA:18,0
DA:19,0
DA:20,0
DA:21,0
DA:24,0
DA:25,0
DA:26,0
DA:27,0
DA:28,0
DA:31,0
DA:32,0
DA:33,0
DA:34,0
DA:35,0
DA:38,0
DA:39,0
DA:40,0
DA:41,0
DA:42,0
DA:45,0
DA:46,0
DA:47,0
DA:48,0
DA:49,0
DA:59,0
DA:60,0
DA:64,0
DA:65,0
DA:69,0
DA:70,0
DA:74,0
DA:75,0
DA:79,0
DA:83,0
DA:84,0
DA:85,0
DA:86,0
DA:87,0
DA:95,0
DA:96,0
DA:97,0
DA:98,0
DA:102,0
DA:106,0
DA:107,0
DA:108,0
DA:110,0
DA:111,0
DA:112,0
DA:114,0
DA:116,0
DA:121,0
DA:122,0
DA:126,0
DA:130,0
DA:131,0
DA:132,0
DA:134,0
DA:135,0
DA:136,0
DA:137,0
DA:138,0
DA:139,0
DA:141,0
DA:142,0
DA:147,0
DA:154,0
DA:162,0
DA:163,0
DA:164,0
DA:165,0
DA:169,0
DA:173,0
DA:174,0
DA:175,0
DA:177,0
DA:178,0
DA:179,0
DA:183,0
DA:185,0
DA:190,0
DA:191,0
DA:195,0
DA:199,0
DA:200,0
DA:201,0
DA:203,0
DA:204,0
DA:207,0
DA:208,0
DA:209,0
DA:210,0
DA:212,0
DA:213,0
DA:218,0
DA:225,0
DA:233,0
DA:234,0
DA:235,0
DA:236,0
DA:240,0
DA:244,0
DA:245,0
DA:246,0
DA:248,0
DA:249,0
DA:250,0
DA:254,0
DA:256,0
DA:261,0
DA:262,0
DA:266,0
DA:270,0
DA:271,0
DA:272,0
DA:274,0
DA:275,0
DA:278,0
DA:280,0
DA:281,0
DA:282,0
DA:286,0
DA:289,0
DA:292,0
DA:294,0
DA:295,0
DA:297,0
DA:298,0
DA:303,0
DA:310,0
DA:318,0
DA:319,0
DA:320,0
DA:321,0
DA:325,0
DA:329,0
DA:330,0
DA:331,0
DA:333,0
DA:334,0
DA:335,0
DA:339,0
DA:341,0
DA:346,0
DA:347,0
DA:351,0
DA:355,0
DA:356,0
DA:357,0
DA:359,0
DA:360,0
DA:363,0
DA:364,0
DA:365,0
DA:366,0
DA:368,0
DA:369,0
DA:374,0
DA:381,0
DA:390,0
DA:391,0
DA:396,0
DA:401,0
DA:403,0
LF:170
LH:0
BRDA:13,0,0,0
BRDA:13,0,1,0
BRDA:106,1,0,0
BRDA:106,2,0,0
BRDA:106,2,1,0
BRDA:130,3,0,0
BRDA:130,4,0,0
BRDA:130,4,1,0
BRDA:141,5,0,0
BRDA:141,5,1,0
BRDA:141,5,2,0
BRDA:173,6,0,0
BRDA:173,7,0,0
BRDA:173,7,1,0
BRDA:199,8,0,0
BRDA:199,9,0,0
BRDA:199,9,1,0
BRDA:212,10,0,0
BRDA:212,10,1,0
BRDA:212,10,2,0
BRDA:244,11,0,0
BRDA:244,12,0,0
BRDA:244,12,1,0
BRDA:270,13,0,0
BRDA:270,14,0,0
BRDA:270,14,1,0
BRDA:280,15,0,0
BRDA:280,15,1,0
BRDA:280,16,0,0
BRDA:280,16,1,0
BRDA:297,17,0,0
BRDA:297,17,1,0
BRDA:297,17,2,0
BRDA:329,18,0,0
BRDA:329,19,0,0
BRDA:329,19,1,0
BRDA:355,20,0,0
BRDA:355,21,0,0
BRDA:355,21,1,0
BRDA:368,22,0,0
BRDA:368,22,1,0
BRDA:368,22,2,0
BRDA:390,23,0,0
BRF:43
BRH:0
end_of_record
TN:
SF:force-app/main/default/lwc/vendorSelector/vendorSelector.js
FN:1,_interopRequireDefault
FN:3,(anonymous_1)
FN:16,(anonymous_2)
FN:21,(anonymous_3)
FN:27,(anonymous_4)
FN:36,(anonymous_5)
FN:42,(anonymous_6)
FN:45,(anonymous_7)
FN:46,(anonymous_8)
FN:54,(anonymous_9)
FN:59,(anonymous_10)
FN:65,(anonymous_11)
FN:67,(anonymous_12)
FN:71,(anonymous_13)
FN:77,(anonymous_14)
FN:81,(anonymous_15)
FN:85,(anonymous_16)
FN:86,(anonymous_17)
FN:90,(anonymous_18)
FN:94,(anonymous_19)
FNF:20
FNH:0
FNDA:0,_interopRequireDefault
FNDA:0,(anonymous_1)
FNDA:0,(anonymous_2)
FNDA:0,(anonymous_3)
FNDA:0,(anonymous_4)
FNDA:0,(anonymous_5)
FNDA:0,(anonymous_6)
FNDA:0,(anonymous_7)
FNDA:0,(anonymous_8)
FNDA:0,(anonymous_9)
FNDA:0,(anonymous_10)
FNDA:0,(anonymous_11)
FNDA:0,(anonymous_12)
FNDA:0,(anonymous_13)
FNDA:0,(anonymous_14)
FNDA:0,(anonymous_15)
FNDA:0,(anonymous_16)
FNDA:0,(anonymous_17)
FNDA:0,(anonymous_18)
FNDA:0,(anonymous_19)
DA:1,0
DA:3,0
DA:4,0
DA:5,0
DA:7,0
DA:8,0
DA:9,0
DA:10,0
DA:12,0
DA:13,0
DA:17,0
DA:18,0
DA:20,0
DA:21,0
DA:22,0
DA:23,0
DA:27,0
DA:37,0
DA:38,0
DA:39,0
DA:41,0
DA:42,0
DA:45,0
DA:46,0
DA:51,0
DA:55,0
DA:56,0
DA:58,0
DA:60,0
DA:64,0
DA:65,0
DA:66,0
DA:67,0
DA:71,0
DA:78,0
DA:82,0
DA:86,0
DA:87,0
DA:91,0
DA:95,0
DA:97,0
LF:41
LH:0
BRDA:1,0,0,0
BRDA:1,0,1,0
BRDA:18,1,0,0
BRDA:18,1,1,0
BRDA:22,2,0,0
BRDA:60,3,0,0
BRDA:60,3,1,0
BRDA:66,4,0,0
BRDA:87,5,0,0
BRDA:87,5,1,0
BRF:10
BRH:0
end_of_record
TN:
SF:force-app/unpackaged/lwc/onboardingECC/onboardingECC.js
FN:1,_interopRequireDefault
FN:4,(anonymous_2)
FN:10,(anonymous_3)
FN:9,(anonymous_4)
FNF:4
FNH:0
FNDA:0,_interopRequireDefault
FNDA:0,(anonymous_2)
FNDA:0,(anonymous_3)
FNDA:0,(anonymous_4)
DA:1,0
DA:4,0
DA:5,0
DA:6,0
DA:9,0
DA:11,0
DA:12,0
DA:13,0
DA:14,0
DA:15,0
DA:16,0
DA:19,0
LF:12
LH:0
BRDA:1,0,0,0
BRDA:1,0,1,0
BRDA:11,1,0,0
BRDA:11,1,1,0
BRDA:14,2,0,0
BRF:5
BRH:0
end_of_record
TN:
SF:force-app/unpackaged/lwc/onboardingOrderStatusViewer/onboardingOrderStatusViewer.js
FN:1,_interopRequireDefault
FN:4,(anonymous_2)
FN:22,(anonymous_3)
FN:24,(anonymous_4)
FN:53,(anonymous_5)
FN:21,(anonymous_6)
FNF:6
FNH:0
FNDA:0,_interopRequireDefault
FNDA:0,(anonymous_2)
FNDA:0,(anonymous_3)
FNDA:0,(anonymous_4)
FNDA:0,(anonymous_5)
FNDA:0,(anonymous_6)
DA:1,0
DA:4,0
DA:5,0
DA:6,0
DA:7,0
DA:21,0
DA:23,0
DA:24,0
DA:25,0
DA:26,0
DA:28,0
DA:29,0
DA:30,0
DA:33,0
DA:35,0
DA:36,0
DA:39,0
DA:40,0
DA:43,0
DA:46,0
DA:47,0
DA:48,0
DA:49,0
DA:54,0
DA:56,0
LF:25
LH:0
BRDA:1,0,0,0
BRDA:1,0,1,0
BRDA:23,1,0,0
BRDA:23,1,1,0
BRDA:28,2,0,0
BRDA:28,3,0,0
BRDA:28,3,1,0
BRDA:33,4,0,0
BRDA:35,5,0,0
BRDA:39,6,0,0
BRDA:47,7,0,0
BRDA:54,8,0,0
BRDA:54,8,1,0
BRF:13
BRH:0
end_of_record
TN:
SF:force-app/unpackaged/lwc/onboardingStatusRuleForm/onboardingStatusRuleForm.js
FN:1,_interopRequireDefault
FN:3,(anonymous_1)
FN:7,(anonymous_2)
FN:11,(anonymous_3)
FN:17,(anonymous_4)
FNF:5
FNH:0
FNDA:0,_interopRequireDefault
FNDA:0,(anonymous_1)
FNDA:0,(anonymous_2)
FNDA:0,(anonymous_3)
FNDA:0,(anonymous_4)
DA:1,0
DA:3,0
DA:4,0
DA:8,0
DA:12,0
DA:18,0
DA:20,0
LF:7
LH:0
BRDA:1,0,0,0
BRDA:1,0,1,0
BRF:2
BRH:0
end_of_record
TN:
SF:force-app/unpackaged/lwc/vendorOnboardingPicker/vendorOnboardingPicker.js
FN:1,_interopRequireDefault
FN:3,(anonymous_1)
FN:22,(anonymous_2)
FN:25,(anonymous_3)
FN:35,(anonymous_4)
FN:37,(anonymous_5)
FN:40,(anonymous_6)
FN:55,(anonymous_7)
FN:60,(anonymous_8)
FN:63,(anonymous_9)
FN:72,(anonymous_10)
FN:77,(anonymous_11)
FNF:12
FNH:0
FNDA:0,_interopRequireDefault
FNDA:0,(anonymous_1)
FNDA:0,(anonymous_2)
FNDA:0,(anonymous_3)
FNDA:0,(anonymous_4)
FNDA:0,(anonymous_5)
FNDA:0,(anonymous_6)
FNDA:0,(anonymous_7)
FNDA:0,(anonymous_8)
FNDA:0,(anonymous_9)
FNDA:0,(anonymous_10)
FNDA:0,(anonymous_11)
DA:1,0
DA:3,0
DA:4,0
DA:6,0
DA:7,0
DA:8,0
DA:10,0
DA:11,0
DA:12,0
DA:13,0
DA:15,0
DA:17,0
DA:18,0
DA:23,0
DA:24,0
DA:25,0
DA:30,0
DA:36,0
DA:37,0
DA:38,0
DA:40,0
DA:45,0
DA:46,0
DA:47,0
DA:49,0
DA:50,0
DA:52,0
DA:56,0
DA:57,0
DA:59,0
DA:60,0
DA:63,0
DA:68,0
DA:69,0
DA:73,0
DA:74,0
DA:78,0
DA:87,0
LF:38
LH:0
BRDA:1,0,0,0
BRDA:1,0,1,0
BRDA:40,1,0,0
BRDA:40,1,1,0
BRDA:63,2,0,0
BRDA:63,2,1,0
BRF:6
BRH:0
end_of_record
